<?xml version="1.0" encoding="UTF-8"?>
<coverage generated="1754555265330" clover="3.2.0">
  <project timestamp="1754555265330" name="All files">
    <metrics statements="5813" coveredstatements="1978" conditionals="344" coveredconditionals="223" methods="190" coveredmethods="55" elements="6347" coveredelements="2256" complexity="0" loc="5813" ncloc="5813" packages="11" files="76" classes="76"/>
    <package name="keyword-lens">
      <metrics statements="217" coveredstatements="0" conditionals="3" coveredconditionals="1" methods="3" coveredmethods="1"/>
      <file name="debug-browser.js" path="C:\Users\Administrator\Repos\LovableGUI\keyword-lens\debug-browser.js">
        <metrics statements="72" coveredstatements="0" conditionals="1" coveredconditionals="0" methods="1" coveredmethods="0"/>
        <line num="1" count="0" type="cond" truecount="0" falsecount="1"/>
        <line num="2" count="0" type="stmt"/>
        <line num="3" count="0" type="stmt"/>
        <line num="4" count="0" type="stmt"/>
        <line num="5" count="0" type="stmt"/>
        <line num="6" count="0" type="stmt"/>
        <line num="7" count="0" type="stmt"/>
        <line num="8" count="0" type="stmt"/>
        <line num="9" count="0" type="stmt"/>
        <line num="10" count="0" type="stmt"/>
        <line num="11" count="0" type="stmt"/>
        <line num="12" count="0" type="stmt"/>
        <line num="13" count="0" type="stmt"/>
        <line num="14" count="0" type="stmt"/>
        <line num="15" count="0" type="stmt"/>
        <line num="16" count="0" type="stmt"/>
        <line num="17" count="0" type="stmt"/>
        <line num="18" count="0" type="stmt"/>
        <line num="19" count="0" type="stmt"/>
        <line num="20" count="0" type="stmt"/>
        <line num="21" count="0" type="stmt"/>
        <line num="22" count="0" type="stmt"/>
        <line num="23" count="0" type="stmt"/>
        <line num="24" count="0" type="stmt"/>
        <line num="25" count="0" type="stmt"/>
        <line num="26" count="0" type="stmt"/>
        <line num="27" count="0" type="stmt"/>
        <line num="28" count="0" type="stmt"/>
        <line num="29" count="0" type="stmt"/>
        <line num="30" count="0" type="stmt"/>
        <line num="31" count="0" type="stmt"/>
        <line num="32" count="0" type="stmt"/>
        <line num="33" count="0" type="stmt"/>
        <line num="34" count="0" type="stmt"/>
        <line num="35" count="0" type="stmt"/>
        <line num="36" count="0" type="stmt"/>
        <line num="37" count="0" type="stmt"/>
        <line num="38" count="0" type="stmt"/>
        <line num="39" count="0" type="stmt"/>
        <line num="40" count="0" type="stmt"/>
        <line num="41" count="0" type="stmt"/>
        <line num="42" count="0" type="stmt"/>
        <line num="43" count="0" type="stmt"/>
        <line num="44" count="0" type="stmt"/>
        <line num="45" count="0" type="stmt"/>
        <line num="46" count="0" type="stmt"/>
        <line num="47" count="0" type="stmt"/>
        <line num="48" count="0" type="stmt"/>
        <line num="49" count="0" type="stmt"/>
        <line num="50" count="0" type="stmt"/>
        <line num="51" count="0" type="stmt"/>
        <line num="52" count="0" type="stmt"/>
        <line num="53" count="0" type="stmt"/>
        <line num="54" count="0" type="stmt"/>
        <line num="55" count="0" type="stmt"/>
        <line num="56" count="0" type="stmt"/>
        <line num="57" count="0" type="stmt"/>
        <line num="58" count="0" type="stmt"/>
        <line num="59" count="0" type="stmt"/>
        <line num="60" count="0" type="stmt"/>
        <line num="61" count="0" type="stmt"/>
        <line num="62" count="0" type="stmt"/>
        <line num="63" count="0" type="stmt"/>
        <line num="64" count="0" type="stmt"/>
        <line num="65" count="0" type="stmt"/>
        <line num="66" count="0" type="stmt"/>
        <line num="67" count="0" type="stmt"/>
        <line num="68" count="0" type="stmt"/>
        <line num="69" count="0" type="stmt"/>
        <line num="70" count="0" type="stmt"/>
        <line num="71" count="0" type="stmt"/>
        <line num="72" count="0" type="stmt"/>
      </file>
      <file name="postcss.config.js" path="C:\Users\Administrator\Repos\LovableGUI\keyword-lens\postcss.config.js">
        <metrics statements="6" coveredstatements="0" conditionals="1" coveredconditionals="0" methods="1" coveredmethods="0"/>
        <line num="1" count="0" type="cond" truecount="0" falsecount="1"/>
        <line num="2" count="0" type="stmt"/>
        <line num="3" count="0" type="stmt"/>
        <line num="4" count="0" type="stmt"/>
        <line num="5" count="0" type="stmt"/>
        <line num="6" count="0" type="stmt"/>
      </file>
      <file name="tailwind.config.ts" path="C:\Users\Administrator\Repos\LovableGUI\keyword-lens\tailwind.config.ts">
        <metrics statements="139" coveredstatements="0" conditionals="1" coveredconditionals="1" methods="1" coveredmethods="1"/>
        <line num="3" count="0" type="stmt"/>
        <line num="4" count="0" type="stmt"/>
        <line num="5" count="0" type="stmt"/>
        <line num="6" count="0" type="stmt"/>
        <line num="7" count="0" type="stmt"/>
        <line num="8" count="0" type="stmt"/>
        <line num="9" count="0" type="stmt"/>
        <line num="10" count="0" type="stmt"/>
        <line num="11" count="0" type="stmt"/>
        <line num="12" count="0" type="stmt"/>
        <line num="13" count="0" type="stmt"/>
        <line num="14" count="0" type="stmt"/>
        <line num="15" count="0" type="stmt"/>
        <line num="16" count="0" type="stmt"/>
        <line num="17" count="0" type="stmt"/>
        <line num="18" count="0" type="stmt"/>
        <line num="19" count="0" type="stmt"/>
        <line num="20" count="0" type="stmt"/>
        <line num="21" count="0" type="stmt"/>
        <line num="22" count="0" type="stmt"/>
        <line num="23" count="0" type="stmt"/>
        <line num="24" count="0" type="stmt"/>
        <line num="25" count="0" type="stmt"/>
        <line num="26" count="0" type="stmt"/>
        <line num="27" count="0" type="stmt"/>
        <line num="28" count="0" type="stmt"/>
        <line num="29" count="0" type="stmt"/>
        <line num="30" count="0" type="stmt"/>
        <line num="31" count="0" type="stmt"/>
        <line num="32" count="0" type="stmt"/>
        <line num="33" count="0" type="stmt"/>
        <line num="34" count="0" type="stmt"/>
        <line num="35" count="0" type="stmt"/>
        <line num="36" count="0" type="stmt"/>
        <line num="37" count="0" type="stmt"/>
        <line num="38" count="0" type="stmt"/>
        <line num="39" count="0" type="stmt"/>
        <line num="40" count="0" type="stmt"/>
        <line num="41" count="0" type="stmt"/>
        <line num="42" count="0" type="stmt"/>
        <line num="43" count="0" type="stmt"/>
        <line num="44" count="0" type="stmt"/>
        <line num="45" count="0" type="stmt"/>
        <line num="46" count="0" type="stmt"/>
        <line num="47" count="0" type="stmt"/>
        <line num="48" count="0" type="stmt"/>
        <line num="49" count="0" type="stmt"/>
        <line num="50" count="0" type="stmt"/>
        <line num="51" count="0" type="stmt"/>
        <line num="52" count="0" type="stmt"/>
        <line num="53" count="0" type="stmt"/>
        <line num="54" count="0" type="stmt"/>
        <line num="55" count="0" type="stmt"/>
        <line num="56" count="0" type="stmt"/>
        <line num="57" count="0" type="stmt"/>
        <line num="58" count="0" type="stmt"/>
        <line num="59" count="0" type="stmt"/>
        <line num="60" count="0" type="stmt"/>
        <line num="61" count="0" type="stmt"/>
        <line num="62" count="0" type="stmt"/>
        <line num="63" count="0" type="stmt"/>
        <line num="64" count="0" type="stmt"/>
        <line num="65" count="0" type="stmt"/>
        <line num="66" count="0" type="stmt"/>
        <line num="67" count="0" type="stmt"/>
        <line num="68" count="0" type="stmt"/>
        <line num="69" count="0" type="stmt"/>
        <line num="70" count="0" type="stmt"/>
        <line num="71" count="0" type="stmt"/>
        <line num="72" count="0" type="stmt"/>
        <line num="73" count="0" type="stmt"/>
        <line num="74" count="0" type="stmt"/>
        <line num="75" count="0" type="stmt"/>
        <line num="76" count="0" type="stmt"/>
        <line num="77" count="0" type="stmt"/>
        <line num="78" count="0" type="stmt"/>
        <line num="79" count="0" type="stmt"/>
        <line num="80" count="0" type="stmt"/>
        <line num="81" count="0" type="stmt"/>
        <line num="82" count="0" type="stmt"/>
        <line num="83" count="0" type="stmt"/>
        <line num="84" count="0" type="stmt"/>
        <line num="85" count="0" type="stmt"/>
        <line num="86" count="0" type="stmt"/>
        <line num="87" count="0" type="stmt"/>
        <line num="88" count="0" type="stmt"/>
        <line num="89" count="0" type="stmt"/>
        <line num="90" count="0" type="stmt"/>
        <line num="91" count="0" type="stmt"/>
        <line num="92" count="0" type="stmt"/>
        <line num="93" count="0" type="stmt"/>
        <line num="94" count="0" type="stmt"/>
        <line num="95" count="0" type="stmt"/>
        <line num="96" count="0" type="stmt"/>
        <line num="97" count="0" type="stmt"/>
        <line num="98" count="0" type="stmt"/>
        <line num="99" count="0" type="stmt"/>
        <line num="100" count="0" type="stmt"/>
        <line num="101" count="0" type="stmt"/>
        <line num="102" count="0" type="stmt"/>
        <line num="103" count="0" type="stmt"/>
        <line num="104" count="0" type="stmt"/>
        <line num="105" count="0" type="stmt"/>
        <line num="106" count="0" type="stmt"/>
        <line num="107" count="0" type="stmt"/>
        <line num="108" count="0" type="stmt"/>
        <line num="109" count="0" type="stmt"/>
        <line num="110" count="0" type="stmt"/>
        <line num="111" count="0" type="stmt"/>
        <line num="112" count="0" type="stmt"/>
        <line num="113" count="0" type="stmt"/>
        <line num="114" count="0" type="stmt"/>
        <line num="115" count="0" type="stmt"/>
        <line num="116" count="0" type="stmt"/>
        <line num="117" count="0" type="stmt"/>
        <line num="118" count="0" type="stmt"/>
        <line num="119" count="0" type="stmt"/>
        <line num="120" count="0" type="stmt"/>
        <line num="121" count="0" type="stmt"/>
        <line num="122" count="0" type="stmt"/>
        <line num="123" count="0" type="stmt"/>
        <line num="124" count="0" type="stmt"/>
        <line num="125" count="0" type="stmt"/>
        <line num="126" count="0" type="stmt"/>
        <line num="127" count="0" type="stmt"/>
        <line num="128" count="0" type="stmt"/>
        <line num="129" count="0" type="stmt"/>
        <line num="130" count="0" type="stmt"/>
        <line num="131" count="0" type="stmt"/>
        <line num="132" count="0" type="stmt"/>
        <line num="133" count="0" type="stmt"/>
        <line num="134" count="0" type="stmt"/>
        <line num="135" count="0" type="stmt"/>
        <line num="136" count="0" type="stmt"/>
        <line num="137" count="0" type="stmt"/>
        <line num="138" count="0" type="stmt"/>
        <line num="139" count="0" type="stmt"/>
        <line num="140" count="0" type="stmt"/>
        <line num="141" count="0" type="stmt"/>
      </file>
    </package>
    <package name="keyword-lens.src">
      <metrics statements="22" coveredstatements="0" conditionals="2" coveredconditionals="0" methods="2" coveredmethods="0"/>
      <file name="App.tsx" path="C:\Users\Administrator\Repos\LovableGUI\keyword-lens\src\App.tsx">
        <metrics statements="18" coveredstatements="0" conditionals="1" coveredconditionals="0" methods="1" coveredmethods="0"/>
        <line num="1" count="0" type="cond" truecount="0" falsecount="1"/>
        <line num="2" count="0" type="stmt"/>
        <line num="3" count="0" type="stmt"/>
        <line num="4" count="0" type="stmt"/>
        <line num="5" count="0" type="stmt"/>
        <line num="6" count="0" type="stmt"/>
        <line num="7" count="0" type="stmt"/>
        <line num="9" count="0" type="stmt"/>
        <line num="11" count="0" type="stmt"/>
        <line num="12" count="0" type="stmt"/>
        <line num="13" count="0" type="stmt"/>
        <line num="14" count="0" type="stmt"/>
        <line num="15" count="0" type="stmt"/>
        <line num="16" count="0" type="stmt"/>
        <line num="17" count="0" type="stmt"/>
        <line num="18" count="0" type="stmt"/>
        <line num="20" count="0" type="stmt"/>
        <line num="27" count="0" type="stmt"/>
      </file>
      <file name="main.tsx" path="C:\Users\Administrator\Repos\LovableGUI\keyword-lens\src\main.tsx">
        <metrics statements="4" coveredstatements="0" conditionals="1" coveredconditionals="0" methods="1" coveredmethods="0"/>
        <line num="1" count="0" type="cond" truecount="0" falsecount="1"/>
        <line num="2" count="0" type="stmt"/>
        <line num="3" count="0" type="stmt"/>
        <line num="5" count="0" type="stmt"/>
      </file>
    </package>
    <package name="keyword-lens.src.components">
      <metrics statements="1289" coveredstatements="549" conditionals="98" coveredconditionals="63" methods="67" coveredmethods="15"/>
      <file name="ApiStatusIndicator.tsx" path="C:\Users\Administrator\Repos\LovableGUI\keyword-lens\src\components\ApiStatusIndicator.tsx">
        <metrics statements="31" coveredstatements="0" conditionals="1" coveredconditionals="0" methods="1" coveredmethods="0"/>
        <line num="1" count="0" type="cond" truecount="0" falsecount="1"/>
        <line num="8" count="0" type="stmt"/>
        <line num="9" count="0" type="stmt"/>
        <line num="10" count="0" type="stmt"/>
        <line num="11" count="0" type="stmt"/>
        <line num="13" count="0" type="stmt"/>
        <line num="14" count="0" type="stmt"/>
        <line num="15" count="0" type="stmt"/>
        <line num="16" count="0" type="stmt"/>
        <line num="17" count="0" type="stmt"/>
        <line num="18" count="0" type="stmt"/>
        <line num="20" count="0" type="stmt"/>
        <line num="22" count="0" type="stmt"/>
        <line num="25" count="0" type="stmt"/>
        <line num="26" count="0" type="stmt"/>
        <line num="27" count="0" type="stmt"/>
        <line num="29" count="0" type="stmt"/>
        <line num="31" count="0" type="stmt"/>
        <line num="32" count="0" type="stmt"/>
        <line num="37" count="0" type="stmt"/>
        <line num="38" count="0" type="stmt"/>
        <line num="39" count="0" type="stmt"/>
        <line num="41" count="0" type="stmt"/>
        <line num="42" count="0" type="stmt"/>
        <line num="43" count="0" type="stmt"/>
        <line num="44" count="0" type="stmt"/>
        <line num="45" count="0" type="stmt"/>
        <line num="46" count="0" type="stmt"/>
        <line num="51" count="0" type="stmt"/>
        <line num="52" count="0" type="stmt"/>
        <line num="58" count="0" type="stmt"/>
      </file>
      <file name="DataTab.tsx" path="C:\Users\Administrator\Repos\LovableGUI\keyword-lens\src\components\DataTab.tsx">
        <metrics statements="90" coveredstatements="51" conditionals="2" coveredconditionals="2" methods="9" coveredmethods="1"/>
        <line num="1" count="1" type="stmt"/>
        <line num="8" count="1" type="cond" truecount="1" falsecount="0"/>
        <line num="9" count="3" type="stmt"/>
        <line num="10" count="3" type="stmt"/>
        <line num="11" count="3" type="stmt"/>
        <line num="12" count="3" type="stmt"/>
        <line num="13" count="3" type="stmt"/>
        <line num="14" count="3" type="stmt"/>
        <line num="15" count="3" type="stmt"/>
        <line num="16" count="3" type="stmt"/>
        <line num="17" count="3" type="stmt"/>
        <line num="18" count="3" type="stmt"/>
        <line num="19" count="3" type="stmt"/>
        <line num="20" count="3" type="stmt"/>
        <line num="21" count="3" type="stmt"/>
        <line num="23" count="3" type="stmt"/>
        <line num="24" count="0" type="stmt"/>
        <line num="25" count="0" type="stmt"/>
        <line num="27" count="3" type="stmt"/>
        <line num="28" count="0" type="stmt"/>
        <line num="29" count="0" type="stmt"/>
        <line num="31" count="3" type="stmt"/>
        <line num="32" count="0" type="stmt"/>
        <line num="33" count="0" type="stmt"/>
        <line num="35" count="3" type="stmt"/>
        <line num="36" count="0" type="stmt"/>
        <line num="37" count="0" type="stmt"/>
        <line num="39" count="0" type="stmt"/>
        <line num="40" count="0" type="stmt"/>
        <line num="41" count="0" type="stmt"/>
        <line num="42" count="0" type="stmt"/>
        <line num="43" count="0" type="stmt"/>
        <line num="45" count="0" type="stmt"/>
        <line num="47" count="0" type="stmt"/>
        <line num="48" count="0" type="stmt"/>
        <line num="49" count="0" type="stmt"/>
        <line num="50" count="0" type="stmt"/>
        <line num="51" count="0" type="stmt"/>
        <line num="53" count="3" type="stmt"/>
        <line num="54" count="0" type="stmt"/>
        <line num="55" count="0" type="stmt"/>
        <line num="56" count="0" type="stmt"/>
        <line num="57" count="0" type="stmt"/>
        <line num="58" count="0" type="stmt"/>
        <line num="60" count="0" type="stmt"/>
        <line num="61" count="0" type="stmt"/>
        <line num="62" count="0" type="stmt"/>
        <line num="63" count="0" type="stmt"/>
        <line num="64" count="0" type="stmt"/>
        <line num="66" count="3" type="stmt"/>
        <line num="67" count="0" type="stmt"/>
        <line num="68" count="0" type="stmt"/>
        <line num="69" count="0" type="stmt"/>
        <line num="70" count="0" type="stmt"/>
        <line num="71" count="0" type="stmt"/>
        <line num="73" count="3" type="stmt"/>
        <line num="74" count="0" type="stmt"/>
        <line num="75" count="0" type="stmt"/>
        <line num="76" count="0" type="stmt"/>
        <line num="77" count="0" type="stmt"/>
        <line num="78" count="0" type="stmt"/>
        <line num="80" count="3" type="cond" truecount="1" falsecount="0"/>
        <line num="82" count="3" type="stmt"/>
        <line num="83" count="3" type="stmt"/>
        <line num="85" count="3" type="stmt"/>
        <line num="86" count="3" type="stmt"/>
        <line num="87" count="3" type="stmt"/>
        <line num="89" count="3" type="stmt"/>
        <line num="91" count="3" type="stmt"/>
        <line num="92" count="3" type="stmt"/>
        <line num="93" count="3" type="stmt"/>
        <line num="94" count="3" type="stmt"/>
        <line num="95" count="3" type="stmt"/>
        <line num="96" count="3" type="stmt"/>
        <line num="97" count="3" type="stmt"/>
        <line num="98" count="3" type="stmt"/>
        <line num="99" count="3" type="stmt"/>
        <line num="100" count="3" type="stmt"/>
        <line num="101" count="3" type="stmt"/>
        <line num="102" count="3" type="stmt"/>
        <line num="103" count="3" type="stmt"/>
        <line num="104" count="3" type="stmt"/>
        <line num="105" count="3" type="stmt"/>
        <line num="109" count="3" type="stmt"/>
        <line num="110" count="3" type="stmt"/>
        <line num="111" count="3" type="stmt"/>
        <line num="112" count="3" type="stmt"/>
        <line num="113" count="3" type="stmt"/>
        <line num="114" count="3" type="stmt"/>
        <line num="119" count="3" type="stmt"/>
      </file>
      <file name="ImageContent.tsx" path="C:\Users\Administrator\Repos\LovableGUI\keyword-lens\src\components\ImageContent.tsx">
        <metrics statements="580" coveredstatements="88" conditionals="15" coveredconditionals="6" methods="15" coveredmethods="1"/>
        <line num="1" count="1" type="stmt"/>
        <line num="26" count="1" type="cond" truecount="1" falsecount="0"/>
        <line num="27" count="6" type="stmt"/>
        <line num="28" count="6" type="stmt"/>
        <line num="29" count="6" type="stmt"/>
        <line num="30" count="6" type="stmt"/>
        <line num="31" count="6" type="stmt"/>
        <line num="32" count="6" type="stmt"/>
        <line num="33" count="6" type="stmt"/>
        <line num="34" count="6" type="stmt"/>
        <line num="35" count="6" type="stmt"/>
        <line num="36" count="6" type="stmt"/>
        <line num="37" count="6" type="stmt"/>
        <line num="39" count="6" type="stmt"/>
        <line num="40" count="6" type="stmt"/>
        <line num="41" count="6" type="stmt"/>
        <line num="42" count="6" type="stmt"/>
        <line num="43" count="6" type="stmt"/>
        <line num="45" count="6" type="stmt"/>
        <line num="46" count="6" type="stmt"/>
        <line num="47" count="6" type="stmt"/>
        <line num="49" count="6" type="stmt"/>
        <line num="50" count="6" type="stmt"/>
        <line num="51" count="6" type="stmt"/>
        <line num="53" count="6" type="stmt"/>
        <line num="54" count="6" type="stmt"/>
        <line num="55" count="0" type="stmt"/>
        <line num="56" count="0" type="stmt"/>
        <line num="57" count="0" type="stmt"/>
        <line num="58" count="0" type="stmt"/>
        <line num="59" count="0" type="stmt"/>
        <line num="60" count="0" type="stmt"/>
        <line num="61" count="0" type="stmt"/>
        <line num="62" count="0" type="stmt"/>
        <line num="64" count="6" type="stmt"/>
        <line num="65" count="6" type="stmt"/>
        <line num="66" count="0" type="stmt"/>
        <line num="68" count="0" type="stmt"/>
        <line num="69" count="0" type="stmt"/>
        <line num="70" count="0" type="stmt"/>
        <line num="72" count="0" type="stmt"/>
        <line num="73" count="0" type="stmt"/>
        <line num="74" count="0" type="stmt"/>
        <line num="75" count="0" type="stmt"/>
        <line num="76" count="0" type="stmt"/>
        <line num="77" count="0" type="stmt"/>
        <line num="78" count="0" type="stmt"/>
        <line num="80" count="0" type="stmt"/>
        <line num="81" count="0" type="stmt"/>
        <line num="82" count="0" type="stmt"/>
        <line num="84" count="0" type="stmt"/>
        <line num="85" count="0" type="stmt"/>
        <line num="86" count="0" type="stmt"/>
        <line num="87" count="0" type="stmt"/>
        <line num="88" count="0" type="stmt"/>
        <line num="89" count="0" type="stmt"/>
        <line num="91" count="0" type="stmt"/>
        <line num="92" count="0" type="stmt"/>
        <line num="93" count="0" type="stmt"/>
        <line num="94" count="0" type="stmt"/>
        <line num="95" count="0" type="stmt"/>
        <line num="96" count="0" type="stmt"/>
        <line num="98" count="0" type="stmt"/>
        <line num="99" count="0" type="stmt"/>
        <line num="100" count="0" type="stmt"/>
        <line num="101" count="0" type="stmt"/>
        <line num="102" count="0" type="stmt"/>
        <line num="103" count="0" type="stmt"/>
        <line num="104" count="0" type="stmt"/>
        <line num="105" count="0" type="stmt"/>
        <line num="107" count="0" type="stmt"/>
        <line num="108" count="0" type="stmt"/>
        <line num="110" count="0" type="stmt"/>
        <line num="111" count="0" type="stmt"/>
        <line num="112" count="0" type="stmt"/>
        <line num="113" count="0" type="stmt"/>
        <line num="114" count="0" type="stmt"/>
        <line num="116" count="0" type="stmt"/>
        <line num="117" count="0" type="stmt"/>
        <line num="119" count="6" type="stmt"/>
        <line num="120" count="6" type="stmt"/>
        <line num="121" count="0" type="stmt"/>
        <line num="122" count="0" type="stmt"/>
        <line num="123" count="0" type="stmt"/>
        <line num="125" count="6" type="stmt"/>
        <line num="126" count="6" type="stmt"/>
        <line num="127" count="0" type="stmt"/>
        <line num="128" count="0" type="stmt"/>
        <line num="129" count="0" type="stmt"/>
        <line num="131" count="0" type="stmt"/>
        <line num="132" count="0" type="stmt"/>
        <line num="133" count="0" type="stmt"/>
        <line num="135" count="0" type="stmt"/>
        <line num="136" count="0" type="stmt"/>
        <line num="137" count="0" type="stmt"/>
        <line num="138" count="0" type="stmt"/>
        <line num="140" count="0" type="stmt"/>
        <line num="141" count="0" type="stmt"/>
        <line num="143" count="6" type="stmt"/>
        <line num="144" count="6" type="cond" truecount="1" falsecount="0"/>
        <line num="145" count="3" type="cond" truecount="0" falsecount="1"/>
        <line num="146" count="0" type="stmt"/>
        <line num="147" count="0" type="stmt"/>
        <line num="148" count="0" type="stmt"/>
        <line num="149" count="0" type="stmt"/>
        <line num="150" count="0" type="stmt"/>
        <line num="151" count="0" type="stmt"/>
        <line num="152" count="6" type="stmt"/>
        <line num="154" count="6" type="stmt"/>
        <line num="155" count="6" type="cond" truecount="1" falsecount="0"/>
        <line num="156" count="3" type="stmt"/>
        <line num="157" count="6" type="stmt"/>
        <line num="159" count="6" type="stmt"/>
        <line num="160" count="6" type="cond" truecount="1" falsecount="0"/>
        <line num="161" count="6" type="stmt"/>
        <line num="162" count="6" type="stmt"/>
        <line num="163" count="6" type="cond" truecount="0" falsecount="1"/>
        <line num="165" count="0" type="stmt"/>
        <line num="167" count="0" type="stmt"/>
        <line num="168" count="0" type="stmt"/>
        <line num="169" count="0" type="stmt"/>
        <line num="170" count="0" type="stmt"/>
        <line num="172" count="0" type="stmt"/>
        <line num="174" count="0" type="stmt"/>
        <line num="175" count="0" type="stmt"/>
        <line num="176" count="6" type="stmt"/>
        <line num="178" count="6" type="stmt"/>
        <line num="179" count="6" type="cond" truecount="1" falsecount="0"/>
        <line num="180" count="6" type="cond" truecount="0" falsecount="1"/>
        <line num="181" count="0" type="stmt"/>
        <line num="182" count="0" type="stmt"/>
        <line num="183" count="0" type="stmt"/>
        <line num="184" count="0" type="stmt"/>
        <line num="185" count="6" type="stmt"/>
        <line num="186" count="6" type="stmt"/>
        <line num="187" count="6" type="stmt"/>
        <line num="188" count="6" type="stmt"/>
        <line num="190" count="6" type="stmt"/>
        <line num="191" count="6" type="cond" truecount="1" falsecount="0"/>
        <line num="192" count="6" type="stmt"/>
        <line num="193" count="6" type="stmt"/>
        <line num="194" count="6" type="stmt"/>
        <line num="195" count="6" type="stmt"/>
        <line num="196" count="6" type="stmt"/>
        <line num="197" count="6" type="stmt"/>
        <line num="198" count="6" type="stmt"/>
        <line num="199" count="6" type="stmt"/>
        <line num="201" count="6" type="stmt"/>
        <line num="202" count="0" type="stmt"/>
        <line num="203" count="0" type="stmt"/>
        <line num="204" count="0" type="stmt"/>
        <line num="205" count="0" type="stmt"/>
        <line num="206" count="0" type="stmt"/>
        <line num="207" count="0" type="stmt"/>
        <line num="208" count="0" type="stmt"/>
        <line num="209" count="0" type="stmt"/>
        <line num="210" count="0" type="stmt"/>
        <line num="211" count="0" type="stmt"/>
        <line num="212" count="0" type="stmt"/>
        <line num="213" count="0" type="stmt"/>
        <line num="214" count="0" type="stmt"/>
        <line num="216" count="6" type="stmt"/>
        <line num="217" count="0" type="stmt"/>
        <line num="218" count="0" type="stmt"/>
        <line num="219" count="0" type="stmt"/>
        <line num="220" count="0" type="stmt"/>
        <line num="221" count="0" type="stmt"/>
        <line num="223" count="6" type="stmt"/>
        <line num="224" count="0" type="stmt"/>
        <line num="225" count="0" type="stmt"/>
        <line num="227" count="6" type="stmt"/>
        <line num="228" count="0" type="stmt"/>
        <line num="229" count="0" type="stmt"/>
        <line num="230" count="0" type="stmt"/>
        <line num="231" count="0" type="stmt"/>
        <line num="232" count="0" type="stmt"/>
        <line num="234" count="6" type="stmt"/>
        <line num="236" count="6" type="stmt"/>
        <line num="237" count="0" type="stmt"/>
        <line num="238" count="0" type="stmt"/>
        <line num="239" count="0" type="stmt"/>
        <line num="240" count="0" type="stmt"/>
        <line num="241" count="0" type="stmt"/>
        <line num="242" count="0" type="stmt"/>
        <line num="243" count="0" type="stmt"/>
        <line num="245" count="0" type="stmt"/>
        <line num="246" count="0" type="stmt"/>
        <line num="248" count="0" type="stmt"/>
        <line num="249" count="0" type="stmt"/>
        <line num="251" count="0" type="stmt"/>
        <line num="252" count="0" type="stmt"/>
        <line num="253" count="0" type="stmt"/>
        <line num="254" count="0" type="stmt"/>
        <line num="256" count="0" type="stmt"/>
        <line num="257" count="0" type="stmt"/>
        <line num="258" count="0" type="stmt"/>
        <line num="259" count="0" type="stmt"/>
        <line num="260" count="0" type="stmt"/>
        <line num="261" count="0" type="stmt"/>
        <line num="262" count="0" type="stmt"/>
        <line num="263" count="0" type="stmt"/>
        <line num="264" count="0" type="stmt"/>
        <line num="265" count="0" type="stmt"/>
        <line num="267" count="6" type="stmt"/>
        <line num="268" count="0" type="stmt"/>
        <line num="269" count="0" type="stmt"/>
        <line num="270" count="0" type="stmt"/>
        <line num="271" count="0" type="stmt"/>
        <line num="272" count="0" type="stmt"/>
        <line num="273" count="0" type="stmt"/>
        <line num="274" count="0" type="stmt"/>
        <line num="276" count="0" type="stmt"/>
        <line num="277" count="0" type="stmt"/>
        <line num="279" count="0" type="stmt"/>
        <line num="280" count="0" type="stmt"/>
        <line num="282" count="0" type="stmt"/>
        <line num="283" count="0" type="stmt"/>
        <line num="284" count="0" type="stmt"/>
        <line num="285" count="0" type="stmt"/>
        <line num="287" count="0" type="stmt"/>
        <line num="288" count="0" type="stmt"/>
        <line num="289" count="0" type="stmt"/>
        <line num="290" count="0" type="stmt"/>
        <line num="291" count="0" type="stmt"/>
        <line num="292" count="0" type="stmt"/>
        <line num="293" count="0" type="stmt"/>
        <line num="294" count="0" type="stmt"/>
        <line num="295" count="0" type="stmt"/>
        <line num="296" count="0" type="stmt"/>
        <line num="298" count="6" type="stmt"/>
        <line num="299" count="0" type="stmt"/>
        <line num="300" count="0" type="stmt"/>
        <line num="301" count="0" type="stmt"/>
        <line num="302" count="0" type="stmt"/>
        <line num="303" count="0" type="stmt"/>
        <line num="304" count="0" type="stmt"/>
        <line num="305" count="0" type="stmt"/>
        <line num="306" count="0" type="stmt"/>
        <line num="307" count="0" type="stmt"/>
        <line num="308" count="0" type="stmt"/>
        <line num="310" count="6" type="stmt"/>
        <line num="311" count="0" type="stmt"/>
        <line num="312" count="0" type="stmt"/>
        <line num="313" count="0" type="stmt"/>
        <line num="315" count="0" type="stmt"/>
        <line num="316" count="0" type="stmt"/>
        <line num="317" count="0" type="stmt"/>
        <line num="318" count="0" type="stmt"/>
        <line num="320" count="0" type="stmt"/>
        <line num="321" count="0" type="stmt"/>
        <line num="322" count="0" type="stmt"/>
        <line num="324" count="6" type="stmt"/>
        <line num="325" count="0" type="stmt"/>
        <line num="326" count="0" type="stmt"/>
        <line num="327" count="0" type="stmt"/>
        <line num="329" count="6" type="stmt"/>
        <line num="330" count="6" type="cond" truecount="0" falsecount="2"/>
        <line num="331" count="0" type="stmt"/>
        <line num="332" count="0" type="stmt"/>
        <line num="333" count="0" type="stmt"/>
        <line num="334" count="0" type="stmt"/>
        <line num="335" count="0" type="stmt"/>
        <line num="336" count="0" type="stmt"/>
        <line num="337" count="0" type="stmt"/>
        <line num="339" count="0" type="stmt"/>
        <line num="340" count="0" type="stmt"/>
        <line num="345" count="0" type="stmt"/>
        <line num="347" count="6" type="stmt"/>
        <line num="348" count="6" type="stmt"/>
        <line num="349" count="6" type="stmt"/>
        <line num="350" count="6" type="stmt"/>
        <line num="351" count="6" type="stmt"/>
        <line num="352" count="6" type="stmt"/>
        <line num="353" count="6" type="stmt"/>
        <line num="354" count="6" type="stmt"/>
        <line num="357" count="6" type="stmt"/>
        <line num="363" count="6" type="cond" truecount="0" falsecount="1"/>
        <line num="365" count="0" type="stmt"/>
        <line num="366" count="6" type="cond" truecount="0" falsecount="2"/>
        <line num="367" count="0" type="stmt"/>
        <line num="368" count="0" type="stmt"/>
        <line num="369" count="0" type="stmt"/>
        <line num="370" count="0" type="stmt"/>
        <line num="371" count="0" type="stmt"/>
        <line num="372" count="0" type="stmt"/>
        <line num="375" count="0" type="stmt"/>
        <line num="376" count="0" type="stmt"/>
        <line num="382" count="0" type="stmt"/>
        <line num="384" count="0" type="stmt"/>
        <line num="385" count="0" type="stmt"/>
        <line num="386" count="0" type="stmt"/>
        <line num="388" count="0" type="stmt"/>
        <line num="389" count="0" type="stmt"/>
        <line num="391" count="0" type="stmt"/>
        <line num="392" count="0" type="stmt"/>
        <line num="393" count="0" type="stmt"/>
        <line num="394" count="0" type="stmt"/>
        <line num="395" count="0" type="stmt"/>
        <line num="396" count="0" type="stmt"/>
        <line num="397" count="0" type="stmt"/>
        <line num="398" count="0" type="stmt"/>
        <line num="399" count="0" type="stmt"/>
        <line num="400" count="0" type="stmt"/>
        <line num="403" count="0" type="stmt"/>
        <line num="404" count="0" type="stmt"/>
        <line num="405" count="0" type="stmt"/>
        <line num="409" count="0" type="stmt"/>
        <line num="410" count="0" type="stmt"/>
        <line num="411" count="0" type="stmt"/>
        <line num="412" count="0" type="stmt"/>
        <line num="420" count="0" type="stmt"/>
        <line num="421" count="0" type="stmt"/>
        <line num="422" count="0" type="stmt"/>
        <line num="423" count="0" type="stmt"/>
        <line num="424" count="0" type="stmt"/>
        <line num="427" count="0" type="stmt"/>
        <line num="428" count="0" type="stmt"/>
        <line num="429" count="0" type="stmt"/>
        <line num="430" count="0" type="stmt"/>
        <line num="432" count="0" type="stmt"/>
        <line num="433" count="0" type="stmt"/>
        <line num="434" count="0" type="stmt"/>
        <line num="435" count="0" type="stmt"/>
        <line num="436" count="0" type="stmt"/>
        <line num="437" count="0" type="stmt"/>
        <line num="445" count="0" type="stmt"/>
        <line num="446" count="0" type="stmt"/>
        <line num="447" count="0" type="stmt"/>
        <line num="448" count="0" type="stmt"/>
        <line num="449" count="0" type="stmt"/>
        <line num="450" count="0" type="stmt"/>
        <line num="452" count="0" type="stmt"/>
        <line num="455" count="0" type="stmt"/>
        <line num="456" count="0" type="stmt"/>
        <line num="457" count="0" type="stmt"/>
        <line num="458" count="0" type="stmt"/>
        <line num="460" count="0" type="stmt"/>
        <line num="461" count="0" type="stmt"/>
        <line num="462" count="0" type="stmt"/>
        <line num="463" count="0" type="stmt"/>
        <line num="464" count="0" type="stmt"/>
        <line num="469" count="0" type="stmt"/>
        <line num="470" count="0" type="stmt"/>
        <line num="471" count="0" type="stmt"/>
        <line num="472" count="0" type="stmt"/>
        <line num="473" count="0" type="stmt"/>
        <line num="475" count="0" type="stmt"/>
        <line num="482" count="0" type="stmt"/>
        <line num="483" count="0" type="stmt"/>
        <line num="484" count="0" type="stmt"/>
        <line num="485" count="0" type="stmt"/>
        <line num="486" count="0" type="stmt"/>
        <line num="487" count="0" type="stmt"/>
        <line num="488" count="0" type="stmt"/>
        <line num="489" count="0" type="stmt"/>
        <line num="493" count="0" type="stmt"/>
        <line num="495" count="0" type="stmt"/>
        <line num="496" count="0" type="stmt"/>
        <line num="497" count="0" type="stmt"/>
        <line num="498" count="0" type="stmt"/>
        <line num="500" count="0" type="stmt"/>
        <line num="501" count="0" type="stmt"/>
        <line num="502" count="0" type="stmt"/>
        <line num="504" count="0" type="stmt"/>
        <line num="505" count="0" type="stmt"/>
        <line num="506" count="0" type="stmt"/>
        <line num="508" count="0" type="stmt"/>
        <line num="509" count="0" type="stmt"/>
        <line num="510" count="0" type="stmt"/>
        <line num="511" count="0" type="stmt"/>
        <line num="512" count="0" type="stmt"/>
        <line num="513" count="0" type="stmt"/>
        <line num="514" count="0" type="stmt"/>
        <line num="515" count="0" type="stmt"/>
        <line num="517" count="0" type="stmt"/>
        <line num="518" count="0" type="stmt"/>
        <line num="519" count="0" type="stmt"/>
        <line num="521" count="0" type="stmt"/>
        <line num="522" count="0" type="stmt"/>
        <line num="523" count="0" type="stmt"/>
        <line num="525" count="0" type="stmt"/>
        <line num="526" count="0" type="stmt"/>
        <line num="527" count="0" type="stmt"/>
        <line num="528" count="0" type="stmt"/>
        <line num="529" count="0" type="stmt"/>
        <line num="530" count="0" type="stmt"/>
        <line num="531" count="0" type="stmt"/>
        <line num="532" count="0" type="stmt"/>
        <line num="533" count="0" type="stmt"/>
        <line num="534" count="0" type="stmt"/>
        <line num="535" count="0" type="stmt"/>
        <line num="536" count="0" type="stmt"/>
        <line num="538" count="0" type="stmt"/>
        <line num="539" count="0" type="stmt"/>
        <line num="540" count="0" type="stmt"/>
        <line num="541" count="0" type="stmt"/>
        <line num="542" count="0" type="stmt"/>
        <line num="543" count="0" type="stmt"/>
        <line num="544" count="0" type="stmt"/>
        <line num="545" count="0" type="stmt"/>
        <line num="546" count="0" type="stmt"/>
        <line num="547" count="0" type="stmt"/>
        <line num="549" count="0" type="stmt"/>
        <line num="550" count="0" type="stmt"/>
        <line num="553" count="0" type="stmt"/>
        <line num="558" count="0" type="stmt"/>
        <line num="560" count="0" type="stmt"/>
        <line num="562" count="0" type="stmt"/>
        <line num="563" count="0" type="stmt"/>
        <line num="564" count="0" type="stmt"/>
        <line num="565" count="0" type="stmt"/>
        <line num="566" count="0" type="stmt"/>
        <line num="569" count="0" type="stmt"/>
        <line num="570" count="0" type="stmt"/>
        <line num="571" count="0" type="stmt"/>
        <line num="572" count="0" type="stmt"/>
        <line num="573" count="0" type="stmt"/>
        <line num="574" count="0" type="stmt"/>
        <line num="575" count="0" type="stmt"/>
        <line num="576" count="0" type="stmt"/>
        <line num="578" count="0" type="stmt"/>
        <line num="579" count="0" type="stmt"/>
        <line num="581" count="0" type="stmt"/>
        <line num="582" count="0" type="stmt"/>
        <line num="583" count="0" type="stmt"/>
        <line num="584" count="0" type="stmt"/>
        <line num="585" count="0" type="stmt"/>
        <line num="586" count="0" type="stmt"/>
        <line num="587" count="0" type="stmt"/>
        <line num="592" count="0" type="stmt"/>
        <line num="593" count="0" type="stmt"/>
        <line num="596" count="0" type="stmt"/>
        <line num="598" count="0" type="stmt"/>
        <line num="599" count="0" type="stmt"/>
        <line num="600" count="0" type="stmt"/>
        <line num="606" count="0" type="stmt"/>
        <line num="607" count="0" type="stmt"/>
        <line num="608" count="0" type="stmt"/>
        <line num="609" count="0" type="stmt"/>
        <line num="610" count="0" type="stmt"/>
        <line num="611" count="0" type="stmt"/>
        <line num="612" count="0" type="stmt"/>
        <line num="617" count="0" type="stmt"/>
        <line num="618" count="0" type="stmt"/>
        <line num="619" count="0" type="stmt"/>
        <line num="620" count="0" type="stmt"/>
        <line num="621" count="0" type="stmt"/>
        <line num="622" count="0" type="stmt"/>
        <line num="623" count="0" type="stmt"/>
        <line num="627" count="0" type="stmt"/>
        <line num="628" count="0" type="stmt"/>
        <line num="629" count="0" type="stmt"/>
        <line num="636" count="0" type="stmt"/>
        <line num="637" count="0" type="stmt"/>
        <line num="638" count="0" type="stmt"/>
        <line num="639" count="0" type="stmt"/>
        <line num="640" count="0" type="stmt"/>
        <line num="641" count="0" type="stmt"/>
        <line num="643" count="0" type="stmt"/>
        <line num="649" count="0" type="stmt"/>
        <line num="650" count="0" type="stmt"/>
        <line num="651" count="0" type="stmt"/>
        <line num="652" count="0" type="stmt"/>
        <line num="653" count="0" type="stmt"/>
        <line num="656" count="0" type="stmt"/>
        <line num="657" count="0" type="stmt"/>
        <line num="658" count="0" type="stmt"/>
        <line num="659" count="0" type="stmt"/>
        <line num="661" count="0" type="stmt"/>
        <line num="667" count="0" type="stmt"/>
        <line num="668" count="0" type="stmt"/>
        <line num="669" count="0" type="stmt"/>
        <line num="670" count="0" type="stmt"/>
        <line num="678" count="0" type="stmt"/>
        <line num="679" count="0" type="stmt"/>
        <line num="680" count="0" type="stmt"/>
        <line num="681" count="0" type="stmt"/>
        <line num="682" count="0" type="stmt"/>
        <line num="689" count="0" type="stmt"/>
        <line num="692" count="0" type="stmt"/>
        <line num="693" count="0" type="stmt"/>
        <line num="694" count="0" type="stmt"/>
        <line num="695" count="0" type="stmt"/>
        <line num="696" count="0" type="stmt"/>
        <line num="697" count="0" type="stmt"/>
        <line num="700" count="0" type="stmt"/>
        <line num="701" count="0" type="stmt"/>
        <line num="702" count="0" type="stmt"/>
        <line num="703" count="0" type="stmt"/>
        <line num="705" count="0" type="stmt"/>
        <line num="706" count="0" type="stmt"/>
        <line num="707" count="0" type="stmt"/>
        <line num="708" count="0" type="stmt"/>
        <line num="709" count="0" type="stmt"/>
        <line num="710" count="0" type="stmt"/>
        <line num="717" count="0" type="stmt"/>
        <line num="718" count="0" type="stmt"/>
        <line num="720" count="0" type="stmt"/>
        <line num="721" count="0" type="stmt"/>
        <line num="722" count="0" type="stmt"/>
        <line num="723" count="0" type="stmt"/>
        <line num="724" count="0" type="stmt"/>
        <line num="725" count="0" type="stmt"/>
        <line num="726" count="0" type="stmt"/>
        <line num="728" count="0" type="stmt"/>
        <line num="731" count="0" type="stmt"/>
        <line num="732" count="0" type="stmt"/>
        <line num="733" count="0" type="stmt"/>
        <line num="734" count="0" type="stmt"/>
        <line num="736" count="0" type="stmt"/>
        <line num="737" count="0" type="stmt"/>
        <line num="738" count="0" type="stmt"/>
        <line num="739" count="0" type="stmt"/>
        <line num="740" count="0" type="stmt"/>
        <line num="745" count="0" type="stmt"/>
        <line num="746" count="0" type="stmt"/>
        <line num="747" count="0" type="stmt"/>
        <line num="748" count="0" type="stmt"/>
        <line num="749" count="0" type="stmt"/>
        <line num="751" count="0" type="stmt"/>
        <line num="758" count="0" type="stmt"/>
        <line num="759" count="0" type="stmt"/>
        <line num="760" count="0" type="stmt"/>
        <line num="761" count="0" type="stmt"/>
        <line num="762" count="0" type="stmt"/>
        <line num="763" count="0" type="stmt"/>
        <line num="764" count="0" type="stmt"/>
        <line num="765" count="0" type="stmt"/>
        <line num="770" count="0" type="stmt"/>
        <line num="771" count="0" type="stmt"/>
        <line num="772" count="0" type="stmt"/>
        <line num="773" count="0" type="stmt"/>
        <line num="774" count="0" type="stmt"/>
        <line num="775" count="0" type="stmt"/>
        <line num="776" count="0" type="stmt"/>
        <line num="780" count="0" type="stmt"/>
        <line num="781" count="0" type="stmt"/>
        <line num="782" count="0" type="stmt"/>
        <line num="789" count="0" type="stmt"/>
        <line num="790" count="0" type="stmt"/>
        <line num="791" count="0" type="stmt"/>
        <line num="792" count="0" type="stmt"/>
        <line num="793" count="0" type="stmt"/>
        <line num="794" count="0" type="stmt"/>
        <line num="796" count="0" type="stmt"/>
        <line num="802" count="0" type="stmt"/>
        <line num="803" count="0" type="stmt"/>
        <line num="804" count="0" type="stmt"/>
        <line num="805" count="0" type="stmt"/>
        <line num="806" count="0" type="stmt"/>
        <line num="809" count="0" type="stmt"/>
        <line num="810" count="0" type="stmt"/>
        <line num="811" count="0" type="stmt"/>
        <line num="812" count="0" type="stmt"/>
        <line num="814" count="0" type="stmt"/>
        <line num="820" count="0" type="stmt"/>
        <line num="821" count="0" type="stmt"/>
        <line num="822" count="0" type="stmt"/>
        <line num="823" count="0" type="stmt"/>
        <line num="831" count="0" type="stmt"/>
        <line num="832" count="0" type="stmt"/>
        <line num="833" count="0" type="stmt"/>
        <line num="834" count="0" type="stmt"/>
        <line num="840" count="0" type="stmt"/>
        <line num="841" count="0" type="stmt"/>
        <line num="842" count="0" type="stmt"/>
        <line num="843" count="0" type="stmt"/>
        <line num="844" count="0" type="stmt"/>
        <line num="845" count="0" type="stmt"/>
        <line num="846" count="0" type="stmt"/>
        <line num="856" count="0" type="stmt"/>
        <line num="859" count="0" type="stmt"/>
        <line num="860" count="0" type="stmt"/>
        <line num="861" count="0" type="stmt"/>
        <line num="862" count="0" type="stmt"/>
        <line num="863" count="0" type="stmt"/>
        <line num="864" count="0" type="stmt"/>
        <line num="865" count="0" type="stmt"/>
        <line num="866" count="6" type="cond" truecount="0" falsecount="1"/>
        <line num="870" count="6" type="stmt"/>
      </file>
      <file name="ImageViewer.tsx" path="C:\Users\Administrator\Repos\LovableGUI\keyword-lens\src\components\ImageViewer.tsx">
        <metrics statements="136" coveredstatements="99" conditionals="26" coveredconditionals="21" methods="11" coveredmethods="4"/>
        <line num="1" count="1" type="stmt"/>
        <line num="19" count="1" type="cond" truecount="1" falsecount="0"/>
        <line num="20" count="12" type="stmt"/>
        <line num="21" count="12" type="stmt"/>
        <line num="22" count="12" type="stmt"/>
        <line num="23" count="12" type="stmt"/>
        <line num="24" count="12" type="stmt"/>
        <line num="25" count="12" type="stmt"/>
        <line num="26" count="12" type="stmt"/>
        <line num="27" count="12" type="stmt"/>
        <line num="28" count="12" type="stmt"/>
        <line num="29" count="12" type="stmt"/>
        <line num="31" count="12" type="cond" truecount="0" falsecount="1"/>
        <line num="33" count="12" type="stmt"/>
        <line num="34" count="0" type="stmt"/>
        <line num="35" count="0" type="stmt"/>
        <line num="36" count="0" type="stmt"/>
        <line num="38" count="12" type="stmt"/>
        <line num="39" count="0" type="stmt"/>
        <line num="40" count="0" type="stmt"/>
        <line num="41" count="0" type="stmt"/>
        <line num="42" count="0" type="stmt"/>
        <line num="43" count="0" type="stmt"/>
        <line num="44" count="0" type="stmt"/>
        <line num="46" count="12" type="stmt"/>
        <line num="47" count="0" type="stmt"/>
        <line num="48" count="0" type="stmt"/>
        <line num="49" count="0" type="stmt"/>
        <line num="51" count="12" type="cond" truecount="1" falsecount="0"/>
        <line num="52" count="43" type="cond" truecount="1" falsecount="0"/>
        <line num="53" count="43" type="cond" truecount="2" falsecount="0"/>
        <line num="54" count="43" type="stmt"/>
        <line num="56" count="12" type="stmt"/>
        <line num="57" count="12" type="cond" truecount="0" falsecount="1"/>
        <line num="58" count="12" type="cond" truecount="1" falsecount="0"/>
        <line num="59" count="44" type="cond" truecount="1" falsecount="0"/>
        <line num="60" count="44" type="cond" truecount="1" falsecount="0"/>
        <line num="62" count="44" type="stmt"/>
        <line num="63" count="44" type="cond" truecount="0" falsecount="2"/>
        <line num="64" count="44" type="cond" truecount="2" falsecount="0"/>
        <line num="66" count="30" type="stmt"/>
        <line num="67" count="30" type="stmt"/>
        <line num="68" count="30" type="stmt"/>
        <line num="70" count="12" type="cond" truecount="1" falsecount="0"/>
        <line num="71" count="172" type="cond" truecount="1" falsecount="0"/>
        <line num="72" count="172" type="stmt"/>
        <line num="74" count="12" type="stmt"/>
        <line num="75" count="12" type="stmt"/>
        <line num="76" count="12" type="stmt"/>
        <line num="77" count="12" type="stmt"/>
        <line num="78" count="12" type="stmt"/>
        <line num="81" count="12" type="stmt"/>
        <line num="83" count="12" type="stmt"/>
        <line num="84" count="12" type="stmt"/>
        <line num="85" count="12" type="stmt"/>
        <line num="86" count="12" type="stmt"/>
        <line num="87" count="12" type="stmt"/>
        <line num="88" count="12" type="stmt"/>
        <line num="89" count="12" type="stmt"/>
        <line num="90" count="12" type="stmt"/>
        <line num="91" count="12" type="stmt"/>
        <line num="93" count="12" type="stmt"/>
        <line num="101" count="12" type="stmt"/>
        <line num="102" count="12" type="stmt"/>
        <line num="103" count="12" type="stmt"/>
        <line num="104" count="12" type="stmt"/>
        <line num="105" count="12" type="stmt"/>
        <line num="110" count="12" type="stmt"/>
        <line num="111" count="12" type="stmt"/>
        <line num="113" count="12" type="stmt"/>
        <line num="114" count="12" type="stmt"/>
        <line num="119" count="12" type="stmt"/>
        <line num="120" count="12" type="stmt"/>
        <line num="121" count="12" type="stmt"/>
        <line num="122" count="12" type="stmt"/>
        <line num="123" count="12" type="stmt"/>
        <line num="124" count="12" type="cond" truecount="1" falsecount="0"/>
        <line num="125" count="12" type="cond" truecount="1" falsecount="0"/>
        <line num="126" count="31" type="stmt"/>
        <line num="127" count="12" type="stmt"/>
        <line num="129" count="12" type="stmt"/>
        <line num="130" count="12" type="cond" truecount="0" falsecount="1"/>
        <line num="131" count="0" type="stmt"/>
        <line num="132" count="0" type="stmt"/>
        <line num="133" count="0" type="stmt"/>
        <line num="134" count="0" type="stmt"/>
        <line num="135" count="0" type="stmt"/>
        <line num="136" count="0" type="stmt"/>
        <line num="137" count="0" type="stmt"/>
        <line num="138" count="0" type="stmt"/>
        <line num="139" count="0" type="stmt"/>
        <line num="140" count="0" type="stmt"/>
        <line num="141" count="0" type="stmt"/>
        <line num="142" count="0" type="stmt"/>
        <line num="143" count="0" type="stmt"/>
        <line num="145" count="0" type="stmt"/>
        <line num="146" count="0" type="stmt"/>
        <line num="147" count="0" type="stmt"/>
        <line num="148" count="0" type="stmt"/>
        <line num="150" count="0" type="stmt"/>
        <line num="152" count="0" type="stmt"/>
        <line num="153" count="0" type="stmt"/>
        <line num="154" count="0" type="stmt"/>
        <line num="155" count="0" type="stmt"/>
        <line num="156" count="0" type="stmt"/>
        <line num="158" count="0" type="stmt"/>
        <line num="162" count="0" type="stmt"/>
        <line num="163" count="12" type="stmt"/>
        <line num="164" count="12" type="cond" truecount="2" falsecount="0"/>
        <line num="165" count="12" type="stmt"/>
        <line num="167" count="12" type="stmt"/>
        <line num="168" count="12" type="cond" truecount="2" falsecount="0"/>
        <line num="169" count="12" type="cond" truecount="1" falsecount="0"/>
        <line num="170" count="12" type="cond" truecount="1" falsecount="0"/>
        <line num="171" count="31" type="stmt"/>
        <line num="172" count="12" type="stmt"/>
        <line num="174" count="12" type="stmt"/>
        <line num="177" count="12" type="stmt"/>
        <line num="178" count="12" type="stmt"/>
        <line num="179" count="12" type="stmt"/>
        <line num="180" count="12" type="stmt"/>
        <line num="181" count="12" type="stmt"/>
        <line num="182" count="12" type="stmt"/>
        <line num="184" count="12" type="stmt"/>
        <line num="186" count="12" type="stmt"/>
        <line num="187" count="12" type="stmt"/>
        <line num="188" count="12" type="stmt"/>
        <line num="189" count="12" type="cond" truecount="1" falsecount="0"/>
        <line num="190" count="12" type="stmt"/>
        <line num="191" count="12" type="stmt"/>
        <line num="193" count="12" type="stmt"/>
        <line num="203" count="12" type="stmt"/>
        <line num="204" count="12" type="stmt"/>
        <line num="205" count="12" type="stmt"/>
        <line num="206" count="12" type="stmt"/>
        <line num="215" count="12" type="stmt"/>
      </file>
      <file name="SearchAndFilter.tsx" path="C:\Users\Administrator\Repos\LovableGUI\keyword-lens\src\components\SearchAndFilter.tsx">
        <metrics statements="452" coveredstatements="311" conditionals="54" coveredconditionals="34" methods="31" coveredmethods="9"/>
        <line num="1" count="1" type="stmt"/>
        <line num="47" count="1" type="cond" truecount="1" falsecount="0"/>
        <line num="48" count="25" type="stmt"/>
        <line num="49" count="25" type="stmt"/>
        <line num="50" count="25" type="stmt"/>
        <line num="51" count="25" type="stmt"/>
        <line num="52" count="25" type="stmt"/>
        <line num="53" count="25" type="stmt"/>
        <line num="54" count="25" type="stmt"/>
        <line num="55" count="25" type="stmt"/>
        <line num="56" count="25" type="stmt"/>
        <line num="57" count="25" type="stmt"/>
        <line num="58" count="25" type="stmt"/>
        <line num="59" count="25" type="stmt"/>
        <line num="60" count="25" type="stmt"/>
        <line num="61" count="25" type="stmt"/>
        <line num="62" count="25" type="stmt"/>
        <line num="63" count="25" type="stmt"/>
        <line num="64" count="25" type="stmt"/>
        <line num="65" count="25" type="stmt"/>
        <line num="66" count="25" type="stmt"/>
        <line num="67" count="25" type="stmt"/>
        <line num="68" count="25" type="stmt"/>
        <line num="70" count="25" type="stmt"/>
        <line num="71" count="25" type="cond" truecount="1" falsecount="0"/>
        <line num="72" count="25" type="stmt"/>
        <line num="73" count="25" type="stmt"/>
        <line num="74" count="25" type="cond" truecount="0" falsecount="1"/>
        <line num="75" count="25" type="cond" truecount="0" falsecount="1"/>
        <line num="76" count="25" type="cond" truecount="0" falsecount="1"/>
        <line num="77" count="25" type="stmt"/>
        <line num="78" count="25" type="stmt"/>
        <line num="80" count="25" type="stmt"/>
        <line num="82" count="25" type="cond" truecount="1" falsecount="0"/>
        <line num="83" count="94" type="stmt"/>
        <line num="84" count="94" type="stmt"/>
        <line num="86" count="94" type="stmt"/>
        <line num="87" count="94" type="cond" truecount="1" falsecount="0"/>
        <line num="89" count="94" type="stmt"/>
        <line num="90" count="94" type="cond" truecount="1" falsecount="0"/>
        <line num="92" count="94" type="cond" truecount="2" falsecount="0"/>
        <line num="93" count="25" type="cond" truecount="1" falsecount="0"/>
        <line num="94" count="4" type="stmt"/>
        <line num="95" count="4" type="stmt"/>
        <line num="96" count="4" type="stmt"/>
        <line num="97" count="4" type="stmt"/>
        <line num="98" count="4" type="cond" truecount="0" falsecount="1"/>
        <line num="99" count="0" type="stmt"/>
        <line num="100" count="4" type="cond" truecount="0" falsecount="1"/>
        <line num="101" count="0" type="stmt"/>
        <line num="102" count="4" type="cond" truecount="0" falsecount="1"/>
        <line num="103" count="0" type="stmt"/>
        <line num="104" count="4" type="cond" truecount="0" falsecount="1"/>
        <line num="105" count="0" type="stmt"/>
        <line num="106" count="4" type="stmt"/>
        <line num="107" count="4" type="stmt"/>
        <line num="109" count="25" type="cond" truecount="1" falsecount="0"/>
        <line num="110" count="25" type="cond" truecount="1" falsecount="0"/>
        <line num="112" count="25" type="stmt"/>
        <line num="113" count="0" type="stmt"/>
        <line num="114" count="0" type="stmt"/>
        <line num="115" count="0" type="stmt"/>
        <line num="117" count="25" type="stmt"/>
        <line num="118" count="0" type="stmt"/>
        <line num="119" count="0" type="stmt"/>
        <line num="120" count="0" type="stmt"/>
        <line num="121" count="0" type="stmt"/>
        <line num="122" count="0" type="stmt"/>
        <line num="123" count="0" type="stmt"/>
        <line num="125" count="25" type="stmt"/>
        <line num="126" count="0" type="stmt"/>
        <line num="127" count="0" type="stmt"/>
        <line num="128" count="0" type="stmt"/>
        <line num="130" count="25" type="stmt"/>
        <line num="131" count="0" type="stmt"/>
        <line num="132" count="0" type="stmt"/>
        <line num="133" count="0" type="stmt"/>
        <line num="134" count="0" type="stmt"/>
        <line num="135" count="0" type="stmt"/>
        <line num="136" count="0" type="stmt"/>
        <line num="137" count="0" type="stmt"/>
        <line num="138" count="0" type="stmt"/>
        <line num="139" count="0" type="stmt"/>
        <line num="140" count="0" type="stmt"/>
        <line num="142" count="0" type="stmt"/>
        <line num="143" count="0" type="stmt"/>
        <line num="144" count="0" type="stmt"/>
        <line num="145" count="0" type="stmt"/>
        <line num="146" count="0" type="stmt"/>
        <line num="147" count="0" type="stmt"/>
        <line num="148" count="0" type="stmt"/>
        <line num="150" count="0" type="stmt"/>
        <line num="151" count="0" type="stmt"/>
        <line num="152" count="0" type="stmt"/>
        <line num="154" count="0" type="stmt"/>
        <line num="155" count="0" type="stmt"/>
        <line num="156" count="0" type="stmt"/>
        <line num="157" count="0" type="stmt"/>
        <line num="158" count="0" type="stmt"/>
        <line num="159" count="0" type="stmt"/>
        <line num="160" count="0" type="stmt"/>
        <line num="161" count="0" type="stmt"/>
        <line num="162" count="0" type="stmt"/>
        <line num="163" count="0" type="stmt"/>
        <line num="164" count="0" type="stmt"/>
        <line num="166" count="0" type="stmt"/>
        <line num="167" count="0" type="stmt"/>
        <line num="168" count="0" type="stmt"/>
        <line num="169" count="0" type="stmt"/>
        <line num="170" count="0" type="stmt"/>
        <line num="171" count="0" type="stmt"/>
        <line num="172" count="0" type="stmt"/>
        <line num="173" count="0" type="stmt"/>
        <line num="174" count="0" type="stmt"/>
        <line num="175" count="0" type="stmt"/>
        <line num="176" count="0" type="stmt"/>
        <line num="178" count="0" type="stmt"/>
        <line num="179" count="0" type="stmt"/>
        <line num="180" count="0" type="stmt"/>
        <line num="181" count="0" type="stmt"/>
        <line num="182" count="0" type="stmt"/>
        <line num="183" count="0" type="stmt"/>
        <line num="184" count="0" type="stmt"/>
        <line num="185" count="0" type="stmt"/>
        <line num="187" count="25" type="stmt"/>
        <line num="188" count="0" type="stmt"/>
        <line num="189" count="0" type="stmt"/>
        <line num="190" count="0" type="stmt"/>
        <line num="192" count="0" type="stmt"/>
        <line num="193" count="0" type="stmt"/>
        <line num="194" count="0" type="stmt"/>
        <line num="195" count="0" type="stmt"/>
        <line num="196" count="0" type="stmt"/>
        <line num="197" count="0" type="stmt"/>
        <line num="198" count="0" type="stmt"/>
        <line num="199" count="0" type="stmt"/>
        <line num="200" count="0" type="stmt"/>
        <line num="201" count="0" type="stmt"/>
        <line num="202" count="0" type="stmt"/>
        <line num="203" count="0" type="stmt"/>
        <line num="205" count="0" type="stmt"/>
        <line num="206" count="0" type="stmt"/>
        <line num="207" count="0" type="stmt"/>
        <line num="208" count="0" type="stmt"/>
        <line num="209" count="0" type="stmt"/>
        <line num="210" count="0" type="stmt"/>
        <line num="211" count="0" type="stmt"/>
        <line num="212" count="0" type="stmt"/>
        <line num="213" count="0" type="stmt"/>
        <line num="214" count="0" type="stmt"/>
        <line num="215" count="0" type="stmt"/>
        <line num="216" count="0" type="stmt"/>
        <line num="218" count="0" type="stmt"/>
        <line num="219" count="0" type="stmt"/>
        <line num="220" count="0" type="stmt"/>
        <line num="221" count="0" type="stmt"/>
        <line num="222" count="0" type="stmt"/>
        <line num="223" count="0" type="stmt"/>
        <line num="224" count="0" type="stmt"/>
        <line num="225" count="0" type="stmt"/>
        <line num="227" count="25" type="stmt"/>
        <line num="228" count="0" type="stmt"/>
        <line num="229" count="0" type="stmt"/>
        <line num="230" count="0" type="stmt"/>
        <line num="231" count="0" type="stmt"/>
        <line num="232" count="0" type="stmt"/>
        <line num="233" count="0" type="stmt"/>
        <line num="234" count="0" type="stmt"/>
        <line num="235" count="0" type="stmt"/>
        <line num="236" count="0" type="stmt"/>
        <line num="237" count="0" type="stmt"/>
        <line num="238" count="0" type="stmt"/>
        <line num="239" count="0" type="stmt"/>
        <line num="241" count="25" type="cond" truecount="1" falsecount="0"/>
        <line num="242" count="2" type="cond" truecount="1" falsecount="0"/>
        <line num="243" count="2" type="stmt"/>
        <line num="245" count="2" type="cond" truecount="2" falsecount="0"/>
        <line num="246" count="2" type="stmt"/>
        <line num="247" count="2" type="stmt"/>
        <line num="249" count="2" type="stmt"/>
        <line num="250" count="2" type="stmt"/>
        <line num="251" count="2" type="stmt"/>
        <line num="252" count="2" type="stmt"/>
        <line num="254" count="25" type="cond" truecount="1" falsecount="0"/>
        <line num="255" count="29" type="cond" truecount="0" falsecount="1"/>
        <line num="256" count="29" type="cond" truecount="0" falsecount="1"/>
        <line num="257" count="29" type="stmt"/>
        <line num="258" count="29" type="stmt"/>
        <line num="260" count="25" type="cond" truecount="1" falsecount="0"/>
        <line num="261" count="29" type="cond" truecount="0" falsecount="1"/>
        <line num="262" count="29" type="cond" truecount="0" falsecount="1"/>
        <line num="263" count="29" type="stmt"/>
        <line num="264" count="29" type="stmt"/>
        <line num="266" count="25" type="cond" truecount="1" falsecount="0"/>
        <line num="267" count="25" type="stmt"/>
        <line num="268" count="25" type="cond" truecount="3" falsecount="0"/>
        <line num="269" count="25" type="cond" truecount="1" falsecount="1"/>
        <line num="270" count="25" type="cond" truecount="1" falsecount="2"/>
        <line num="271" count="25" type="cond" truecount="1" falsecount="2"/>
        <line num="272" count="22" type="stmt"/>
        <line num="273" count="22" type="stmt"/>
        <line num="275" count="25" type="stmt"/>
        <line num="276" count="25" type="stmt"/>
        <line num="278" count="25" type="stmt"/>
        <line num="279" count="25" type="stmt"/>
        <line num="280" count="25" type="stmt"/>
        <line num="282" count="25" type="stmt"/>
        <line num="284" count="25" type="stmt"/>
        <line num="285" count="25" type="stmt"/>
        <line num="288" count="25" type="stmt"/>
        <line num="289" count="25" type="stmt"/>
        <line num="290" count="25" type="stmt"/>
        <line num="291" count="25" type="stmt"/>
        <line num="292" count="25" type="stmt"/>
        <line num="294" count="25" type="stmt"/>
        <line num="295" count="25" type="stmt"/>
        <line num="296" count="25" type="stmt"/>
        <line num="297" count="25" type="cond" truecount="1" falsecount="0"/>
        <line num="298" count="22" type="stmt"/>
        <line num="299" count="3" type="cond" truecount="1" falsecount="0"/>
        <line num="303" count="25" type="stmt"/>
        <line num="306" count="25" type="stmt"/>
        <line num="307" count="25" type="stmt"/>
        <line num="308" count="25" type="stmt"/>
        <line num="309" count="25" type="stmt"/>
        <line num="310" count="25" type="stmt"/>
        <line num="311" count="25" type="stmt"/>
        <line num="312" count="25" type="cond" truecount="1" falsecount="0"/>
        <line num="313" count="25" type="stmt"/>
        <line num="315" count="25" type="stmt"/>
        <line num="316" count="25" type="stmt"/>
        <line num="317" count="25" type="stmt"/>
        <line num="318" count="25" type="stmt"/>
        <line num="319" count="25" type="cond" truecount="1" falsecount="0"/>
        <line num="320" count="25" type="stmt"/>
        <line num="321" count="25" type="stmt"/>
        <line num="323" count="25" type="cond" truecount="1" falsecount="0"/>
        <line num="324" count="25" type="cond" truecount="2" falsecount="0"/>
        <line num="326" count="25" type="stmt"/>
        <line num="327" count="25" type="stmt"/>
        <line num="328" count="25" type="stmt"/>
        <line num="330" count="25" type="stmt"/>
        <line num="331" count="25" type="stmt"/>
        <line num="333" count="25" type="stmt"/>
        <line num="334" count="25" type="stmt"/>
        <line num="335" count="25" type="stmt"/>
        <line num="336" count="25" type="stmt"/>
        <line num="337" count="25" type="stmt"/>
        <line num="343" count="25" type="stmt"/>
        <line num="344" count="25" type="stmt"/>
        <line num="345" count="25" type="stmt"/>
        <line num="346" count="25" type="stmt"/>
        <line num="347" count="25" type="stmt"/>
        <line num="348" count="25" type="stmt"/>
        <line num="349" count="25" type="stmt"/>
        <line num="350" count="25" type="cond" truecount="1" falsecount="0"/>
        <line num="352" count="25" type="cond" truecount="0" falsecount="1"/>
        <line num="353" count="0" type="stmt"/>
        <line num="354" count="0" type="stmt"/>
        <line num="355" count="0" type="stmt"/>
        <line num="356" count="0" type="stmt"/>
        <line num="357" count="0" type="stmt"/>
        <line num="358" count="0" type="stmt"/>
        <line num="359" count="0" type="stmt"/>
        <line num="360" count="0" type="stmt"/>
        <line num="361" count="0" type="stmt"/>
        <line num="362" count="0" type="stmt"/>
        <line num="364" count="0" type="stmt"/>
        <line num="365" count="0" type="stmt"/>
        <line num="366" count="0" type="stmt"/>
        <line num="367" count="0" type="stmt"/>
        <line num="368" count="0" type="stmt"/>
        <line num="370" count="0" type="stmt"/>
        <line num="372" count="0" type="stmt"/>
        <line num="373" count="0" type="stmt"/>
        <line num="374" count="0" type="stmt"/>
        <line num="375" count="0" type="stmt"/>
        <line num="376" count="0" type="stmt"/>
        <line num="378" count="0" type="stmt"/>
        <line num="382" count="25" type="stmt"/>
        <line num="383" count="25" type="stmt"/>
        <line num="384" count="25" type="cond" truecount="1" falsecount="0"/>
        <line num="386" count="25" type="stmt"/>
        <line num="390" count="25" type="stmt"/>
        <line num="391" count="25" type="stmt"/>
        <line num="392" count="25" type="stmt"/>
        <line num="393" count="25" type="stmt"/>
        <line num="394" count="25" type="stmt"/>
        <line num="395" count="25" type="stmt"/>
        <line num="397" count="25" type="cond" truecount="1" falsecount="0"/>
        <line num="399" count="25" type="stmt"/>
        <line num="400" count="25" type="stmt"/>
        <line num="401" count="25" type="stmt"/>
        <line num="402" count="25" type="stmt"/>
        <line num="403" count="25" type="stmt"/>
        <line num="405" count="25" type="stmt"/>
        <line num="407" count="25" type="stmt"/>
        <line num="408" count="25" type="stmt"/>
        <line num="409" count="25" type="stmt"/>
        <line num="411" count="25" type="stmt"/>
        <line num="413" count="25" type="stmt"/>
        <line num="414" count="25" type="stmt"/>
        <line num="420" count="25" type="stmt"/>
        <line num="421" count="25" type="stmt"/>
        <line num="422" count="25" type="stmt"/>
        <line num="423" count="25" type="stmt"/>
        <line num="424" count="25" type="stmt"/>
        <line num="425" count="25" type="stmt"/>
        <line num="426" count="25" type="stmt"/>
        <line num="427" count="25" type="stmt"/>
        <line num="428" count="25" type="stmt"/>
        <line num="430" count="25" type="stmt"/>
        <line num="433" count="25" type="stmt"/>
        <line num="434" count="25" type="stmt"/>
        <line num="435" count="25" type="stmt"/>
        <line num="436" count="25" type="stmt"/>
        <line num="437" count="25" type="stmt"/>
        <line num="438" count="25" type="stmt"/>
        <line num="442" count="25" type="stmt"/>
        <line num="443" count="25" type="stmt"/>
        <line num="444" count="25" type="stmt"/>
        <line num="445" count="25" type="stmt"/>
        <line num="446" count="25" type="stmt"/>
        <line num="447" count="25" type="stmt"/>
        <line num="449" count="25" type="stmt"/>
        <line num="452" count="25" type="stmt"/>
        <line num="453" count="25" type="stmt"/>
        <line num="454" count="25" type="stmt"/>
        <line num="455" count="25" type="stmt"/>
        <line num="456" count="25" type="stmt"/>
        <line num="457" count="25" type="stmt"/>
        <line num="466" count="25" type="stmt"/>
        <line num="467" count="25" type="stmt"/>
        <line num="477" count="25" type="stmt"/>
        <line num="479" count="25" type="stmt"/>
        <line num="480" count="25" type="stmt"/>
        <line num="483" count="25" type="stmt"/>
        <line num="484" count="25" type="stmt"/>
        <line num="485" count="25" type="stmt"/>
        <line num="486" count="25" type="stmt"/>
        <line num="487" count="25" type="stmt"/>
        <line num="488" count="25" type="stmt"/>
        <line num="489" count="25" type="stmt"/>
        <line num="492" count="25" type="stmt"/>
        <line num="493" count="25" type="cond" truecount="0" falsecount="1"/>
        <line num="494" count="0" type="cond" truecount="0" falsecount="1"/>
        <line num="495" count="25" type="stmt"/>
        <line num="496" count="0" type="cond" truecount="0" falsecount="1"/>
        <line num="497" count="25" type="stmt"/>
        <line num="500" count="25" type="stmt"/>
        <line num="501" count="25" type="stmt"/>
        <line num="502" count="25" type="stmt"/>
        <line num="503" count="25" type="stmt"/>
        <line num="504" count="25" type="stmt"/>
        <line num="505" count="25" type="stmt"/>
        <line num="506" count="25" type="stmt"/>
        <line num="507" count="25" type="stmt"/>
        <line num="508" count="25" type="stmt"/>
        <line num="509" count="25" type="stmt"/>
        <line num="510" count="25" type="stmt"/>
        <line num="512" count="25" type="stmt"/>
        <line num="513" count="25" type="stmt"/>
        <line num="514" count="25" type="stmt"/>
        <line num="515" count="25" type="stmt"/>
        <line num="516" count="25" type="stmt"/>
        <line num="517" count="25" type="stmt"/>
        <line num="518" count="25" type="stmt"/>
        <line num="522" count="25" type="stmt"/>
        <line num="523" count="25" type="stmt"/>
        <line num="524" count="25" type="stmt"/>
        <line num="525" count="25" type="stmt"/>
        <line num="526" count="25" type="stmt"/>
        <line num="527" count="25" type="stmt"/>
        <line num="528" count="25" type="stmt"/>
        <line num="529" count="25" type="stmt"/>
        <line num="530" count="25" type="stmt"/>
        <line num="532" count="25" type="stmt"/>
        <line num="533" count="25" type="stmt"/>
        <line num="534" count="25" type="stmt"/>
        <line num="535" count="25" type="stmt"/>
        <line num="536" count="25" type="stmt"/>
        <line num="537" count="25" type="stmt"/>
        <line num="538" count="25" type="stmt"/>
        <line num="543" count="25" type="stmt"/>
        <line num="544" count="25" type="stmt"/>
        <line num="545" count="25" type="stmt"/>
        <line num="546" count="25" type="stmt"/>
        <line num="547" count="0" type="stmt"/>
        <line num="548" count="0" type="stmt"/>
        <line num="549" count="0" type="stmt"/>
        <line num="550" count="25" type="stmt"/>
        <line num="551" count="25" type="stmt"/>
        <line num="560" count="25" type="stmt"/>
        <line num="561" count="25" type="stmt"/>
        <line num="564" count="25" type="stmt"/>
        <line num="565" count="25" type="stmt"/>
        <line num="566" count="25" type="stmt"/>
        <line num="568" count="25" type="stmt"/>
        <line num="569" count="25" type="stmt"/>
        <line num="571" count="25" type="stmt"/>
        <line num="572" count="25" type="stmt"/>
        <line num="573" count="25" type="stmt"/>
        <line num="574" count="25" type="stmt"/>
        <line num="575" count="25" type="stmt"/>
        <line num="581" count="25" type="stmt"/>
        <line num="582" count="25" type="stmt"/>
        <line num="585" count="25" type="stmt"/>
        <line num="586" count="0" type="stmt"/>
        <line num="588" count="25" type="stmt"/>
        <line num="589" count="25" type="stmt"/>
        <line num="591" count="25" type="stmt"/>
        <line num="592" count="25" type="stmt"/>
        <line num="593" count="25" type="stmt"/>
        <line num="599" count="25" type="stmt"/>
        <line num="600" count="25" type="stmt"/>
        <line num="603" count="25" type="stmt"/>
        <line num="604" count="25" type="stmt"/>
        <line num="605" count="25" type="stmt"/>
        <line num="607" count="25" type="stmt"/>
        <line num="608" count="25" type="stmt"/>
        <line num="609" count="25" type="stmt"/>
        <line num="610" count="25" type="stmt"/>
        <line num="617" count="25" type="stmt"/>
        <line num="618" count="25" type="stmt"/>
        <line num="619" count="25" type="stmt"/>
        <line num="620" count="25" type="stmt"/>
        <line num="621" count="25" type="stmt"/>
        <line num="623" count="25" type="stmt"/>
        <line num="626" count="25" type="stmt"/>
        <line num="627" count="25" type="stmt"/>
        <line num="628" count="25" type="stmt"/>
        <line num="629" count="25" type="stmt"/>
        <line num="630" count="25" type="stmt"/>
        <line num="632" count="25" type="stmt"/>
        <line num="639" count="25" type="stmt"/>
        <line num="640" count="25" type="stmt"/>
        <line num="641" count="25" type="stmt"/>
        <line num="642" count="25" type="stmt"/>
        <line num="643" count="25" type="cond" truecount="1" falsecount="0"/>
        <line num="644" count="25" type="stmt"/>
        <line num="645" count="25" type="stmt"/>
        <line num="646" count="25" type="stmt"/>
        <line num="647" count="25" type="stmt"/>
        <line num="648" count="25" type="stmt"/>
        <line num="650" count="25" type="stmt"/>
        <line num="651" count="25" type="stmt"/>
        <line num="652" count="25" type="stmt"/>
        <line num="653" count="25" type="stmt"/>
        <line num="654" count="25" type="stmt"/>
        <line num="655" count="25" type="stmt"/>
        <line num="657" count="25" type="stmt"/>
        <line num="668" count="25" type="stmt"/>
      </file>
    </package>
    <package name="keyword-lens.src.components.ui">
      <metrics statements="2807" coveredstatements="494" conditionals="48" coveredconditionals="7" methods="46" coveredmethods="5"/>
      <file name="accordion.tsx" path="C:\Users\Administrator\Repos\LovableGUI\keyword-lens\src\components\ui\accordion.tsx">
        <metrics statements="29" coveredstatements="0" conditionals="1" coveredconditionals="0" methods="1" coveredmethods="0"/>
        <line num="1" count="0" type="cond" truecount="0" falsecount="1"/>
        <line num="7" count="0" type="stmt"/>
        <line num="9" count="0" type="stmt"/>
        <line num="12" count="0" type="stmt"/>
        <line num="13" count="0" type="stmt"/>
[...]
        <line num="120" count="400" type="stmt"/>
        <line num="121" count="400" type="stmt"/>
        <line num="122" count="400" type="stmt"/>
        <line num="123" count="400" type="stmt"/>
        <line num="124" count="400" type="stmt"/>
        <line num="125" count="400" type="stmt"/>
        <line num="126" count="80" type="stmt"/>
        <line num="127" count="80" type="stmt"/>
        <line num="128" count="80" type="stmt"/>
        <line num="129" count="0" type="cond" truecount="0" falsecount="1"/>
        <line num="130" count="0" type="stmt"/>
        <line num="131" count="0" type="stmt"/>
        <line num="133" count="1" type="stmt"/>
        <line num="134" count="1" type="cond" truecount="1" falsecount="0"/>
        <line num="135" count="80" type="cond" truecount="1" falsecount="0"/>
        <line num="136" count="80" type="stmt"/>
        <line num="138" count="80" type="stmt"/>
        <line num="139" count="80" type="stmt"/>
        <line num="140" count="80" type="cond" truecount="1" falsecount="0"/>
        <line num="141" count="40" type="cond" truecount="0" falsecount="1"/>
        <line num="142" count="0" type="stmt"/>
        <line num="144" count="80" type="stmt"/>
        <line num="145" count="80" type="stmt"/>
        <line num="147" count="1" type="stmt"/>
        <line num="148" count="1" type="stmt"/>
        <line num="149" count="1" type="stmt"/>
        <line num="150" count="1" type="stmt"/>
        <line num="152" count="1" type="stmt"/>
        <line num="153" count="1" type="stmt"/>
        <line num="154" count="1" type="stmt"/>
        <line num="155" count="1" type="stmt"/>
        <line num="156" count="1" type="stmt"/>
        <line num="158" count="1" type="stmt"/>
        <line num="159" count="1" type="stmt"/>
        <line num="160" count="1" type="cond" truecount="1" falsecount="0"/>
        <line num="161" count="80" type="stmt"/>
        <line num="162" count="80" type="cond" truecount="1" falsecount="0"/>
        <line num="163" count="80" type="cond" truecount="0" falsecount="1"/>
        <line num="164" count="80" type="cond" truecount="0" falsecount="1"/>
        <line num="165" count="80" type="stmt"/>
        <line num="166" count="80" type="stmt"/>
        <line num="168" count="1" type="stmt"/>
        <line num="169" count="1" type="cond" truecount="1" falsecount="0"/>
        <line num="170" count="1" type="stmt"/>
        <line num="171" count="1" type="stmt"/>
        <line num="173" count="1" type="stmt"/>
        <line num="174" count="1" type="stmt"/>
        <line num="175" count="0" type="cond" truecount="0" falsecount="1"/>
        <line num="176" count="0" type="stmt"/>
        <line num="177" count="0" type="stmt"/>
        <line num="179" count="1" type="stmt"/>
        <line num="180" count="1" type="cond" truecount="1" falsecount="0"/>
        <line num="181" count="50" type="stmt"/>
        <line num="182" count="50" type="stmt"/>
        <line num="183" count="50" type="stmt"/>
        <line num="184" count="50" type="stmt"/>
        <line num="185" count="1" type="stmt"/>
        <line num="187" count="1" type="stmt"/>
        <line num="188" count="1" type="stmt"/>
        <line num="189" count="0" type="stmt"/>
        <line num="190" count="0" type="stmt"/>
        <line num="191" count="0" type="stmt"/>
        <line num="193" count="0" type="stmt"/>
        <line num="198" count="0" type="stmt"/>
        <line num="201" count="0" type="stmt"/>
        <line num="210" count="0" type="stmt"/>
        <line num="212" count="0" type="stmt"/>
        <line num="213" count="0" type="stmt"/>
        <line num="214" count="0" type="stmt"/>
        <line num="215" count="0" type="stmt"/>
        <line num="216" count="0" type="stmt"/>
        <line num="217" count="0" type="stmt"/>
        <line num="218" count="0" type="stmt"/>
        <line num="219" count="0" type="stmt"/>
        <line num="221" count="1" type="cond" truecount="1" falsecount="0"/>
        <line num="222" count="207" type="stmt"/>
        <line num="223" count="207" type="stmt"/>
        <line num="225" count="207" type="stmt"/>
        <line num="230" count="207" type="stmt"/>
        <line num="233" count="207" type="stmt"/>
        <line num="241" count="207" type="stmt"/>
        <line num="243" count="207" type="stmt"/>
        <line num="244" count="207" type="stmt"/>
        <line num="245" count="207" type="cond" truecount="0" falsecount="1"/>
        <line num="246" count="0" type="stmt"/>
        <line num="247" count="0" type="stmt"/>
        <line num="248" count="0" type="stmt"/>
        <line num="249" count="0" type="stmt"/>
        <line num="250" count="1" type="stmt"/>
        <line num="251" count="1" type="stmt"/>
        <line num="252" count="1" type="cond" truecount="1" falsecount="0"/>
        <line num="253" count="2930" type="stmt"/>
        <line num="254" count="2930" type="cond" truecount="1" falsecount="0"/>
        <line num="255" count="1460" type="stmt"/>
        <line num="256" count="1460" type="stmt"/>
        <line num="257" count="2930" type="stmt"/>
        <line num="258" count="2930" type="stmt"/>
        <line num="259" count="2930" type="stmt"/>
        <line num="260" count="2930" type="stmt"/>
        <line num="261" count="2930" type="stmt"/>
        <line num="262" count="2930" type="stmt"/>
        <line num="263" count="2930" type="stmt"/>
        <line num="265" count="1" type="stmt"/>
        <line num="266" count="1" type="stmt"/>
        <line num="267" count="1" type="cond" truecount="1" falsecount="0"/>
        <line num="268" count="5" type="stmt"/>
        <line num="269" count="5" type="cond" truecount="1" falsecount="0"/>
        <line num="270" count="5" type="stmt"/>
        <line num="271" count="5" type="stmt"/>
        <line num="272" count="5" type="stmt"/>
        <line num="274" count="1" type="cond" truecount="1" falsecount="0"/>
        <line num="275" count="175" type="stmt"/>
        <line num="276" count="175" type="stmt"/>
        <line num="277" count="175" type="stmt"/>
        <line num="278" count="175" type="cond" truecount="1" falsecount="0"/>
        <line num="279" count="175" type="stmt"/>
        <line num="281" count="1" type="cond" truecount="1" falsecount="0"/>
        <line num="282" count="13" type="stmt"/>
        <line num="283" count="13" type="cond" truecount="1" falsecount="0"/>
        <line num="285" count="12" type="stmt"/>
        <line num="286" count="12" type="cond" truecount="1" falsecount="0"/>
        <line num="287" count="5" type="stmt"/>
        <line num="288" count="5" type="cond" truecount="1" falsecount="0"/>
        <line num="289" count="5" type="stmt"/>
        <line num="290" count="5" type="stmt"/>
        <line num="292" count="12" type="stmt"/>
        <line num="293" count="12" type="stmt"/>
        <line num="295" count="12" type="stmt"/>
        <line num="296" count="12" type="cond" truecount="1" falsecount="0"/>
        <line num="297" count="14" type="cond" truecount="1" falsecount="0"/>
        <line num="298" count="14" type="cond" truecount="2" falsecount="0"/>
        <line num="299" count="14" type="stmt"/>
        <line num="300" count="12" type="stmt"/>
        <line num="302" count="12" type="stmt"/>
        <line num="303" count="12" type="cond" truecount="1" falsecount="0"/>
        <line num="304" count="14" type="cond" truecount="3" falsecount="0"/>
        <line num="305" count="14" type="cond" truecount="1" falsecount="0"/>
        <line num="306" count="14" type="stmt"/>
        <line num="307" count="14" type="stmt"/>
        <line num="309" count="12" type="stmt"/>
        <line num="310" count="12" type="cond" truecount="1" falsecount="0"/>
        <line num="311" count="7032" type="cond" truecount="1" falsecount="0"/>
        <line num="312" count="7032" type="cond" truecount="1" falsecount="0"/>
        <line num="313" count="358" type="stmt"/>
        <line num="316" count="12" type="cond" truecount="1" falsecount="0"/>
        <line num="318" count="12" type="stmt"/>
        <line num="319" count="12" type="stmt"/>
        <line num="320" count="12" type="stmt"/>
        <line num="321" count="12" type="cond" truecount="1" falsecount="0"/>
        <line num="322" count="55" type="stmt"/>
        <line num="323" count="55" type="stmt"/>
        <line num="324" count="55" type="stmt"/>
        <line num="325" count="55" type="stmt"/>
        <line num="326" count="55" type="stmt"/>
        <line num="327" count="12" type="stmt"/>
        <line num="329" count="12" type="stmt"/>
        <line num="330" count="12" type="cond" truecount="1" falsecount="0"/>
        <line num="331" count="5" type="stmt"/>
        <line num="332" count="5" type="stmt"/>
        <line num="334" count="12" type="stmt"/>
        <line num="335" count="12" type="stmt"/>
        <line num="336" count="12" type="stmt"/>
        <line num="337" count="12" type="stmt"/>
        <line num="339" count="1" type="stmt"/>
        <line num="340" count="0" type="stmt"/>
        <line num="341" count="0" type="stmt"/>
        <line num="342" count="0" type="stmt"/>
        <line num="343" count="0" type="stmt"/>
        <line num="344" count="0" type="stmt"/>
        <line num="345" count="0" type="stmt"/>
        <line num="347" count="1" type="stmt"/>
        <line num="348" count="0" type="stmt"/>
        <line num="349" count="0" type="stmt"/>
        <line num="350" count="0" type="stmt"/>
        <line num="351" count="0" type="stmt"/>
        <line num="352" count="0" type="stmt"/>
        <line num="353" count="0" type="stmt"/>
        <line num="354" count="0" type="stmt"/>
        <line num="356" count="1" type="cond" truecount="1" falsecount="0"/>
        <line num="357" count="198" type="stmt"/>
        <line num="358" count="198" type="stmt"/>
        <line num="359" count="198" type="stmt"/>
        <line num="360" count="198" type="cond" truecount="1" falsecount="0"/>
        <line num="361" count="198" type="cond" truecount="2" falsecount="0"/>
        <line num="362" count="1" type="stmt"/>
        <line num="363" count="1" type="stmt"/>
        <line num="364" count="197" type="stmt"/>
        <line num="365" count="197" type="stmt"/>
        <line num="367" count="1" type="cond" truecount="1" falsecount="0"/>
        <line num="368" count="207" type="stmt"/>
        <line num="369" count="207" type="stmt"/>
        <line num="370" count="207" type="stmt"/>
        <line num="371" count="207" type="stmt"/>
        <line num="372" count="207" type="stmt"/>
        <line num="373" count="207" type="stmt"/>
        <line num="374" count="207" type="stmt"/>
        <line num="375" count="207" type="stmt"/>
        <line num="376" count="207" type="stmt"/>
        <line num="378" count="1" type="stmt"/>
        <line num="379" count="0" type="stmt"/>
        <line num="380" count="0" type="stmt"/>
        <line num="381" count="0" type="stmt"/>
        <line num="382" count="0" type="stmt"/>
        <line num="383" count="0" type="stmt"/>
        <line num="385" count="1" type="cond" truecount="1" falsecount="0"/>
        <line num="386" count="1" type="stmt"/>
        <line num="387" count="1" type="stmt"/>
        <line num="389" count="1" type="stmt"/>
        <line num="390" count="1" type="stmt"/>
        <line num="391" count="1" type="stmt"/>
        <line num="392" count="1" type="stmt"/>
        <line num="393" count="1" type="stmt"/>
        <line num="395" count="1" type="stmt"/>
        <line num="396" count="1" type="cond" truecount="1" falsecount="0"/>
        <line num="397" count="10" type="stmt"/>
        <line num="398" count="10" type="stmt"/>
        <line num="400" count="1" type="stmt"/>
        <line num="402" count="1" type="stmt"/>
        <line num="403" count="1" type="stmt"/>
        <line num="404" count="1" type="stmt"/>
        <line num="405" count="1" type="stmt"/>
        <line num="407" count="1" type="cond" truecount="1" falsecount="0"/>
        <line num="408" count="207" type="stmt"/>
        <line num="409" count="207" type="stmt"/>
        <line num="410" count="207" type="stmt"/>
        <line num="411" count="207" type="stmt"/>
        <line num="412" count="207" type="stmt"/>
        <line num="413" count="207" type="stmt"/>
        <line num="415" count="1" type="stmt"/>
        <line num="416" count="1" type="stmt"/>
        <line num="417" count="0" type="stmt"/>
        <line num="418" count="0" type="stmt"/>
        <line num="420" count="0" type="stmt"/>
        <line num="421" count="0" type="stmt"/>
        <line num="422" count="0" type="stmt"/>
        <line num="423" count="0" type="stmt"/>
        <line num="426" count="0" type="stmt"/>
        <line num="427" count="0" type="stmt"/>
        <line num="428" count="0" type="stmt"/>
        <line num="429" count="0" type="stmt"/>
        <line num="430" count="0" type="stmt"/>
        <line num="431" count="0" type="stmt"/>
        <line num="432" count="0" type="stmt"/>
        <line num="434" count="1" type="stmt"/>
        <line num="435" count="0" type="stmt"/>
        <line num="436" count="0" type="stmt"/>
        <line num="438" count="0" type="stmt"/>
        <line num="439" count="0" type="stmt"/>
        <line num="440" count="0" type="stmt"/>
        <line num="442" count="0" type="stmt"/>
        <line num="443" count="0" type="stmt"/>
        <line num="444" count="0" type="stmt"/>
        <line num="447" count="0" type="stmt"/>
        <line num="448" count="0" type="stmt"/>
        <line num="450" count="0" type="stmt"/>
        <line num="451" count="0" type="stmt"/>
        <line num="452" count="0" type="stmt"/>
        <line num="454" count="1" type="stmt"/>
        <line num="455" count="1" type="cond" truecount="1" falsecount="0"/>
        <line num="456" count="3" type="stmt"/>
        <line num="457" count="3" type="cond" truecount="1" falsecount="0"/>
        <line num="458" count="2" type="stmt"/>
        <line num="459" count="2" type="stmt"/>
        <line num="460" count="2" type="stmt"/>
        <line num="462" count="1" type="cond" truecount="1" falsecount="0"/>
        <line num="463" count="2" type="stmt"/>
        <line num="464" count="2" type="stmt"/>
        <line num="465" count="2" type="stmt"/>
        <line num="466" count="2" type="cond" truecount="0" falsecount="1"/>
        <line num="467" count="0" type="stmt"/>
        <line num="468" count="0" type="stmt"/>
        <line num="469" count="0" type="stmt"/>
        <line num="470" count="0" type="stmt"/>
        <line num="472" count="1" type="cond" truecount="1" falsecount="0"/>
        <line num="473" count="3" type="stmt"/>
        <line num="474" count="3" type="stmt"/>
        <line num="475" count="3" type="stmt"/>
        <line num="476" count="3" type="stmt"/>
        <line num="477" count="3" type="stmt"/>
        <line num="479" count="1" type="cond" truecount="1" falsecount="0"/>
        <line num="480" count="3" type="stmt"/>
        <line num="481" count="3" type="stmt"/>
        <line num="482" count="3" type="stmt"/>
        <line num="483" count="3" type="stmt"/>
        <line num="484" count="3" type="cond" truecount="1" falsecount="0"/>
        <line num="485" count="12" type="stmt"/>
        <line num="486" count="12" type="stmt"/>
        <line num="487" count="3" type="stmt"/>
        <line num="488" count="3" type="stmt"/>
        <line num="490" count="1" type="cond" truecount="1" falsecount="0"/>
        <line num="491" count="3" type="stmt"/>
        <line num="492" count="3" type="cond" truecount="1" falsecount="0"/>
        <line num="493" count="2" type="stmt"/>
        <line num="494" count="2" type="stmt"/>
        <line num="495" count="2" type="stmt"/>
        <line num="496" count="3" type="cond" truecount="1" falsecount="0"/>
        <line num="497" count="39" type="stmt"/>
        <line num="498" count="39" type="cond" truecount="1" falsecount="0"/>
        <line num="499" count="2" type="stmt"/>
        <line num="500" count="2" type="stmt"/>
        <line num="502" count="1" type="stmt"/>
        <line num="503" count="1" type="cond" truecount="1" falsecount="0"/>
        <line num="504" count="5" type="cond" truecount="1" falsecount="0"/>
        <line num="505" count="5" type="stmt"/>
        <line num="507" count="5" type="cond" truecount="1" falsecount="0"/>
        <line num="508" count="5" type="stmt"/>
        <line num="510" count="5" type="cond" truecount="1" falsecount="0"/>
        <line num="511" count="5" type="stmt"/>
        <line num="513" count="5" type="stmt"/>
        <line num="514" count="5" type="stmt"/>
        <line num="515" count="5" type="stmt"/>
        <line num="516" count="5" type="stmt"/>
        <line num="517" count="5" type="stmt"/>
        <line num="518" count="5" type="stmt"/>
        <line num="519" count="5" type="cond" truecount="1" falsecount="0"/>
        <line num="520" count="4" type="stmt"/>
        <line num="521" count="4" type="stmt"/>
        <line num="522" count="5" type="stmt"/>
        <line num="523" count="5" type="stmt"/>
        <line num="524" count="1" type="stmt"/>
        <line num="526" count="1" type="stmt"/>
        <line num="527" count="613" type="cond" truecount="1" falsecount="0"/>
        <line num="528" count="613" type="cond" truecount="1" falsecount="0"/>
        <line num="529" count="613" type="stmt"/>
        <line num="531" count="1" type="stmt"/>
        <line num="539" count="1" type="stmt"/>
        <line num="540" count="1" type="cond" truecount="1" falsecount="0"/>
        <line num="541" count="5" type="cond" truecount="1" falsecount="0"/>
        <line num="543" count="5" type="stmt"/>
        <line num="544" count="5" type="stmt"/>
        <line num="545" count="5" type="stmt"/>
        <line num="547" count="1" type="stmt"/>
        <line num="548" count="1" type="stmt"/>
      </file>
    </package>
    <package name="keyword-lens.src.test">
      <metrics statements="14" coveredstatements="14" conditionals="2" coveredconditionals="2" methods="2" coveredmethods="2"/>
      <file name="test-providers.tsx" path="C:\Users\Administrator\Repos\LovableGUI\keyword-lens\src\test\test-providers.tsx">
        <metrics statements="7" coveredstatements="7" conditionals="1" coveredconditionals="1" methods="1" coveredmethods="1"/>
        <line num="1" count="1" type="stmt"/>
        <line num="4" count="1" type="cond" truecount="1" falsecount="0"/>
        <line num="5" count="37" type="stmt"/>
        <line num="6" count="37" type="stmt"/>
        <line num="7" count="37" type="stmt"/>
        <line num="8" count="37" type="stmt"/>
        <line num="11" count="37" type="stmt"/>
      </file>
      <file name="utils.tsx" path="C:\Users\Administrator\Repos\LovableGUI\keyword-lens\src\test\utils.tsx">
        <metrics statements="7" coveredstatements="7" conditionals="1" coveredconditionals="1" methods="1" coveredmethods="1"/>
        <line num="1" count="1" type="stmt"/>
        <line num="5" count="1" type="stmt"/>
        <line num="6" count="1" type="cond" truecount="1" falsecount="0"/>
        <line num="7" count="36" type="stmt"/>
        <line num="8" count="36" type="stmt"/>
        <line num="9" count="36" type="stmt"/>
        <line num="11" count="1" type="stmt"/>
      </file>
    </package>
    <package name="keyword-lens.src.types">
      <metrics statements="1" coveredstatements="0" conditionals="1" coveredconditionals="1" methods="1" coveredmethods="1"/>
      <file name="keyword.ts" path="C:\Users\Administrator\Repos\LovableGUI\keyword-lens\src\types\keyword.ts">
        <metrics statements="1" coveredstatements="0" conditionals="1" coveredconditionals="1" methods="1" coveredmethods="1"/>
        <line num="50" count="0" type="stmt"/>
      </file>
    </package>
  </project>
</coverage>
