{"C:\\Users\\Administrator\\Repos\\LovableGUI\\keyword-lens\\debug-browser.js": {"path":"C:\\Users\\Administrator\\Repos\\LovableGUI\\keyword-lens\\debug-browser.js","all":true,"statementMap":{"0":{"start":{"line":1,"column":0},"end":{"line":1,"column":66}},"1":{"start":{"line":2,"column":0},"end":{"line":2,"column":61}},"2":{"start":{"line":3,"column":0},"end":{"line":3,"column":0}},"3":{"start":{"line":4,"column":0},"end":{"line":4,"column":37}},"4":{"start":{"line":5,"column":0},"end":{"line":5,"column":61}},"5":{"start":{"line":6,"column":0},"end":{"line":6,"column":0}},"6":{"start":{"line":7,"column":0},"end":{"line":7,"column":43}},"7":{"start":{"line":8,"column":0},"end":{"line":8,"column":9}},"8":{"start":{"line":9,"column":0},"end":{"line":9,"column":45}},"9":{"start":{"line":10,"column":0},"end":{"line":10,"column":54}},"10":{"start":{"line":11,"column":0},"end":{"line":11,"column":47}},"11":{"start":{"line":12,"column":0},"end":{"line":12,"column":64}},"12":{"start":{"line":13,"column":0},"end":{"line":13,"column":51}},"13":{"start":{"line":14,"column":0},"end":{"line":14,"column":0}},"14":{"start":{"line":15,"column":0},"end":{"line":15,"column":26}},"15":{"start":{"line":16,"column":0},"end":{"line":16,"column":53}},"16":{"start":{"line":17,"column":0},"end":{"line":17,"column":19}},"17":{"start":{"line":18,"column":0},"end":{"line":18,"column":9}},"18":{"start":{"line":19,"column":0},"end":{"line":19,"column":0}},"19":{"start":{"line":20,"column":0},"end":{"line":20,"column":37}},"20":{"start":{"line":21,"column":0},"end":{"line":21,"column":68}},"21":{"start":{"line":22,"column":0},"end":{"line":22,"column":27}},"22":{"start":{"line":23,"column":0},"end":{"line":23,"column":60}},"23":{"start":{"line":24,"column":0},"end":{"line":24,"column":34}},"24":{"start":{"line":25,"column":0},"end":{"line":25,"column":45}},"25":{"start":{"line":26,"column":0},"end":{"line":26,"column":34}},"26":{"start":{"line":27,"column":0},"end":{"line":27,"column":33}},"27":{"start":{"line":28,"column":0},"end":{"line":28,"column":14}},"28":{"start":{"line":29,"column":0},"end":{"line":29,"column":11}},"29":{"start":{"line":30,"column":0},"end":{"line":30,"column":55}},"30":{"start":{"line":31,"column":0},"end":{"line":31,"column":62}},"31":{"start":{"line":32,"column":0},"end":{"line":32,"column":0}},"32":{"start":{"line":33,"column":0},"end":{"line":33,"column":29}},"33":{"start":{"line":34,"column":0},"end":{"line":34,"column":72}},"34":{"start":{"line":35,"column":0},"end":{"line":35,"column":57}},"35":{"start":{"line":36,"column":0},"end":{"line":36,"column":55}},"36":{"start":{"line":37,"column":0},"end":{"line":37,"column":0}},"37":{"start":{"line":38,"column":0},"end":{"line":38,"column":44}},"38":{"start":{"line":39,"column":0},"end":{"line":39,"column":47}},"39":{"start":{"line":40,"column":0},"end":{"line":40,"column":83}},"40":{"start":{"line":41,"column":0},"end":{"line":41,"column":55}},"41":{"start":{"line":42,"column":0},"end":{"line":42,"column":68}},"42":{"start":{"line":43,"column":0},"end":{"line":43,"column":0}},"43":{"start":{"line":44,"column":0},"end":{"line":44,"column":27}},"44":{"start":{"line":45,"column":0},"end":{"line":45,"column":45}},"45":{"start":{"line":46,"column":0},"end":{"line":46,"column":76}},"46":{"start":{"line":47,"column":0},"end":{"line":47,"column":27}},"47":{"start":{"line":48,"column":0},"end":{"line":48,"column":60}},"48":{"start":{"line":49,"column":0},"end":{"line":49,"column":34}},"49":{"start":{"line":50,"column":0},"end":{"line":50,"column":36}},"50":{"start":{"line":51,"column":0},"end":{"line":51,"column":36}},"51":{"start":{"line":52,"column":0},"end":{"line":52,"column":36}},"52":{"start":{"line":53,"column":0},"end":{"line":53,"column":30}},"53":{"start":{"line":54,"column":0},"end":{"line":54,"column":32}},"54":{"start":{"line":55,"column":0},"end":{"line":55,"column":14}},"55":{"start":{"line":56,"column":0},"end":{"line":56,"column":11}},"56":{"start":{"line":57,"column":0},"end":{"line":57,"column":65}},"57":{"start":{"line":58,"column":0},"end":{"line":58,"column":71}},"58":{"start":{"line":59,"column":0},"end":{"line":59,"column":0}},"59":{"start":{"line":60,"column":0},"end":{"line":60,"column":28}},"60":{"start":{"line":61,"column":0},"end":{"line":61,"column":46}},"61":{"start":{"line":62,"column":0},"end":{"line":62,"column":53}},"62":{"start":{"line":63,"column":0},"end":{"line":63,"column":87}},"63":{"start":{"line":64,"column":0},"end":{"line":64,"column":52}},"64":{"start":{"line":65,"column":0},"end":{"line":65,"column":0}},"65":{"start":{"line":66,"column":0},"end":{"line":66,"column":21}},"66":{"start":{"line":67,"column":0},"end":{"line":67,"column":57}},"67":{"start":{"line":68,"column":0},"end":{"line":68,"column":5}},"68":{"start":{"line":69,"column":0},"end":{"line":69,"column":1}},"69":{"start":{"line":70,"column":0},"end":{"line":70,"column":0}},"70":{"start":{"line":71,"column":0},"end":{"line":71,"column":15}},"71":{"start":{"line":72,"column":0},"end":{"line":72,"column":21}}},"s":{"0":0,"1":0,"2":0,"3":0,"4":0,"5":0,"6":0,"7":0,"8":0,"9":0,"10":0,"11":0,"12":0,"13":0,"14":0,"15":0,"16":0,"17":0,"18":0,"19":0,"20":0,"21":0,"22":0,"23":0,"24":0,"25":0,"26":0,"27":0,"28":0,"29":0,"30":0,"31":0,"32":0,"33":0,"34":0,"35":0,"36":0,"37":0,"38":0,"39":0,"40":0,"41":0,"42":0,"43":0,"44":0,"45":0,"46":0,"47":0,"48":0,"49":0,"50":0,"51":0,"52":0,"53":0,"54":0,"55":0,"56":0,"57":0,"58":0,"59":0,"60":0,"61":0,"62":0,"63":0,"64":0,"65":0,"66":0,"67":0,"68":0,"69":0,"70":0,"71":0},"branchMap":{"0":{"type":"branch","line":1,"loc":{"start":{"line":1,"column":2763},"end":{"line":72,"column":21}},"locations":[{"start":{"line":1,"column":2763},"end":{"line":72,"column":21}}]}},"b":{"0":[0]},"fnMap":{"0":{"name":"(empty-report)","decl":{"start":{"line":1,"column":2763},"end":{"line":72,"column":21}},"loc":{"start":{"line":1,"column":2763},"end":{"line":72,"column":21}},"line":1}},"f":{"0":0}}
,"C:\\Users\\Administrator\\Repos\\LovableGUI\\keyword-lens\\postcss.config.js": {"path":"C:\\Users\\Administrator\\Repos\\LovableGUI\\keyword-lens\\postcss.config.js","all":true,"statementMap":{"0":{"start":{"line":1,"column":0},"end":{"line":1,"column":16}},"1":{"start":{"line":2,"column":0},"end":{"line":2,"column":12}},"2":{"start":{"line":3,"column":0},"end":{"line":3,"column":20}},"3":{"start":{"line":4,"column":0},"end":{"line":4,"column":21}},"4":{"start":{"line":5,"column":0},"end":{"line":5,"column":4}},"5":{"start":{"line":6,"column":0},"end":{"line":6,"column":1}}},"s":{"0":0,"1":0,"2":0,"3":0,"4":0,"5":0},"branchMap":{"0":{"type":"branch","line":1,"loc":{"start":{"line":1,"column":0},"end":{"line":6,"column":-13}},"locations":[{"start":{"line":1,"column":0},"end":{"line":6,"column":-13}}]}},"b":{"0":[0]},"fnMap":{"0":{"name":"(empty-report)","decl":{"start":{"line":1,"column":0},"end":{"line":6,"column":-13}},"loc":{"start":{"line":1,"column":0},"end":{"line":6,"column":-13}},"line":1}},"f":{"0":0}}
,"C:\\Users\\Administrator\\Repos\\LovableGUI\\keyword-lens\\tailwind.config.ts": {"path":"C:\\Users\\Administrator\\Repos\\LovableGUI\\keyword-lens\\tailwind.config.ts","all":true,"statementMap":{"2":{"start":{"line":3,"column":0},"end":{"line":3,"column":16}},"3":{"start":{"line":4,"column":0},"end":{"line":4,"column":21}},"4":{"start":{"line":5,"column":0},"end":{"line":5,"column":11}},"5":{"start":{"line":6,"column":0},"end":{"line":6,"column":26}},"6":{"start":{"line":7,"column":0},"end":{"line":7,"column":31}},"7":{"start":{"line":8,"column":0},"end":{"line":8,"column":24}},"8":{"start":{"line":9,"column":0},"end":{"line":9,"column":24}},"9":{"start":{"line":10,"column":0},"end":{"line":10,"column":3}},"10":{"start":{"line":11,"column":0},"end":{"line":11,"column":12}},"11":{"start":{"line":12,"column":0},"end":{"line":12,"column":9}},"12":{"start":{"line":13,"column":0},"end":{"line":13,"column":14}},"13":{"start":{"line":14,"column":0},"end":{"line":14,"column":16}},"14":{"start":{"line":15,"column":0},"end":{"line":15,"column":19}},"15":{"start":{"line":16,"column":0},"end":{"line":16,"column":13}},"16":{"start":{"line":17,"column":0},"end":{"line":17,"column":19}},"17":{"start":{"line":18,"column":0},"end":{"line":18,"column":4}},"18":{"start":{"line":19,"column":0},"end":{"line":19,"column":4}},"19":{"start":{"line":20,"column":0},"end":{"line":20,"column":11}},"20":{"start":{"line":21,"column":0},"end":{"line":21,"column":12}},"21":{"start":{"line":22,"column":0},"end":{"line":22,"column":33}},"22":{"start":{"line":23,"column":0},"end":{"line":23,"column":31}},"23":{"start":{"line":24,"column":0},"end":{"line":24,"column":29}},"24":{"start":{"line":25,"column":0},"end":{"line":25,"column":41}},"25":{"start":{"line":26,"column":0},"end":{"line":26,"column":41}},"26":{"start":{"line":27,"column":0},"end":{"line":27,"column":14}},"27":{"start":{"line":28,"column":0},"end":{"line":28,"column":36}},"28":{"start":{"line":29,"column":0},"end":{"line":29,"column":50}},"29":{"start":{"line":30,"column":0},"end":{"line":30,"column":37}},"30":{"start":{"line":31,"column":0},"end":{"line":31,"column":6}},"31":{"start":{"line":32,"column":0},"end":{"line":32,"column":16}},"32":{"start":{"line":33,"column":0},"end":{"line":33,"column":38}},"33":{"start":{"line":34,"column":0},"end":{"line":34,"column":51}},"34":{"start":{"line":35,"column":0},"end":{"line":35,"column":6}},"35":{"start":{"line":36,"column":0},"end":{"line":36,"column":18}},"36":{"start":{"line":37,"column":0},"end":{"line":37,"column":40}},"37":{"start":{"line":38,"column":0},"end":{"line":38,"column":53}},"38":{"start":{"line":39,"column":0},"end":{"line":39,"column":6}},"39":{"start":{"line":40,"column":0},"end":{"line":40,"column":12}},"40":{"start":{"line":41,"column":0},"end":{"line":41,"column":34}},"41":{"start":{"line":42,"column":0},"end":{"line":42,"column":47}},"42":{"start":{"line":43,"column":0},"end":{"line":43,"column":6}},"43":{"start":{"line":44,"column":0},"end":{"line":44,"column":13}},"44":{"start":{"line":45,"column":0},"end":{"line":45,"column":35}},"45":{"start":{"line":46,"column":0},"end":{"line":46,"column":48}},"46":{"start":{"line":47,"column":0},"end":{"line":47,"column":6}},"47":{"start":{"line":48,"column":0},"end":{"line":48,"column":14}},"48":{"start":{"line":49,"column":0},"end":{"line":49,"column":36}},"49":{"start":{"line":50,"column":0},"end":{"line":50,"column":49}},"50":{"start":{"line":51,"column":0},"end":{"line":51,"column":6}},"51":{"start":{"line":52,"column":0},"end":{"line":52,"column":11}},"52":{"start":{"line":53,"column":0},"end":{"line":53,"column":33}},"53":{"start":{"line":54,"column":0},"end":{"line":54,"column":46}},"54":{"start":{"line":55,"column":0},"end":{"line":55,"column":6}},"55":{"start":{"line":56,"column":0},"end":{"line":56,"column":14}},"56":{"start":{"line":57,"column":0},"end":{"line":57,"column":47}},"57":{"start":{"line":58,"column":0},"end":{"line":58,"column":50}},"58":{"start":{"line":59,"column":0},"end":{"line":59,"column":44}},"59":{"start":{"line":60,"column":0},"end":{"line":60,"column":68}},"60":{"start":{"line":61,"column":0},"end":{"line":61,"column":42}},"61":{"start":{"line":62,"column":0},"end":{"line":62,"column":66}},"62":{"start":{"line":63,"column":0},"end":{"line":63,"column":42}},"63":{"start":{"line":64,"column":0},"end":{"line":64,"column":37}},"64":{"start":{"line":65,"column":0},"end":{"line":65,"column":5}},"65":{"start":{"line":66,"column":0},"end":{"line":66,"column":5}},"66":{"start":{"line":67,"column":0},"end":{"line":67,"column":21}},"67":{"start":{"line":68,"column":0},"end":{"line":68,"column":50}},"68":{"start":{"line":69,"column":0},"end":{"line":69,"column":60}},"69":{"start":{"line":70,"column":0},"end":{"line":70,"column":48}},"70":{"start":{"line":71,"column":0},"end":{"line":71,"column":44}},"71":{"start":{"line":72,"column":0},"end":{"line":72,"column":43}},"72":{"start":{"line":73,"column":0},"end":{"line":73,"column":5}},"73":{"start":{"line":74,"column":0},"end":{"line":74,"column":15}},"74":{"start":{"line":75,"column":0},"end":{"line":75,"column":39}},"75":{"start":{"line":76,"column":0},"end":{"line":76,"column":33}},"76":{"start":{"line":77,"column":0},"end":{"line":77,"column":35}},"77":{"start":{"line":78,"column":0},"end":{"line":78,"column":33}},"78":{"start":{"line":79,"column":0},"end":{"line":79,"column":44}},"79":{"start":{"line":80,"column":0},"end":{"line":80,"column":5}},"80":{"start":{"line":81,"column":0},"end":{"line":81,"column":30}},"81":{"start":{"line":82,"column":0},"end":{"line":82,"column":41}},"82":{"start":{"line":83,"column":0},"end":{"line":83,"column":41}},"83":{"start":{"line":84,"column":0},"end":{"line":84,"column":36}},"84":{"start":{"line":85,"column":0},"end":{"line":85,"column":5}},"85":{"start":{"line":86,"column":0},"end":{"line":86,"column":18}},"86":{"start":{"line":87,"column":0},"end":{"line":87,"column":24}},"87":{"start":{"line":88,"column":0},"end":{"line":88,"column":36}},"88":{"start":{"line":89,"column":0},"end":{"line":89,"column":35}},"89":{"start":{"line":90,"column":0},"end":{"line":90,"column":5}},"90":{"start":{"line":91,"column":0},"end":{"line":91,"column":15}},"91":{"start":{"line":92,"column":0},"end":{"line":92,"column":23}},"92":{"start":{"line":93,"column":0},"end":{"line":93,"column":41}},"93":{"start":{"line":94,"column":0},"end":{"line":94,"column":74}},"94":{"start":{"line":95,"column":0},"end":{"line":95,"column":6}},"95":{"start":{"line":96,"column":0},"end":{"line":96,"column":21}},"96":{"start":{"line":97,"column":0},"end":{"line":97,"column":77}},"97":{"start":{"line":98,"column":0},"end":{"line":98,"column":38}},"98":{"start":{"line":99,"column":0},"end":{"line":99,"column":6}},"99":{"start":{"line":100,"column":0},"end":{"line":100,"column":16}},"100":{"start":{"line":101,"column":0},"end":{"line":101,"column":12}},"101":{"start":{"line":102,"column":0},"end":{"line":102,"column":19}},"102":{"start":{"line":103,"column":0},"end":{"line":103,"column":35}},"103":{"start":{"line":104,"column":0},"end":{"line":104,"column":7}},"104":{"start":{"line":105,"column":0},"end":{"line":105,"column":14}},"105":{"start":{"line":106,"column":0},"end":{"line":106,"column":19}},"106":{"start":{"line":107,"column":0},"end":{"line":107,"column":32}},"107":{"start":{"line":108,"column":0},"end":{"line":108,"column":6}},"108":{"start":{"line":109,"column":0},"end":{"line":109,"column":6}},"109":{"start":{"line":110,"column":0},"end":{"line":110,"column":17}},"110":{"start":{"line":111,"column":0},"end":{"line":111,"column":12}},"111":{"start":{"line":112,"column":0},"end":{"line":112,"column":31}},"112":{"start":{"line":113,"column":0},"end":{"line":113,"column":18}},"113":{"start":{"line":114,"column":0},"end":{"line":114,"column":7}},"114":{"start":{"line":115,"column":0},"end":{"line":115,"column":14}},"115":{"start":{"line":116,"column":0},"end":{"line":116,"column":28}},"116":{"start":{"line":117,"column":0},"end":{"line":117,"column":18}},"117":{"start":{"line":118,"column":0},"end":{"line":118,"column":6}},"118":{"start":{"line":119,"column":0},"end":{"line":119,"column":6}},"119":{"start":{"line":120,"column":0},"end":{"line":120,"column":19}},"120":{"start":{"line":121,"column":0},"end":{"line":121,"column":18}},"121":{"start":{"line":122,"column":0},"end":{"line":122,"column":38}},"122":{"start":{"line":123,"column":0},"end":{"line":123,"column":29}},"123":{"start":{"line":124,"column":0},"end":{"line":124,"column":7}},"124":{"start":{"line":125,"column":0},"end":{"line":125,"column":13}},"125":{"start":{"line":126,"column":0},"end":{"line":126,"column":84}},"126":{"start":{"line":127,"column":0},"end":{"line":127,"column":31}},"127":{"start":{"line":128,"column":0},"end":{"line":128,"column":6}},"128":{"start":{"line":129,"column":0},"end":{"line":129,"column":5}},"129":{"start":{"line":130,"column":0},"end":{"line":130,"column":5}},"130":{"start":{"line":131,"column":0},"end":{"line":131,"column":15}},"131":{"start":{"line":132,"column":0},"end":{"line":132,"column":53}},"132":{"start":{"line":133,"column":0},"end":{"line":133,"column":49}},"133":{"start":{"line":134,"column":0},"end":{"line":134,"column":39}},"134":{"start":{"line":135,"column":0},"end":{"line":135,"column":41}},"135":{"start":{"line":136,"column":0},"end":{"line":136,"column":54}},"136":{"start":{"line":137,"column":0},"end":{"line":137,"column":4}},"137":{"start":{"line":138,"column":0},"end":{"line":138,"column":3}},"138":{"start":{"line":139,"column":0},"end":{"line":139,"column":3}},"139":{"start":{"line":140,"column":0},"end":{"line":140,"column":43}},"140":{"start":{"line":141,"column":0},"end":{"line":141,"column":19}}},"s":{"2":0,"3":0,"4":0,"5":0,"6":0,"7":0,"8":0,"9":0,"10":0,"11":0,"12":0,"13":0,"14":0,"15":0,"16":0,"17":0,"18":0,"19":0,"20":0,"21":0,"22":0,"23":0,"24":0,"25":0,"26":0,"27":0,"28":0,"29":0,"30":0,"31":0,"32":0,"33":0,"34":0,"35":0,"36":0,"37":0,"38":0,"39":0,"40":0,"41":0,"42":0,"43":0,"44":0,"45":0,"46":0,"47":0,"48":0,"49":0,"50":0,"51":0,"52":0,"53":0,"54":0,"55":0,"56":0,"57":0,"58":0,"59":0,"60":0,"61":0,"62":0,"63":0,"64":0,"65":0,"66":0,"67":0,"68":0,"69":0,"70":0,"71":0,"72":0,"73":0,"74":0,"75":0,"76":0,"77":0,"78":0,"79":0,"80":0,"81":0,"82":0,"83":0,"84":0,"85":0,"86":0,"87":0,"88":0,"89":0,"90":0,"91":0,"92":0,"93":0,"94":0,"95":0,"96":0,"97":0,"98":0,"99":0,"100":0,"101":0,"102":0,"103":0,"104":0,"105":0,"106":0,"107":0,"108":0,"109":0,"110":0,"111":0,"112":0,"113":0,"114":0,"115":0,"116":0,"117":0,"118":0,"119":0,"120":0,"121":0,"122":0,"123":0,"124":0,"125":0,"126":0,"127":0,"128":0,"129":0,"130":0,"131":0,"132":0,"133":0,"134":0,"135":0,"136":0,"137":0,"138":0,"139":0,"140":0},"branchMap":{"0":{"type":"branch","line":1,"loc":{"start":{"line":1,"column":46},"end":{"line":141,"column":-1070}},"locations":[{"start":{"line":1,"column":46},"end":{"line":141,"column":-1070}}]}},"b":{"0":[1]},"fnMap":{"0":{"name":"(empty-report)","decl":{"start":{"line":1,"column":46},"end":{"line":141,"column":-1070}},"loc":{"start":{"line":1,"column":46},"end":{"line":141,"column":-1070}},"line":1}},"f":{"0":1}}
,"C:\\Users\\Administrator\\Repos\\LovableGUI\\keyword-lens\\src\\App.tsx": {"path":"C:\\Users\\Administrator\\Repos\\LovableGUI\\keyword-lens\\src\\App.tsx","all":true,"statementMap":{"0":{"start":{"line":1,"column":0},"end":{"line":1,"column":50}},"1":{"start":{"line":2,"column":0},"end":{"line":2,"column":59}},"2":{"start":{"line":3,"column":0},"end":{"line":3,"column":58}},"3":{"start":{"line":4,"column":0},"end":{"line":4,"column":73}},"4":{"start":{"line":5,"column":0},"end":{"line":5,"column":64}},"5":{"start":{"line":6,"column":0},"end":{"line":6,"column":34}},"6":{"start":{"line":7,"column":0},"end":{"line":7,"column":40}},"8":{"start":{"line":9,"column":0},"end":{"line":9,"column":38}},"10":{"start":{"line":11,"column":0},"end":{"line":11,"column":19}},"11":{"start":{"line":12,"column":0},"end":{"line":12,"column":44}},"12":{"start":{"line":13,"column":0},"end":{"line":13,"column":21}},"13":{"start":{"line":14,"column":0},"end":{"line":14,"column":17}},"14":{"start":{"line":15,"column":0},"end":{"line":15,"column":16}},"15":{"start":{"line":16,"column":0},"end":{"line":16,"column":21}},"16":{"start":{"line":17,"column":0},"end":{"line":17,"column":16}},"17":{"start":{"line":18,"column":0},"end":{"line":18,"column":48}},"19":{"start":{"line":20,"column":0},"end":{"line":20,"column":51}},"26":{"start":{"line":27,"column":0},"end":{"line":27,"column":19}}},"s":{"0":0,"1":0,"2":0,"3":0,"4":0,"5":0,"6":0,"8":0,"10":0,"11":0,"12":0,"13":0,"14":0,"15":0,"16":0,"17":0,"19":0,"26":0},"branchMap":{"0":{"type":"branch","line":1,"loc":{"start":{"line":1,"column":896},"end":{"line":27,"column":19}},"locations":[{"start":{"line":1,"column":896},"end":{"line":27,"column":19}}]}},"b":{"0":[0]},"fnMap":{"0":{"name":"(empty-report)","decl":{"start":{"line":1,"column":896},"end":{"line":27,"column":19}},"loc":{"start":{"line":1,"column":896},"end":{"line":27,"column":19}},"line":1}},"f":{"0":0}}
,"C:\\Users\\Administrator\\Repos\\LovableGUI\\keyword-lens\\src\\main.tsx": {"path":"C:\\Users\\Administrator\\Repos\\LovableGUI\\keyword-lens\\src\\main.tsx","all":true,"statementMap":{"0":{"start":{"line":1,"column":0},"end":{"line":1,"column":45}},"1":{"start":{"line":2,"column":0},"end":{"line":2,"column":27}},"2":{"start":{"line":3,"column":0},"end":{"line":3,"column":20}},"4":{"start":{"line":5,"column":0},"end":{"line":5,"column":61}}},"s":{"0":0,"1":0,"2":0,"4":0},"branchMap":{"0":{"type":"branch","line":1,"loc":{"start":{"line":1,"column":161},"end":{"line":5,"column":61}},"locations":[{"start":{"line":1,"column":161},"end":{"line":5,"column":61}}]}},"b":{"0":[0]},"fnMap":{"0":{"name":"(empty-report)","decl":{"start":{"line":1,"column":161},"end":{"line":5,"column":61}},"loc":{"start":{"line":1,"column":161},"end":{"line":5,"column":61}},"line":1}},"f":{"0":0}}
,"C:\\Users\\Administrator\\Repos\\LovableGUI\\keyword-lens\\src\\components\\ApiStatusIndicator.tsx": {"path":"C:\\Users\\Administrator\\Repos\\LovableGUI\\keyword-lens\\src\\components\\ApiStatusIndicator.tsx","all":true,"statementMap":{"0":{"start":{"line":1,"column":0},"end":{"line":1,"column":26}},"7":{"start":{"line":8,"column":0},"end":{"line":8,"column":51}},"8":{"start":{"line":9,"column":0},"end":{"line":9,"column":33}},"9":{"start":{"line":10,"column":0},"end":{"line":10,"column":33}},"10":{"start":{"line":11,"column":0},"end":{"line":11,"column":6}},"12":{"start":{"line":13,"column":0},"end":{"line":13,"column":12}},"13":{"start":{"line":14,"column":0},"end":{"line":14,"column":72}},"14":{"start":{"line":15,"column":0},"end":{"line":15,"column":63}},"15":{"start":{"line":16,"column":0},"end":{"line":16,"column":57}},"16":{"start":{"line":17,"column":0},"end":{"line":17,"column":45}},"17":{"start":{"line":18,"column":0},"end":{"line":18,"column":72}},"19":{"start":{"line":20,"column":0},"end":{"line":20,"column":68}},"21":{"start":{"line":22,"column":0},"end":{"line":22,"column":58}},"24":{"start":{"line":25,"column":0},"end":{"line":25,"column":26}},"25":{"start":{"line":26,"column":0},"end":{"line":26,"column":80}},"26":{"start":{"line":27,"column":0},"end":{"line":27,"column":122}},"28":{"start":{"line":29,"column":0},"end":{"line":29,"column":43}},"30":{"start":{"line":31,"column":0},"end":{"line":31,"column":46}},"31":{"start":{"line":32,"column":0},"end":{"line":32,"column":72}},"36":{"start":{"line":37,"column":0},"end":{"line":37,"column":57}},"37":{"start":{"line":38,"column":0},"end":{"line":38,"column":68}},"38":{"start":{"line":39,"column":0},"end":{"line":39,"column":53}},"40":{"start":{"line":41,"column":0},"end":{"line":41,"column":27}},"41":{"start":{"line":42,"column":0},"end":{"line":42,"column":41}},"42":{"start":{"line":43,"column":0},"end":{"line":43,"column":33}},"43":{"start":{"line":44,"column":0},"end":{"line":44,"column":47}},"44":{"start":{"line":45,"column":0},"end":{"line":45,"column":52}},"45":{"start":{"line":46,"column":0},"end":{"line":46,"column":21}},"50":{"start":{"line":51,"column":0},"end":{"line":51,"column":38}},"51":{"start":{"line":52,"column":0},"end":{"line":52,"column":68}},"57":{"start":{"line":58,"column":0},"end":{"line":58,"column":2}}},"s":{"0":0,"7":0,"8":0,"9":0,"10":0,"12":0,"13":0,"14":0,"15":0,"16":0,"17":0,"19":0,"21":0,"24":0,"25":0,"26":0,"28":0,"30":0,"31":0,"36":0,"37":0,"38":0,"40":0,"41":0,"42":0,"43":0,"44":0,"45":0,"50":0,"51":0,"57":0},"branchMap":{"0":{"type":"branch","line":1,"loc":{"start":{"line":1,"column":0},"end":{"line":58,"column":-1570}},"locations":[{"start":{"line":1,"column":0},"end":{"line":58,"column":-1570}}]}},"b":{"0":[0]},"fnMap":{"0":{"name":"(empty-report)","decl":{"start":{"line":1,"column":0},"end":{"line":58,"column":-1570}},"loc":{"start":{"line":1,"column":0},"end":{"line":58,"column":-1570}},"line":1}},"f":{"0":0}}
,"C:\\Users\\Administrator\\Repos\\LovableGUI\\keyword-lens\\src\\components\\DataTab.tsx": {"path":"C:\\Users\\Administrator\\Repos\\LovableGUI\\keyword-lens\\src\\components\\DataTab.tsx","all":false,"statementMap":{"0":{"start":{"line":1,"column":0},"end":{"line":1,"column":40}},"7":{"start":{"line":8,"column":0},"end":{"line":8,"column":40}},"8":{"start":{"line":9,"column":0},"end":{"line":9,"column":116}},"9":{"start":{"line":10,"column":0},"end":{"line":10,"column":82}},"10":{"start":{"line":11,"column":0},"end":{"line":11,"column":55}},"11":{"start":{"line":12,"column":0},"end":{"line":12,"column":42}},"12":{"start":{"line":13,"column":0},"end":{"line":13,"column":42}},"13":{"start":{"line":14,"column":0},"end":{"line":14,"column":21}},"14":{"start":{"line":15,"column":0},"end":{"line":15,"column":31}},"15":{"start":{"line":16,"column":0},"end":{"line":16,"column":5}},"16":{"start":{"line":17,"column":0},"end":{"line":17,"column":74}},"17":{"start":{"line":18,"column":0},"end":{"line":18,"column":23}},"18":{"start":{"line":19,"column":0},"end":{"line":19,"column":22}},"19":{"start":{"line":20,"column":0},"end":{"line":20,"column":5}},"20":{"start":{"line":21,"column":0},"end":{"line":21,"column":31}},"22":{"start":{"line":23,"column":0},"end":{"line":23,"column":54}},"23":{"start":{"line":24,"column":0},"end":{"line":24,"column":29}},"24":{"start":{"line":25,"column":0},"end":{"line":25,"column":4}},"26":{"start":{"line":27,"column":0},"end":{"line":27,"column":69}},"27":{"start":{"line":28,"column":0},"end":{"line":28,"column":36}},"28":{"start":{"line":29,"column":0},"end":{"line":29,"column":4}},"30":{"start":{"line":31,"column":0},"end":{"line":31,"column":64}},"31":{"start":{"line":32,"column":0},"end":{"line":32,"column":39}},"32":{"start":{"line":33,"column":0},"end":{"line":33,"column":4}},"34":{"start":{"line":35,"column":0},"end":{"line":35,"column":81}},"35":{"start":{"line":36,"column":0},"end":{"line":36,"column":82}},"36":{"start":{"line":37,"column":0},"end":{"line":37,"column":86}},"38":{"start":{"line":39,"column":0},"end":{"line":39,"column":31}},"39":{"start":{"line":40,"column":0},"end":{"line":40,"column":14}},"40":{"start":{"line":41,"column":0},"end":{"line":41,"column":66}},"41":{"start":{"line":42,"column":0},"end":{"line":42,"column":73}},"42":{"start":{"line":43,"column":0},"end":{"line":43,"column":18}},"44":{"start":{"line":45,"column":0},"end":{"line":45,"column":8}},"46":{"start":{"line":47,"column":0},"end":{"line":47,"column":11}},"47":{"start":{"line":48,"column":0},"end":{"line":48,"column":33}},"48":{"start":{"line":49,"column":0},"end":{"line":49,"column":53}},"49":{"start":{"line":50,"column":0},"end":{"line":50,"column":7}},"50":{"start":{"line":51,"column":0},"end":{"line":51,"column":4}},"52":{"start":{"line":53,"column":0},"end":{"line":53,"column":83}},"53":{"start":{"line":54,"column":0},"end":{"line":54,"column":31}},"54":{"start":{"line":55,"column":0},"end":{"line":55,"column":14}},"55":{"start":{"line":56,"column":0},"end":{"line":56,"column":126}},"56":{"start":{"line":57,"column":0},"end":{"line":57,"column":46}},"57":{"start":{"line":58,"column":0},"end":{"line":58,"column":8}},"59":{"start":{"line":60,"column":0},"end":{"line":60,"column":11}},"60":{"start":{"line":61,"column":0},"end":{"line":61,"column":33}},"61":{"start":{"line":62,"column":0},"end":{"line":62,"column":58}},"62":{"start":{"line":63,"column":0},"end":{"line":63,"column":7}},"63":{"start":{"line":64,"column":0},"end":{"line":64,"column":4}},"65":{"start":{"line":66,"column":0},"end":{"line":66,"column":37}},"66":{"start":{"line":67,"column":0},"end":{"line":67,"column":11}},"67":{"start":{"line":68,"column":0},"end":{"line":68,"column":33}},"68":{"start":{"line":69,"column":0},"end":{"line":69,"column":70}},"69":{"start":{"line":70,"column":0},"end":{"line":70,"column":7}},"70":{"start":{"line":71,"column":0},"end":{"line":71,"column":4}},"72":{"start":{"line":73,"column":0},"end":{"line":73,"column":38}},"73":{"start":{"line":74,"column":0},"end":{"line":74,"column":11}},"74":{"start":{"line":75,"column":0},"end":{"line":75,"column":32}},"75":{"start":{"line":76,"column":0},"end":{"line":76,"column":68}},"76":{"start":{"line":77,"column":0},"end":{"line":77,"column":7}},"77":{"start":{"line":78,"column":0},"end":{"line":78,"column":4}},"79":{"start":{"line":80,"column":0},"end":{"line":80,"column":62}},"81":{"start":{"line":82,"column":0},"end":{"line":82,"column":10}},"82":{"start":{"line":83,"column":0},"end":{"line":83,"column":82}},"84":{"start":{"line":85,"column":0},"end":{"line":85,"column":94}},"85":{"start":{"line":86,"column":0},"end":{"line":86,"column":121}},"86":{"start":{"line":87,"column":0},"end":{"line":87,"column":124}},"88":{"start":{"line":89,"column":0},"end":{"line":89,"column":69}},"90":{"start":{"line":91,"column":0},"end":{"line":91,"column":24}},"91":{"start":{"line":92,"column":0},"end":{"line":92,"column":29}},"92":{"start":{"line":93,"column":0},"end":{"line":93,"column":33}},"93":{"start":{"line":94,"column":0},"end":{"line":94,"column":27}},"94":{"start":{"line":95,"column":0},"end":{"line":95,"column":39}},"95":{"start":{"line":96,"column":0},"end":{"line":96,"column":47}},"96":{"start":{"line":97,"column":0},"end":{"line":97,"column":43}},"97":{"start":{"line":98,"column":0},"end":{"line":98,"column":67}},"98":{"start":{"line":99,"column":0},"end":{"line":99,"column":44}},"99":{"start":{"line":100,"column":0},"end":{"line":100,"column":38}},"100":{"start":{"line":101,"column":0},"end":{"line":101,"column":50}},"101":{"start":{"line":102,"column":0},"end":{"line":102,"column":47}},"102":{"start":{"line":103,"column":0},"end":{"line":103,"column":51}},"103":{"start":{"line":104,"column":0},"end":{"line":104,"column":47}},"104":{"start":{"line":105,"column":0},"end":{"line":105,"column":49}},"108":{"start":{"line":109,"column":0},"end":{"line":109,"column":21}},"109":{"start":{"line":110,"column":0},"end":{"line":110,"column":45}},"110":{"start":{"line":111,"column":0},"end":{"line":111,"column":33}},"111":{"start":{"line":112,"column":0},"end":{"line":112,"column":29}},"112":{"start":{"line":113,"column":0},"end":{"line":113,"column":27}},"113":{"start":{"line":114,"column":0},"end":{"line":114,"column":104}},"118":{"start":{"line":119,"column":0},"end":{"line":119,"column":2}}},"s":{"0":1,"7":1,"8":3,"9":3,"10":3,"11":3,"12":3,"13":3,"14":3,"15":3,"16":3,"17":3,"18":3,"19":3,"20":3,"22":3,"23":0,"24":0,"26":3,"27":0,"28":0,"30":3,"31":0,"32":0,"34":3,"35":0,"36":0,"38":0,"39":0,"40":0,"41":0,"42":0,"44":0,"46":0,"47":0,"48":0,"49":0,"50":0,"52":3,"53":0,"54":0,"55":0,"56":0,"57":0,"59":0,"60":0,"61":0,"62":0,"63":0,"65":3,"66":0,"67":0,"68":0,"69":0,"70":0,"72":3,"73":0,"74":0,"75":0,"76":0,"77":0,"79":3,"81":3,"82":3,"84":3,"85":3,"86":3,"88":3,"90":3,"91":3,"92":3,"93":3,"94":3,"95":3,"96":3,"97":3,"98":3,"99":3,"100":3,"101":3,"102":3,"103":3,"104":3,"108":3,"109":3,"110":3,"111":3,"112":3,"113":3,"118":3},"branchMap":{"0":{"type":"branch","line":8,"loc":{"start":{"line":8,"column":33},"end":{"line":119,"column":2}},"locations":[{"start":{"line":8,"column":33},"end":{"line":119,"column":2}}]},"1":{"type":"branch","line":80,"loc":{"start":{"line":80,"column":43},"end":{"line":80,"column":60}},"locations":[{"start":{"line":80,"column":43},"end":{"line":80,"column":60}}]}},"b":{"0":[3],"1":[6]},"fnMap":{"0":{"name":"DataTab","decl":{"start":{"line":8,"column":33},"end":{"line":119,"column":2}},"loc":{"start":{"line":8,"column":33},"end":{"line":119,"column":2}},"line":8},"1":{"name":"handleKeywordToggle","decl":{"start":{"line":23,"column":30},"end":{"line":25,"column":4}},"loc":{"start":{"line":23,"column":30},"end":{"line":25,"column":4}},"line":23},"2":{"name":"handleKeywordEdit","decl":{"start":{"line":27,"column":28},"end":{"line":29,"column":4}},"loc":{"start":{"line":27,"column":28},"end":{"line":29,"column":4}},"line":27},"3":{"name":"handleKeywordVisibilityToggle","decl":{"start":{"line":31,"column":40},"end":{"line":33,"column":4}},"loc":{"start":{"line":31,"column":40},"end":{"line":33,"column":4}},"line":31},"4":{"name":"handleBulkSelectAll","decl":{"start":{"line":35,"column":30},"end":{"line":51,"column":4}},"loc":{"start":{"line":35,"column":30},"end":{"line":51,"column":4}},"line":35},"5":{"name":"handleBulkDeselectAll","decl":{"start":{"line":53,"column":32},"end":{"line":64,"column":4}},"loc":{"start":{"line":53,"column":32},"end":{"line":64,"column":4}},"line":53},"6":{"name":"handleCreateAIModel","decl":{"start":{"line":66,"column":30},"end":{"line":71,"column":4}},"loc":{"start":{"line":66,"column":30},"end":{"line":71,"column":4}},"line":66},"7":{"name":"handleAnnotateImages","decl":{"start":{"line":73,"column":31},"end":{"line":78,"column":4}},"loc":{"start":{"line":73,"column":31},"end":{"line":78,"column":4}},"line":73},"8":{"name":"onKeywordUpdate","decl":{"start":{"line":114,"column":27},"end":{"line":114,"column":104}},"loc":{"start":{"line":114,"column":27},"end":{"line":114,"column":104}},"line":114}},"f":{"0":3,"1":0,"2":0,"3":0,"4":0,"5":0,"6":0,"7":0,"8":0}}
,"C:\\Users\\Administrator\\Repos\\LovableGUI\\keyword-lens\\src\\components\\ImageContent.tsx": {"path":"C:\\Users\\Administrator\\Repos\\LovableGUI\\keyword-lens\\src\\components\\ImageContent.tsx","all":false,"statementMap":{"0":{"start":{"line":1,"column":0},"end":{"line":1,"column":51}},"25":{"start":{"line":26,"column":0},"end":{"line":26,"column":59}},"26":{"start":{"line":27,"column":0},"end":{"line":27,"column":19}},"27":{"start":{"line":28,"column":0},"end":{"line":28,"column":13}},"28":{"start":{"line":29,"column":0},"end":{"line":29,"column":11}},"29":{"start":{"line":30,"column":0},"end":{"line":30,"column":10}},"30":{"start":{"line":31,"column":0},"end":{"line":31,"column":18}},"31":{"start":{"line":32,"column":0},"end":{"line":32,"column":7}},"32":{"start":{"line":33,"column":0},"end":{"line":33,"column":73}},"33":{"start":{"line":34,"column":0},"end":{"line":34,"column":54}},"34":{"start":{"line":35,"column":0},"end":{"line":35,"column":89}},"35":{"start":{"line":36,"column":0},"end":{"line":36,"column":73}},"36":{"start":{"line":37,"column":0},"end":{"line":37,"column":83}},"38":{"start":{"line":39,"column":0},"end":{"line":39,"column":22}},"39":{"start":{"line":40,"column":0},"end":{"line":40,"column":62}},"40":{"start":{"line":41,"column":0},"end":{"line":41,"column":62}},"41":{"start":{"line":42,"column":0},"end":{"line":42,"column":26}},"42":{"start":{"line":43,"column":0},"end":{"line":43,"column":26}},"44":{"start":{"line":45,"column":0},"end":{"line":45,"column":33}},"45":{"start":{"line":46,"column":0},"end":{"line":46,"column":75}},"46":{"start":{"line":47,"column":0},"end":{"line":47,"column":87}},"48":{"start":{"line":49,"column":0},"end":{"line":49,"column":124}},"49":{"start":{"line":50,"column":0},"end":{"line":50,"column":97}},"50":{"start":{"line":51,"column":0},"end":{"line":51,"column":31}},"52":{"start":{"line":53,"column":0},"end":{"line":53,"column":48}},"53":{"start":{"line":54,"column":0},"end":{"line":54,"column":95}},"54":{"start":{"line":55,"column":0},"end":{"line":55,"column":45}},"55":{"start":{"line":56,"column":0},"end":{"line":56,"column":32}},"56":{"start":{"line":57,"column":0},"end":{"line":57,"column":70}},"57":{"start":{"line":58,"column":0},"end":{"line":58,"column":14}},"58":{"start":{"line":59,"column":0},"end":{"line":59,"column":69}},"59":{"start":{"line":60,"column":0},"end":{"line":60,"column":7}},"60":{"start":{"line":61,"column":0},"end":{"line":61,"column":7}},"61":{"start":{"line":62,"column":0},"end":{"line":62,"column":4}},"63":{"start":{"line":64,"column":0},"end":{"line":64,"column":51}},"64":{"start":{"line":65,"column":0},"end":{"line":65,"column":81}},"65":{"start":{"line":66,"column":0},"end":{"line":66,"column":45}},"67":{"start":{"line":68,"column":0},"end":{"line":68,"column":25}},"68":{"start":{"line":69,"column":0},"end":{"line":69,"column":54}},"69":{"start":{"line":70,"column":0},"end":{"line":70,"column":5}},"71":{"start":{"line":72,"column":0},"end":{"line":72,"column":73}},"72":{"start":{"line":73,"column":0},"end":{"line":73,"column":71}},"73":{"start":{"line":74,"column":0},"end":{"line":74,"column":65}},"74":{"start":{"line":75,"column":0},"end":{"line":75,"column":39}},"75":{"start":{"line":76,"column":0},"end":{"line":76,"column":35}},"76":{"start":{"line":77,"column":0},"end":{"line":77,"column":48}},"77":{"start":{"line":78,"column":0},"end":{"line":78,"column":7}},"79":{"start":{"line":80,"column":0},"end":{"line":80,"column":59}},"80":{"start":{"line":81,"column":0},"end":{"line":81,"column":40}},"81":{"start":{"line":82,"column":0},"end":{"line":82,"column":48}},"83":{"start":{"line":84,"column":0},"end":{"line":84,"column":34}},"84":{"start":{"line":85,"column":0},"end":{"line":85,"column":26}},"85":{"start":{"line":86,"column":0},"end":{"line":86,"column":58}},"86":{"start":{"line":87,"column":0},"end":{"line":87,"column":124}},"87":{"start":{"line":88,"column":0},"end":{"line":88,"column":28}},"88":{"start":{"line":89,"column":0},"end":{"line":89,"column":7}},"90":{"start":{"line":91,"column":0},"end":{"line":91,"column":32}},"91":{"start":{"line":92,"column":0},"end":{"line":92,"column":26}},"92":{"start":{"line":93,"column":0},"end":{"line":93,"column":55}},"93":{"start":{"line":94,"column":0},"end":{"line":94,"column":122}},"94":{"start":{"line":95,"column":0},"end":{"line":95,"column":27}},"95":{"start":{"line":96,"column":0},"end":{"line":96,"column":7}},"97":{"start":{"line":98,"column":0},"end":{"line":98,"column":44}},"98":{"start":{"line":99,"column":0},"end":{"line":99,"column":25}},"99":{"start":{"line":100,"column":0},"end":{"line":100,"column":58}},"100":{"start":{"line":101,"column":0},"end":{"line":101,"column":55}},"101":{"start":{"line":102,"column":0},"end":{"line":102,"column":54}},"102":{"start":{"line":103,"column":0},"end":{"line":103,"column":177}},"103":{"start":{"line":104,"column":0},"end":{"line":104,"column":25}},"104":{"start":{"line":105,"column":0},"end":{"line":105,"column":7}},"106":{"start":{"line":107,"column":0},"end":{"line":107,"column":18}},"107":{"start":{"line":108,"column":0},"end":{"line":108,"column":7}},"109":{"start":{"line":110,"column":0},"end":{"line":110,"column":59}},"110":{"start":{"line":111,"column":0},"end":{"line":111,"column":43}},"111":{"start":{"line":112,"column":0},"end":{"line":112,"column":43}},"112":{"start":{"line":113,"column":0},"end":{"line":113,"column":65}},"113":{"start":{"line":114,"column":0},"end":{"line":114,"column":7}},"115":{"start":{"line":116,"column":0},"end":{"line":116,"column":26}},"116":{"start":{"line":117,"column":0},"end":{"line":117,"column":4}},"118":{"start":{"line":119,"column":0},"end":{"line":119,"column":70}},"119":{"start":{"line":120,"column":0},"end":{"line":120,"column":101}},"120":{"start":{"line":121,"column":0},"end":{"line":121,"column":68}},"121":{"start":{"line":122,"column":0},"end":{"line":122,"column":46}},"122":{"start":{"line":123,"column":0},"end":{"line":123,"column":4}},"124":{"start":{"line":125,"column":0},"end":{"line":125,"column":69}},"125":{"start":{"line":126,"column":0},"end":{"line":126,"column":103}},"126":{"start":{"line":127,"column":0},"end":{"line":127,"column":35}},"127":{"start":{"line":128,"column":0},"end":{"line":128,"column":65}},"128":{"start":{"line":129,"column":0},"end":{"line":129,"column":5}},"130":{"start":{"line":131,"column":0},"end":{"line":131,"column":51}},"131":{"start":{"line":132,"column":0},"end":{"line":132,"column":59}},"132":{"start":{"line":133,"column":0},"end":{"line":133,"column":69}},"134":{"start":{"line":135,"column":0},"end":{"line":135,"column":46}},"135":{"start":{"line":136,"column":0},"end":{"line":136,"column":47}},"136":{"start":{"line":137,"column":0},"end":{"line":137,"column":56}},"137":{"start":{"line":138,"column":0},"end":{"line":138,"column":5}},"139":{"start":{"line":140,"column":0},"end":{"line":140,"column":84}},"140":{"start":{"line":141,"column":0},"end":{"line":141,"column":4}},"142":{"start":{"line":143,"column":0},"end":{"line":143,"column":59}},"143":{"start":{"line":144,"column":0},"end":{"line":144,"column":19}},"144":{"start":{"line":145,"column":0},"end":{"line":145,"column":28}},"145":{"start":{"line":146,"column":0},"end":{"line":146,"column":36}},"146":{"start":{"line":147,"column":0},"end":{"line":147,"column":84}},"147":{"start":{"line":148,"column":0},"end":{"line":148,"column":26}},"148":{"start":{"line":149,"column":0},"end":{"line":149,"column":9}},"149":{"start":{"line":150,"column":0},"end":{"line":150,"column":42}},"150":{"start":{"line":151,"column":0},"end":{"line":151,"column":5}},"151":{"start":{"line":152,"column":0},"end":{"line":152,"column":22}},"153":{"start":{"line":154,"column":0},"end":{"line":154,"column":57}},"154":{"start":{"line":155,"column":0},"end":{"line":155,"column":19}},"155":{"start":{"line":156,"column":0},"end":{"line":156,"column":35}},"156":{"start":{"line":157,"column":0},"end":{"line":157,"column":40}},"158":{"start":{"line":159,"column":0},"end":{"line":159,"column":39}},"159":{"start":{"line":160,"column":0},"end":{"line":160,"column":19}},"160":{"start":{"line":161,"column":0},"end":{"line":161,"column":40}},"161":{"start":{"line":162,"column":0},"end":{"line":162,"column":13}},"162":{"start":{"line":163,"column":0},"end":{"line":163,"column":5}},"164":{"start":{"line":165,"column":0},"end":{"line":165,"column":63}},"166":{"start":{"line":167,"column":0},"end":{"line":167,"column":62}},"167":{"start":{"line":168,"column":0},"end":{"line":168,"column":101}},"168":{"start":{"line":169,"column":0},"end":{"line":169,"column":24}},"169":{"start":{"line":170,"column":0},"end":{"line":170,"column":7}},"171":{"start":{"line":172,"column":0},"end":{"line":172,"column":109}},"173":{"start":{"line":174,"column":0},"end":{"line":174,"column":70}},"174":{"start":{"line":175,"column":0},"end":{"line":175,"column":53}},"175":{"start":{"line":176,"column":0},"end":{"line":176,"column":49}},"177":{"start":{"line":178,"column":0},"end":{"line":178,"column":40}},"178":{"start":{"line":179,"column":0},"end":{"line":179,"column":19}},"179":{"start":{"line":180,"column":0},"end":{"line":180,"column":28}},"180":{"start":{"line":181,"column":0},"end":{"line":181,"column":67}},"181":{"start":{"line":182,"column":0},"end":{"line":182,"column":134}},"182":{"start":{"line":183,"column":0},"end":{"line":183,"column":74}},"183":{"start":{"line":184,"column":0},"end":{"line":184,"column":39}},"184":{"start":{"line":185,"column":0},"end":{"line":185,"column":12}},"185":{"start":{"line":186,"column":0},"end":{"line":186,"column":74}},"186":{"start":{"line":187,"column":0},"end":{"line":187,"column":5}},"187":{"start":{"line":188,"column":0},"end":{"line":188,"column":39}},"189":{"start":{"line":190,"column":0},"end":{"line":190,"column":23}},"190":{"start":{"line":191,"column":0},"end":{"line":191,"column":19}},"191":{"start":{"line":192,"column":0},"end":{"line":192,"column":43}},"192":{"start":{"line":193,"column":0},"end":{"line":193,"column":34}},"193":{"start":{"line":194,"column":0},"end":{"line":194,"column":20}},"194":{"start":{"line":195,"column":0},"end":{"line":195,"column":33}},"195":{"start":{"line":196,"column":0},"end":{"line":196,"column":58}},"196":{"start":{"line":197,"column":0},"end":{"line":197,"column":33}},"197":{"start":{"line":198,"column":0},"end":{"line":198,"column":7}},"198":{"start":{"line":199,"column":0},"end":{"line":199,"column":56}},"200":{"start":{"line":201,"column":0},"end":{"line":201,"column":82}},"201":{"start":{"line":202,"column":0},"end":{"line":202,"column":9}},"202":{"start":{"line":203,"column":0},"end":{"line":203,"column":50}},"203":{"start":{"line":204,"column":0},"end":{"line":204,"column":23}},"204":{"start":{"line":205,"column":0},"end":{"line":205,"column":59}},"205":{"start":{"line":206,"column":0},"end":{"line":206,"column":33}},"206":{"start":{"line":207,"column":0},"end":{"line":207,"column":7}},"207":{"start":{"line":208,"column":0},"end":{"line":208,"column":28}},"208":{"start":{"line":209,"column":0},"end":{"line":209,"column":54}},"209":{"start":{"line":210,"column":0},"end":{"line":210,"column":26}},"210":{"start":{"line":211,"column":0},"end":{"line":211,"column":21}},"211":{"start":{"line":212,"column":0},"end":{"line":212,"column":52}},"212":{"start":{"line":213,"column":0},"end":{"line":213,"column":5}},"213":{"start":{"line":214,"column":0},"end":{"line":214,"column":4}},"215":{"start":{"line":216,"column":0},"end":{"line":216,"column":52}},"216":{"start":{"line":217,"column":0},"end":{"line":217,"column":28}},"217":{"start":{"line":218,"column":0},"end":{"line":218,"column":51}},"218":{"start":{"line":219,"column":0},"end":{"line":219,"column":45}},"219":{"start":{"line":220,"column":0},"end":{"line":220,"column":44}},"220":{"start":{"line":221,"column":0},"end":{"line":221,"column":4}},"222":{"start":{"line":223,"column":0},"end":{"line":223,"column":38}},"223":{"start":{"line":224,"column":0},"end":{"line":224,"column":27}},"224":{"start":{"line":225,"column":0},"end":{"line":225,"column":4}},"226":{"start":{"line":227,"column":0},"end":{"line":227,"column":48}},"227":{"start":{"line":228,"column":0},"end":{"line":228,"column":24}},"228":{"start":{"line":229,"column":0},"end":{"line":229,"column":16}},"229":{"start":{"line":230,"column":0},"end":{"line":230,"column":36}},"230":{"start":{"line":231,"column":0},"end":{"line":231,"column":5}},"231":{"start":{"line":232,"column":0},"end":{"line":232,"column":4}},"233":{"start":{"line":234,"column":0},"end":{"line":234,"column":46}},"235":{"start":{"line":236,"column":0},"end":{"line":236,"column":79}},"236":{"start":{"line":237,"column":0},"end":{"line":237,"column":9}},"237":{"start":{"line":238,"column":0},"end":{"line":238,"column":58}},"238":{"start":{"line":239,"column":0},"end":{"line":239,"column":93}},"239":{"start":{"line":240,"column":0},"end":{"line":240,"column":21}},"240":{"start":{"line":241,"column":0},"end":{"line":241,"column":57}},"241":{"start":{"line":242,"column":0},"end":{"line":242,"column":15}},"242":{"start":{"line":243,"column":0},"end":{"line":243,"column":7}},"244":{"start":{"line":245,"column":0},"end":{"line":245,"column":59}},"245":{"start":{"line":246,"column":0},"end":{"line":246,"column":76}},"247":{"start":{"line":248,"column":0},"end":{"line":248,"column":55}},"248":{"start":{"line":249,"column":0},"end":{"line":249,"column":41}},"250":{"start":{"line":251,"column":0},"end":{"line":251,"column":13}},"251":{"start":{"line":252,"column":0},"end":{"line":252,"column":33}},"252":{"start":{"line":253,"column":0},"end":{"line":253,"column":77}},"253":{"start":{"line":254,"column":0},"end":{"line":254,"column":9}},"255":{"start":{"line":256,"column":0},"end":{"line":256,"column":88}},"256":{"start":{"line":257,"column":0},"end":{"line":257,"column":21}},"257":{"start":{"line":258,"column":0},"end":{"line":258,"column":56}},"258":{"start":{"line":259,"column":0},"end":{"line":259,"column":13}},"259":{"start":{"line":260,"column":0},"end":{"line":260,"column":23}},"260":{"start":{"line":261,"column":0},"end":{"line":261,"column":109}},"261":{"start":{"line":262,"column":0},"end":{"line":262,"column":31}},"262":{"start":{"line":263,"column":0},"end":{"line":263,"column":9}},"263":{"start":{"line":264,"column":0},"end":{"line":264,"column":5}},"264":{"start":{"line":265,"column":0},"end":{"line":265,"column":4}},"266":{"start":{"line":267,"column":0},"end":{"line":267,"column":98}},"267":{"start":{"line":268,"column":0},"end":{"line":268,"column":9}},"268":{"start":{"line":269,"column":0},"end":{"line":269,"column":58}},"269":{"start":{"line":270,"column":0},"end":{"line":270,"column":92}},"270":{"start":{"line":271,"column":0},"end":{"line":271,"column":21}},"271":{"start":{"line":272,"column":0},"end":{"line":272,"column":56}},"272":{"start":{"line":273,"column":0},"end":{"line":273,"column":15}},"273":{"start":{"line":274,"column":0},"end":{"line":274,"column":7}},"275":{"start":{"line":276,"column":0},"end":{"line":276,"column":58}},"276":{"start":{"line":277,"column":0},"end":{"line":277,"column":87}},"278":{"start":{"line":279,"column":0},"end":{"line":279,"column":55}},"279":{"start":{"line":280,"column":0},"end":{"line":280,"column":41}},"281":{"start":{"line":282,"column":0},"end":{"line":282,"column":13}},"282":{"start":{"line":283,"column":0},"end":{"line":283,"column":33}},"283":{"start":{"line":284,"column":0},"end":{"line":284,"column":80}},"284":{"start":{"line":285,"column":0},"end":{"line":285,"column":9}},"286":{"start":{"line":287,"column":0},"end":{"line":287,"column":105}},"287":{"start":{"line":288,"column":0},"end":{"line":288,"column":21}},"288":{"start":{"line":289,"column":0},"end":{"line":289,"column":56}},"289":{"start":{"line":290,"column":0},"end":{"line":290,"column":13}},"290":{"start":{"line":291,"column":0},"end":{"line":291,"column":23}},"291":{"start":{"line":292,"column":0},"end":{"line":292,"column":109}},"292":{"start":{"line":293,"column":0},"end":{"line":293,"column":31}},"293":{"start":{"line":294,"column":0},"end":{"line":294,"column":9}},"294":{"start":{"line":295,"column":0},"end":{"line":295,"column":5}},"295":{"start":{"line":296,"column":0},"end":{"line":296,"column":4}},"297":{"start":{"line":298,"column":0},"end":{"line":298,"column":71}},"298":{"start":{"line":299,"column":0},"end":{"line":299,"column":33}},"299":{"start":{"line":300,"column":0},"end":{"line":300,"column":35}},"300":{"start":{"line":301,"column":0},"end":{"line":301,"column":20}},"301":{"start":{"line":302,"column":0},"end":{"line":302,"column":28}},"302":{"start":{"line":303,"column":0},"end":{"line":303,"column":14}},"303":{"start":{"line":304,"column":0},"end":{"line":304,"column":31}},"304":{"start":{"line":305,"column":0},"end":{"line":305,"column":7}},"305":{"start":{"line":306,"column":0},"end":{"line":306,"column":20}},"306":{"start":{"line":307,"column":0},"end":{"line":307,"column":7}},"307":{"start":{"line":308,"column":0},"end":{"line":308,"column":4}},"309":{"start":{"line":310,"column":0},"end":{"line":310,"column":50}},"310":{"start":{"line":311,"column":0},"end":{"line":311,"column":72}},"311":{"start":{"line":312,"column":0},"end":{"line":312,"column":80}},"312":{"start":{"line":313,"column":0},"end":{"line":313,"column":71}},"314":{"start":{"line":315,"column":0},"end":{"line":315,"column":64}},"315":{"start":{"line":316,"column":0},"end":{"line":316,"column":33}},"316":{"start":{"line":317,"column":0},"end":{"line":317,"column":81}},"317":{"start":{"line":318,"column":0},"end":{"line":318,"column":7}},"319":{"start":{"line":320,"column":0},"end":{"line":320,"column":67}},"320":{"start":{"line":321,"column":0},"end":{"line":321,"column":18}},"321":{"start":{"line":322,"column":0},"end":{"line":322,"column":4}},"323":{"start":{"line":324,"column":0},"end":{"line":324,"column":47}},"324":{"start":{"line":325,"column":0},"end":{"line":325,"column":52}},"325":{"start":{"line":326,"column":0},"end":{"line":326,"column":53}},"326":{"start":{"line":327,"column":0},"end":{"line":327,"column":4}},"328":{"start":{"line":329,"column":0},"end":{"line":329,"column":23}},"329":{"start":{"line":330,"column":0},"end":{"line":330,"column":66}},"330":{"start":{"line":331,"column":0},"end":{"line":331,"column":12}},"331":{"start":{"line":332,"column":0},"end":{"line":332,"column":137}},"332":{"start":{"line":333,"column":0},"end":{"line":333,"column":89}},"333":{"start":{"line":334,"column":0},"end":{"line":334,"column":39}},"334":{"start":{"line":335,"column":0},"end":{"line":335,"column":82}},"335":{"start":{"line":336,"column":0},"end":{"line":336,"column":69}},"336":{"start":{"line":337,"column":0},"end":{"line":337,"column":54}},"338":{"start":{"line":339,"column":0},"end":{"line":339,"column":47}},"339":{"start":{"line":340,"column":0},"end":{"line":340,"column":129}},"344":{"start":{"line":345,"column":0},"end":{"line":345,"column":3}},"346":{"start":{"line":347,"column":0},"end":{"line":347,"column":47}},"347":{"start":{"line":348,"column":0},"end":{"line":348,"column":38}},"348":{"start":{"line":349,"column":0},"end":{"line":349,"column":12}},"349":{"start":{"line":350,"column":0},"end":{"line":350,"column":137}},"350":{"start":{"line":351,"column":0},"end":{"line":351,"column":89}},"351":{"start":{"line":352,"column":0},"end":{"line":352,"column":39}},"352":{"start":{"line":353,"column":0},"end":{"line":353,"column":87}},"353":{"start":{"line":354,"column":0},"end":{"line":354,"column":69}},"356":{"start":{"line":357,"column":0},"end":{"line":357,"column":47}},"362":{"start":{"line":363,"column":0},"end":{"line":363,"column":3}},"364":{"start":{"line":365,"column":0},"end":{"line":365,"column":26}},"365":{"start":{"line":366,"column":0},"end":{"line":366,"column":71}},"366":{"start":{"line":367,"column":0},"end":{"line":367,"column":12}},"367":{"start":{"line":368,"column":0},"end":{"line":368,"column":137}},"368":{"start":{"line":369,"column":0},"end":{"line":369,"column":89}},"369":{"start":{"line":370,"column":0},"end":{"line":370,"column":39}},"370":{"start":{"line":371,"column":0},"end":{"line":371,"column":77}},"371":{"start":{"line":372,"column":0},"end":{"line":372,"column":69}},"374":{"start":{"line":375,"column":0},"end":{"line":375,"column":47}},"375":{"start":{"line":376,"column":0},"end":{"line":376,"column":90}},"381":{"start":{"line":382,"column":0},"end":{"line":382,"column":3}},"383":{"start":{"line":384,"column":0},"end":{"line":384,"column":45}},"384":{"start":{"line":385,"column":0},"end":{"line":385,"column":22}},"385":{"start":{"line":386,"column":0},"end":{"line":386,"column":88}},"387":{"start":{"line":388,"column":0},"end":{"line":388,"column":12}},"388":{"start":{"line":389,"column":0},"end":{"line":389,"column":33}},"390":{"start":{"line":391,"column":0},"end":{"line":391,"column":126}},"391":{"start":{"line":392,"column":0},"end":{"line":392,"column":91}},"392":{"start":{"line":393,"column":0},"end":{"line":393,"column":41}},"393":{"start":{"line":394,"column":0},"end":{"line":394,"column":68}},"394":{"start":{"line":395,"column":0},"end":{"line":395,"column":55}},"395":{"start":{"line":396,"column":0},"end":{"line":396,"column":23}},"396":{"start":{"line":397,"column":0},"end":{"line":397,"column":33}},"397":{"start":{"line":398,"column":0},"end":{"line":398,"column":48}},"398":{"start":{"line":399,"column":0},"end":{"line":399,"column":49}},"399":{"start":{"line":400,"column":0},"end":{"line":400,"column":17}},"402":{"start":{"line":403,"column":0},"end":{"line":403,"column":21}},"403":{"start":{"line":404,"column":0},"end":{"line":404,"column":94}},"404":{"start":{"line":405,"column":0},"end":{"line":405,"column":86}},"408":{"start":{"line":409,"column":0},"end":{"line":409,"column":40}},"409":{"start":{"line":410,"column":0},"end":{"line":410,"column":61}},"410":{"start":{"line":411,"column":0},"end":{"line":411,"column":123}},"411":{"start":{"line":412,"column":0},"end":{"line":412,"column":27}},"419":{"start":{"line":420,"column":0},"end":{"line":420,"column":59}},"420":{"start":{"line":421,"column":0},"end":{"line":421,"column":51}},"421":{"start":{"line":422,"column":0},"end":{"line":422,"column":55}},"422":{"start":{"line":423,"column":0},"end":{"line":423,"column":83}},"423":{"start":{"line":424,"column":0},"end":{"line":424,"column":85}},"426":{"start":{"line":427,"column":0},"end":{"line":427,"column":41}},"427":{"start":{"line":428,"column":0},"end":{"line":428,"column":53}},"428":{"start":{"line":429,"column":0},"end":{"line":429,"column":61}},"429":{"start":{"line":430,"column":0},"end":{"line":430,"column":48}},"431":{"start":{"line":432,"column":0},"end":{"line":432,"column":21}},"432":{"start":{"line":433,"column":0},"end":{"line":433,"column":33}},"433":{"start":{"line":434,"column":0},"end":{"line":434,"column":25}},"434":{"start":{"line":435,"column":0},"end":{"line":435,"column":62}},"435":{"start":{"line":436,"column":0},"end":{"line":436,"column":44}},"436":{"start":{"line":437,"column":0},"end":{"line":437,"column":15}},"444":{"start":{"line":445,"column":0},"end":{"line":445,"column":93}},"445":{"start":{"line":446,"column":0},"end":{"line":446,"column":39}},"446":{"start":{"line":447,"column":0},"end":{"line":447,"column":17}},"447":{"start":{"line":448,"column":0},"end":{"line":448,"column":28}},"448":{"start":{"line":449,"column":0},"end":{"line":449,"column":177}},"449":{"start":{"line":450,"column":0},"end":{"line":450,"column":53}},"451":{"start":{"line":452,"column":0},"end":{"line":452,"column":149}},"454":{"start":{"line":455,"column":0},"end":{"line":455,"column":102}},"455":{"start":{"line":456,"column":0},"end":{"line":456,"column":73}},"456":{"start":{"line":457,"column":0},"end":{"line":457,"column":67}},"457":{"start":{"line":458,"column":0},"end":{"line":458,"column":191}},"459":{"start":{"line":460,"column":0},"end":{"line":460,"column":27}},"460":{"start":{"line":461,"column":0},"end":{"line":461,"column":60}},"461":{"start":{"line":462,"column":0},"end":{"line":462,"column":101}},"462":{"start":{"line":463,"column":0},"end":{"line":463,"column":56}},"463":{"start":{"line":464,"column":0},"end":{"line":464,"column":45}},"468":{"start":{"line":469,"column":0},"end":{"line":469,"column":79}},"469":{"start":{"line":470,"column":0},"end":{"line":470,"column":20}},"470":{"start":{"line":471,"column":0},"end":{"line":471,"column":42}},"471":{"start":{"line":472,"column":0},"end":{"line":472,"column":35}},"472":{"start":{"line":473,"column":0},"end":{"line":473,"column":126}},"474":{"start":{"line":475,"column":0},"end":{"line":475,"column":145}},"481":{"start":{"line":482,"column":0},"end":{"line":482,"column":20}},"482":{"start":{"line":483,"column":0},"end":{"line":483,"column":29}},"483":{"start":{"line":484,"column":0},"end":{"line":484,"column":27}},"484":{"start":{"line":485,"column":0},"end":{"line":485,"column":42}},"485":{"start":{"line":486,"column":0},"end":{"line":486,"column":47}},"486":{"start":{"line":487,"column":0},"end":{"line":487,"column":47}},"487":{"start":{"line":488,"column":0},"end":{"line":488,"column":32}},"488":{"start":{"line":489,"column":0},"end":{"line":489,"column":93}},"492":{"start":{"line":493,"column":0},"end":{"line":493,"column":3}},"494":{"start":{"line":495,"column":0},"end":{"line":495,"column":10}},"495":{"start":{"line":496,"column":0},"end":{"line":496,"column":31}},"496":{"start":{"line":497,"column":0},"end":{"line":497,"column":42}},"497":{"start":{"line":498,"column":0},"end":{"line":498,"column":55}},"499":{"start":{"line":500,"column":0},"end":{"line":500,"column":84}},"500":{"start":{"line":501,"column":0},"end":{"line":501,"column":89}},"501":{"start":{"line":502,"column":0},"end":{"line":502,"column":68}},"503":{"start":{"line":504,"column":0},"end":{"line":504,"column":34}},"504":{"start":{"line":505,"column":0},"end":{"line":505,"column":73}},"505":{"start":{"line":506,"column":0},"end":{"line":506,"column":80}},"507":{"start":{"line":508,"column":0},"end":{"line":508,"column":67}},"508":{"start":{"line":509,"column":0},"end":{"line":509,"column":52}},"509":{"start":{"line":510,"column":0},"end":{"line":510,"column":24}},"510":{"start":{"line":511,"column":0},"end":{"line":511,"column":85}},"511":{"start":{"line":512,"column":0},"end":{"line":512,"column":26}},"512":{"start":{"line":513,"column":0},"end":{"line":513,"column":50}},"513":{"start":{"line":514,"column":0},"end":{"line":514,"column":53}},"514":{"start":{"line":515,"column":0},"end":{"line":515,"column":11}},"516":{"start":{"line":517,"column":0},"end":{"line":517,"column":71}},"517":{"start":{"line":518,"column":0},"end":{"line":518,"column":62}},"518":{"start":{"line":519,"column":0},"end":{"line":519,"column":75}},"520":{"start":{"line":521,"column":0},"end":{"line":521,"column":71}},"521":{"start":{"line":522,"column":0},"end":{"line":522,"column":62}},"522":{"start":{"line":523,"column":0},"end":{"line":523,"column":82}},"524":{"start":{"line":525,"column":0},"end":{"line":525,"column":77}},"525":{"start":{"line":526,"column":0},"end":{"line":526,"column":44}},"526":{"start":{"line":527,"column":0},"end":{"line":527,"column":45}},"527":{"start":{"line":528,"column":0},"end":{"line":528,"column":51}},"528":{"start":{"line":529,"column":0},"end":{"line":529,"column":37}},"529":{"start":{"line":530,"column":0},"end":{"line":530,"column":51}},"530":{"start":{"line":531,"column":0},"end":{"line":531,"column":51}},"531":{"start":{"line":532,"column":0},"end":{"line":532,"column":23}},"532":{"start":{"line":533,"column":0},"end":{"line":533,"column":64}},"533":{"start":{"line":534,"column":0},"end":{"line":534,"column":63}},"534":{"start":{"line":535,"column":0},"end":{"line":535,"column":11}},"535":{"start":{"line":536,"column":0},"end":{"line":536,"column":11}},"537":{"start":{"line":538,"column":0},"end":{"line":538,"column":16}},"538":{"start":{"line":539,"column":0},"end":{"line":539,"column":52}},"539":{"start":{"line":540,"column":0},"end":{"line":540,"column":51}},"540":{"start":{"line":541,"column":0},"end":{"line":541,"column":173}},"541":{"start":{"line":542,"column":0},"end":{"line":542,"column":152}},"542":{"start":{"line":543,"column":0},"end":{"line":543,"column":81}},"543":{"start":{"line":544,"column":0},"end":{"line":544,"column":59}},"544":{"start":{"line":545,"column":0},"end":{"line":545,"column":115}},"545":{"start":{"line":546,"column":0},"end":{"line":546,"column":76}},"546":{"start":{"line":547,"column":0},"end":{"line":547,"column":57}},"548":{"start":{"line":549,"column":0},"end":{"line":549,"column":130}},"549":{"start":{"line":550,"column":0},"end":{"line":550,"column":66}},"552":{"start":{"line":553,"column":0},"end":{"line":553,"column":153}},"557":{"start":{"line":558,"column":0},"end":{"line":558,"column":159}},"559":{"start":{"line":560,"column":0},"end":{"line":560,"column":56}},"561":{"start":{"line":562,"column":0},"end":{"line":562,"column":55}},"562":{"start":{"line":563,"column":0},"end":{"line":563,"column":64}},"563":{"start":{"line":564,"column":0},"end":{"line":564,"column":67}},"564":{"start":{"line":565,"column":0},"end":{"line":565,"column":83}},"565":{"start":{"line":566,"column":0},"end":{"line":566,"column":88}},"568":{"start":{"line":569,"column":0},"end":{"line":569,"column":40}},"569":{"start":{"line":570,"column":0},"end":{"line":570,"column":22}},"570":{"start":{"line":571,"column":0},"end":{"line":571,"column":61}},"571":{"start":{"line":572,"column":0},"end":{"line":572,"column":55}},"572":{"start":{"line":573,"column":0},"end":{"line":573,"column":31}},"573":{"start":{"line":574,"column":0},"end":{"line":574,"column":42}},"574":{"start":{"line":575,"column":0},"end":{"line":575,"column":191}},"575":{"start":{"line":576,"column":0},"end":{"line":576,"column":67}},"577":{"start":{"line":578,"column":0},"end":{"line":578,"column":163}},"578":{"start":{"line":579,"column":0},"end":{"line":579,"column":92}},"580":{"start":{"line":581,"column":0},"end":{"line":581,"column":93}},"581":{"start":{"line":582,"column":0},"end":{"line":582,"column":93}},"582":{"start":{"line":583,"column":0},"end":{"line":583,"column":88}},"583":{"start":{"line":584,"column":0},"end":{"line":584,"column":40}},"584":{"start":{"line":585,"column":0},"end":{"line":585,"column":56}},"585":{"start":{"line":586,"column":0},"end":{"line":586,"column":80}},"586":{"start":{"line":587,"column":0},"end":{"line":587,"column":132}},"591":{"start":{"line":592,"column":0},"end":{"line":592,"column":118}},"592":{"start":{"line":593,"column":0},"end":{"line":593,"column":118}},"595":{"start":{"line":596,"column":0},"end":{"line":596,"column":159}},"597":{"start":{"line":598,"column":0},"end":{"line":598,"column":63}},"598":{"start":{"line":599,"column":0},"end":{"line":599,"column":86}},"599":{"start":{"line":600,"column":0},"end":{"line":600,"column":65}},"605":{"start":{"line":606,"column":0},"end":{"line":606,"column":57}},"606":{"start":{"line":607,"column":0},"end":{"line":607,"column":53}},"607":{"start":{"line":608,"column":0},"end":{"line":608,"column":63}},"608":{"start":{"line":609,"column":0},"end":{"line":609,"column":44}},"609":{"start":{"line":610,"column":0},"end":{"line":610,"column":49}},"610":{"start":{"line":611,"column":0},"end":{"line":611,"column":102}},"611":{"start":{"line":612,"column":0},"end":{"line":612,"column":142}},"616":{"start":{"line":617,"column":0},"end":{"line":617,"column":111}},"617":{"start":{"line":618,"column":0},"end":{"line":618,"column":32}},"618":{"start":{"line":619,"column":0},"end":{"line":619,"column":48}},"619":{"start":{"line":620,"column":0},"end":{"line":620,"column":49}},"620":{"start":{"line":621,"column":0},"end":{"line":621,"column":74}},"621":{"start":{"line":622,"column":0},"end":{"line":622,"column":78}},"622":{"start":{"line":623,"column":0},"end":{"line":623,"column":35}},"626":{"start":{"line":627,"column":0},"end":{"line":627,"column":104}},"627":{"start":{"line":628,"column":0},"end":{"line":628,"column":50}},"628":{"start":{"line":629,"column":0},"end":{"line":629,"column":113}},"635":{"start":{"line":636,"column":0},"end":{"line":636,"column":104}},"636":{"start":{"line":637,"column":0},"end":{"line":637,"column":57}},"637":{"start":{"line":638,"column":0},"end":{"line":638,"column":47}},"638":{"start":{"line":639,"column":0},"end":{"line":639,"column":75}},"639":{"start":{"line":640,"column":0},"end":{"line":640,"column":70}},"640":{"start":{"line":641,"column":0},"end":{"line":641,"column":76}},"642":{"start":{"line":643,"column":0},"end":{"line":643,"column":40}},"648":{"start":{"line":649,"column":0},"end":{"line":649,"column":125}},"649":{"start":{"line":650,"column":0},"end":{"line":650,"column":32}},"650":{"start":{"line":651,"column":0},"end":{"line":651,"column":132}},"651":{"start":{"line":652,"column":0},"end":{"line":652,"column":50}},"652":{"start":{"line":653,"column":0},"end":{"line":653,"column":113}},"655":{"start":{"line":656,"column":0},"end":{"line":656,"column":48}},"656":{"start":{"line":657,"column":0},"end":{"line":657,"column":49}},"657":{"start":{"line":658,"column":0},"end":{"line":658,"column":88}},"658":{"start":{"line":659,"column":0},"end":{"line":659,"column":78}},"660":{"start":{"line":661,"column":0},"end":{"line":661,"column":53}},"666":{"start":{"line":667,"column":0},"end":{"line":667,"column":44}},"667":{"start":{"line":668,"column":0},"end":{"line":668,"column":45}},"668":{"start":{"line":669,"column":0},"end":{"line":669,"column":116}},"669":{"start":{"line":670,"column":0},"end":{"line":670,"column":156}},"677":{"start":{"line":678,"column":0},"end":{"line":678,"column":138}},"678":{"start":{"line":679,"column":0},"end":{"line":679,"column":103}},"679":{"start":{"line":680,"column":0},"end":{"line":680,"column":53}},"680":{"start":{"line":681,"column":0},"end":{"line":681,"column":93}},"681":{"start":{"line":682,"column":0},"end":{"line":682,"column":105}},"688":{"start":{"line":689,"column":0},"end":{"line":689,"column":111}},"691":{"start":{"line":692,"column":0},"end":{"line":692,"column":55}},"692":{"start":{"line":693,"column":0},"end":{"line":693,"column":74}},"693":{"start":{"line":694,"column":0},"end":{"line":694,"column":61}},"694":{"start":{"line":695,"column":0},"end":{"line":695,"column":65}},"695":{"start":{"line":696,"column":0},"end":{"line":696,"column":85}},"696":{"start":{"line":697,"column":0},"end":{"line":697,"column":97}},"699":{"start":{"line":700,"column":0},"end":{"line":700,"column":51}},"700":{"start":{"line":701,"column":0},"end":{"line":701,"column":63}},"701":{"start":{"line":702,"column":0},"end":{"line":702,"column":71}},"702":{"start":{"line":703,"column":0},"end":{"line":703,"column":58}},"704":{"start":{"line":705,"column":0},"end":{"line":705,"column":31}},"705":{"start":{"line":706,"column":0},"end":{"line":706,"column":43}},"706":{"start":{"line":707,"column":0},"end":{"line":707,"column":35}},"707":{"start":{"line":708,"column":0},"end":{"line":708,"column":72}},"708":{"start":{"line":709,"column":0},"end":{"line":709,"column":54}},"709":{"start":{"line":710,"column":0},"end":{"line":710,"column":25}},"716":{"start":{"line":717,"column":0},"end":{"line":717,"column":47}},"717":{"start":{"line":718,"column":0},"end":{"line":718,"column":58}},"719":{"start":{"line":720,"column":0},"end":{"line":720,"column":79}},"720":{"start":{"line":721,"column":0},"end":{"line":721,"column":118}},"721":{"start":{"line":722,"column":0},"end":{"line":722,"column":57}},"722":{"start":{"line":723,"column":0},"end":{"line":723,"column":33}},"723":{"start":{"line":724,"column":0},"end":{"line":724,"column":44}},"724":{"start":{"line":725,"column":0},"end":{"line":725,"column":207}},"725":{"start":{"line":726,"column":0},"end":{"line":726,"column":78}},"727":{"start":{"line":728,"column":0},"end":{"line":728,"column":165}},"730":{"start":{"line":731,"column":0},"end":{"line":731,"column":132}},"731":{"start":{"line":732,"column":0},"end":{"line":732,"column":89}},"732":{"start":{"line":733,"column":0},"end":{"line":733,"column":83}},"733":{"start":{"line":734,"column":0},"end":{"line":734,"column":207}},"735":{"start":{"line":736,"column":0},"end":{"line":736,"column":43}},"736":{"start":{"line":737,"column":0},"end":{"line":737,"column":76}},"737":{"start":{"line":738,"column":0},"end":{"line":738,"column":117}},"738":{"start":{"line":739,"column":0},"end":{"line":739,"column":72}},"739":{"start":{"line":740,"column":0},"end":{"line":740,"column":61}},"744":{"start":{"line":745,"column":0},"end":{"line":745,"column":88}},"745":{"start":{"line":746,"column":0},"end":{"line":746,"column":36}},"746":{"start":{"line":747,"column":0},"end":{"line":747,"column":58}},"747":{"start":{"line":748,"column":0},"end":{"line":748,"column":51}},"748":{"start":{"line":749,"column":0},"end":{"line":749,"column":142}},"750":{"start":{"line":751,"column":0},"end":{"line":751,"column":161}},"757":{"start":{"line":758,"column":0},"end":{"line":758,"column":102}},"758":{"start":{"line":759,"column":0},"end":{"line":759,"column":66}},"759":{"start":{"line":760,"column":0},"end":{"line":760,"column":38}},"760":{"start":{"line":761,"column":0},"end":{"line":761,"column":65}},"761":{"start":{"line":762,"column":0},"end":{"line":762,"column":46}},"762":{"start":{"line":763,"column":0},"end":{"line":763,"column":51}},"763":{"start":{"line":764,"column":0},"end":{"line":764,"column":104}},"764":{"start":{"line":765,"column":0},"end":{"line":765,"column":144}},"769":{"start":{"line":770,"column":0},"end":{"line":770,"column":110}},"770":{"start":{"line":771,"column":0},"end":{"line":771,"column":34}},"771":{"start":{"line":772,"column":0},"end":{"line":772,"column":50}},"772":{"start":{"line":773,"column":0},"end":{"line":773,"column":51}},"773":{"start":{"line":774,"column":0},"end":{"line":774,"column":76}},"774":{"start":{"line":775,"column":0},"end":{"line":775,"column":80}},"775":{"start":{"line":776,"column":0},"end":{"line":776,"column":37}},"779":{"start":{"line":780,"column":0},"end":{"line":780,"column":103}},"780":{"start":{"line":781,"column":0},"end":{"line":781,"column":52}},"781":{"start":{"line":782,"column":0},"end":{"line":782,"column":115}},"788":{"start":{"line":789,"column":0},"end":{"line":789,"column":103}},"789":{"start":{"line":790,"column":0},"end":{"line":790,"column":59}},"790":{"start":{"line":791,"column":0},"end":{"line":791,"column":49}},"791":{"start":{"line":792,"column":0},"end":{"line":792,"column":77}},"792":{"start":{"line":793,"column":0},"end":{"line":793,"column":72}},"793":{"start":{"line":794,"column":0},"end":{"line":794,"column":78}},"795":{"start":{"line":796,"column":0},"end":{"line":796,"column":42}},"801":{"start":{"line":802,"column":0},"end":{"line":802,"column":124}},"802":{"start":{"line":803,"column":0},"end":{"line":803,"column":34}},"803":{"start":{"line":804,"column":0},"end":{"line":804,"column":131}},"804":{"start":{"line":805,"column":0},"end":{"line":805,"column":52}},"805":{"start":{"line":806,"column":0},"end":{"line":806,"column":115}},"808":{"start":{"line":809,"column":0},"end":{"line":809,"column":50}},"809":{"start":{"line":810,"column":0},"end":{"line":810,"column":51}},"810":{"start":{"line":811,"column":0},"end":{"line":811,"column":90}},"811":{"start":{"line":812,"column":0},"end":{"line":812,"column":80}},"813":{"start":{"line":814,"column":0},"end":{"line":814,"column":55}},"819":{"start":{"line":820,"column":0},"end":{"line":820,"column":46}},"820":{"start":{"line":821,"column":0},"end":{"line":821,"column":47}},"821":{"start":{"line":822,"column":0},"end":{"line":822,"column":118}},"822":{"start":{"line":823,"column":0},"end":{"line":823,"column":158}},"830":{"start":{"line":831,"column":0},"end":{"line":831,"column":47}},"831":{"start":{"line":832,"column":0},"end":{"line":832,"column":97}},"832":{"start":{"line":833,"column":0},"end":{"line":833,"column":72}},"833":{"start":{"line":834,"column":0},"end":{"line":834,"column":51}},"839":{"start":{"line":840,"column":0},"end":{"line":840,"column":77}},"840":{"start":{"line":841,"column":0},"end":{"line":841,"column":140}},"841":{"start":{"line":842,"column":0},"end":{"line":842,"column":105}},"842":{"start":{"line":843,"column":0},"end":{"line":843,"column":55}},"843":{"start":{"line":844,"column":0},"end":{"line":844,"column":93}},"844":{"start":{"line":845,"column":0},"end":{"line":845,"column":95}},"845":{"start":{"line":846,"column":0},"end":{"line":846,"column":107}},"855":{"start":{"line":856,"column":0},"end":{"line":856,"column":9}},"858":{"start":{"line":859,"column":0},"end":{"line":859,"column":18}},"859":{"start":{"line":860,"column":0},"end":{"line":860,"column":27}},"860":{"start":{"line":861,"column":0},"end":{"line":861,"column":25}},"861":{"start":{"line":862,"column":0},"end":{"line":862,"column":40}},"862":{"start":{"line":863,"column":0},"end":{"line":863,"column":45}},"863":{"start":{"line":864,"column":0},"end":{"line":864,"column":45}},"864":{"start":{"line":865,"column":0},"end":{"line":865,"column":30}},"865":{"start":{"line":866,"column":0},"end":{"line":866,"column":91}},"869":{"start":{"line":870,"column":0},"end":{"line":870,"column":2}}},"s":{"0":1,"25":1,"26":6,"27":6,"28":6,"29":6,"30":6,"31":6,"32":6,"33":6,"34":6,"35":6,"36":6,"38":6,"39":6,"40":6,"41":6,"42":6,"44":6,"45":6,"46":6,"48":6,"49":6,"50":6,"52":6,"53":6,"54":0,"55":0,"56":0,"57":0,"58":0,"59":0,"60":0,"61":0,"63":6,"64":6,"65":0,"67":0,"68":0,"69":0,"71":0,"72":0,"73":0,"74":0,"75":0,"76":0,"77":0,"79":0,"80":0,"81":0,"83":0,"84":0,"85":0,"86":0,"87":0,"88":0,"90":0,"91":0,"92":0,"93":0,"94":0,"95":0,"97":0,"98":0,"99":0,"100":0,"101":0,"102":0,"103":0,"104":0,"106":0,"107":0,"109":0,"110":0,"111":0,"112":0,"113":0,"115":0,"116":0,"118":6,"119":6,"120":0,"121":0,"122":0,"124":6,"125":6,"126":0,"127":0,"128":0,"130":0,"131":0,"132":0,"134":0,"135":0,"136":0,"137":0,"139":0,"140":0,"142":6,"143":6,"144":3,"145":0,"146":0,"147":0,"148":0,"149":0,"150":0,"151":6,"153":6,"154":6,"155":3,"156":6,"158":6,"159":6,"160":6,"161":6,"162":6,"164":0,"166":0,"167":0,"168":0,"169":0,"171":0,"173":0,"174":0,"175":6,"177":6,"178":6,"179":6,"180":0,"181":0,"182":0,"183":0,"184":6,"185":6,"186":6,"187":6,"189":6,"190":6,"191":6,"192":6,"193":6,"194":6,"195":6,"196":6,"197":6,"198":6,"200":6,"201":0,"202":0,"203":0,"204":0,"205":0,"206":0,"207":0,"208":0,"209":0,"210":0,"211":0,"212":0,"213":0,"215":6,"216":0,"217":0,"218":0,"219":0,"220":0,"222":6,"223":0,"224":0,"226":6,"227":0,"228":0,"229":0,"230":0,"231":0,"233":6,"235":6,"236":0,"237":0,"238":0,"239":0,"240":0,"241":0,"242":0,"244":0,"245":0,"247":0,"248":0,"250":0,"251":0,"252":0,"253":0,"255":0,"256":0,"257":0,"258":0,"259":0,"260":0,"261":0,"262":0,"263":0,"264":0,"266":6,"267":0,"268":0,"269":0,"270":0,"271":0,"272":0,"273":0,"275":0,"276":0,"278":0,"279":0,"281":0,"282":0,"283":0,"284":0,"286":0,"287":0,"288":0,"289":0,"290":0,"291":0,"292":0,"293":0,"294":0,"295":0,"297":6,"298":0,"299":0,"300":0,"301":0,"302":0,"303":0,"304":0,"305":0,"306":0,"307":0,"309":6,"310":0,"311":0,"312":0,"314":0,"315":0,"316":0,"317":0,"319":0,"320":0,"321":0,"323":6,"324":0,"325":0,"326":0,"328":6,"329":6,"330":0,"331":0,"332":0,"333":0,"334":0,"335":0,"336":0,"338":0,"339":0,"344":0,"346":6,"347":6,"348":6,"349":6,"350":6,"351":6,"352":6,"353":6,"356":6,"362":6,"364":0,"365":6,"366":0,"367":0,"368":0,"369":0,"370":0,"371":0,"374":0,"375":0,"381":0,"383":0,"384":0,"385":0,"387":0,"388":0,"390":0,"391":0,"392":0,"393":0,"394":0,"395":0,"396":0,"397":0,"398":0,"399":0,"402":0,"403":0,"404":0,"408":0,"409":0,"410":0,"411":0,"419":0,"420":0,"421":0,"422":0,"423":0,"426":0,"427":0,"428":0,"429":0,"431":0,"432":0,"433":0,"434":0,"435":0,"436":0,"444":0,"445":0,"446":0,"447":0,"448":0,"449":0,"451":0,"454":0,"455":0,"456":0,"457":0,"459":0,"460":0,"461":0,"462":0,"463":0,"468":0,"469":0,"470":0,"471":0,"472":0,"474":0,"481":0,"482":0,"483":0,"484":0,"485":0,"486":0,"487":0,"488":0,"492":0,"494":0,"495":0,"496":0,"497":0,"499":0,"500":0,"501":0,"503":0,"504":0,"505":0,"507":0,"508":0,"509":0,"510":0,"511":0,"512":0,"513":0,"514":0,"516":0,"517":0,"518":0,"520":0,"521":0,"522":0,"524":0,"525":0,"526":0,"527":0,"528":0,"529":0,"530":0,"531":0,"532":0,"533":0,"534":0,"535":0,"537":0,"538":0,"539":0,"540":0,"541":0,"542":0,"543":0,"544":0,"545":0,"546":0,"548":0,"549":0,"552":0,"557":0,"559":0,"561":0,"562":0,"563":0,"564":0,"565":0,"568":0,"569":0,"570":0,"571":0,"572":0,"573":0,"574":0,"575":0,"577":0,"578":0,"580":0,"581":0,"582":0,"583":0,"584":0,"585":0,"586":0,"591":0,"592":0,"595":0,"597":0,"598":0,"599":0,"605":0,"606":0,"607":0,"608":0,"609":0,"610":0,"611":0,"616":0,"617":0,"618":0,"619":0,"620":0,"621":0,"622":0,"626":0,"627":0,"628":0,"635":0,"636":0,"637":0,"638":0,"639":0,"640":0,"642":0,"648":0,"649":0,"650":0,"651":0,"652":0,"655":0,"656":0,"657":0,"658":0,"660":0,"666":0,"667":0,"668":0,"669":0,"677":0,"678":0,"679":0,"680":0,"681":0,"688":0,"691":0,"692":0,"693":0,"694":0,"695":0,"696":0,"699":0,"700":0,"701":0,"702":0,"704":0,"705":0,"706":0,"707":0,"708":0,"709":0,"716":0,"717":0,"719":0,"720":0,"721":0,"722":0,"723":0,"724":0,"725":0,"727":0,"730":0,"731":0,"732":0,"733":0,"735":0,"736":0,"737":0,"738":0,"739":0,"744":0,"745":0,"746":0,"747":0,"748":0,"750":0,"757":0,"758":0,"759":0,"760":0,"761":0,"762":0,"763":0,"764":0,"769":0,"770":0,"771":0,"772":0,"773":0,"774":0,"775":0,"779":0,"780":0,"781":0,"788":0,"789":0,"790":0,"791":0,"792":0,"793":0,"795":0,"801":0,"802":0,"803":0,"804":0,"805":0,"808":0,"809":0,"810":0,"811":0,"813":0,"819":0,"820":0,"821":0,"822":0,"830":0,"831":0,"832":0,"833":0,"839":0,"840":0,"841":0,"842":0,"843":0,"844":0,"845":0,"855":0,"858":0,"859":0,"860":0,"861":0,"862":0,"863":0,"864":0,"865":6,"869":6},"branchMap":{"0":{"type":"branch","line":26,"loc":{"start":{"line":26,"column":57},"end":{"line":870,"column":2}},"locations":[{"start":{"line":26,"column":57},"end":{"line":870,"column":2}}]},"1":{"type":"branch","line":330,"loc":{"start":{"line":330,"column":30},"end":{"line":330,"column":65}},"locations":[{"start":{"line":330,"column":30},"end":{"line":330,"column":65}}]},"2":{"type":"branch","line":330,"loc":{"start":{"line":330,"column":65},"end":{"line":345,"column":3}},"locations":[{"start":{"line":330,"column":65},"end":{"line":345,"column":3}}]},"3":{"type":"branch","line":363,"loc":{"start":{"line":363,"column":2},"end":{"line":366,"column":60}},"locations":[{"start":{"line":363,"column":2},"end":{"line":366,"column":60}}]},"4":{"type":"branch","line":366,"loc":{"start":{"line":366,"column":55},"end":{"line":366,"column":70}},"locations":[{"start":{"line":366,"column":55},"end":{"line":366,"column":70}}]},"5":{"type":"branch","line":366,"loc":{"start":{"line":366,"column":70},"end":{"line":866,"column":74}},"locations":[{"start":{"line":366,"column":70},"end":{"line":866,"column":74}}]},"6":{"type":"branch","line":86
[...]
"line":125,"column":11}}]},"10":{"type":"branch","line":134,"loc":{"start":{"line":134,"column":21},"end":{"line":145,"column":3}},"locations":[{"start":{"line":134,"column":21},"end":{"line":145,"column":3}}]},"11":{"type":"branch","line":140,"loc":{"start":{"line":140,"column":27},"end":{"line":142,"column":55}},"locations":[{"start":{"line":140,"column":27},"end":{"line":142,"column":55}}]},"12":{"type":"branch","line":141,"loc":{"start":{"line":141,"column":49},"end":{"line":142,"column":55}},"locations":[{"start":{"line":141,"column":49},"end":{"line":142,"column":55}}]},"13":{"type":"branch","line":135,"loc":{"start":{"line":135,"column":49},"end":{"line":135,"column":82}},"locations":[{"start":{"line":135,"column":49},"end":{"line":135,"column":82}}]},"14":{"type":"branch","line":160,"loc":{"start":{"line":160,"column":21},"end":{"line":166,"column":3}},"locations":[{"start":{"line":160,"column":21},"end":{"line":166,"column":3}}]},"15":{"type":"branch","line":163,"loc":{"start":{"line":163,"column":36},"end":{"line":163,"column":46}},"locations":[{"start":{"line":163,"column":36},"end":{"line":163,"column":46}}]},"16":{"type":"branch","line":164,"loc":{"start":{"line":164,"column":57},"end":{"line":164,"column":67}},"locations":[{"start":{"line":164,"column":57},"end":{"line":164,"column":67}}]},"17":{"type":"branch","line":162,"loc":{"start":{"line":162,"column":54},"end":{"line":162,"column":87}},"locations":[{"start":{"line":162,"column":54},"end":{"line":162,"column":87}}]},"18":{"type":"branch","line":169,"loc":{"start":{"line":169,"column":52},"end":{"line":169,"column":70}},"locations":[{"start":{"line":169,"column":52},"end":{"line":169,"column":70}}]},"19":{"type":"branch","line":180,"loc":{"start":{"line":180,"column":63},"end":{"line":184,"column":4}},"locations":[{"start":{"line":180,"column":63},"end":{"line":184,"column":4}}]},"20":{"type":"branch","line":221,"loc":{"start":{"line":221,"column":34},"end":{"line":250,"column":2}},"locations":[{"start":{"line":221,"column":34},"end":{"line":250,"column":2}}]},"21":{"type":"branch","line":245,"loc":{"start":{"line":245,"column":6},"end":{"line":249,"column":5}},"locations":[{"start":{"line":245,"column":6},"end":{"line":249,"column":5}}]},"22":{"type":"branch","line":252,"loc":{"start":{"line":252,"column":26},"end":{"line":263,"column":3}},"locations":[{"start":{"line":252,"column":26},"end":{"line":263,"column":3}}]},"23":{"type":"branch","line":254,"loc":{"start":{"line":254,"column":33},"end":{"line":256,"column":5}},"locations":[{"start":{"line":254,"column":33},"end":{"line":256,"column":5}}]},"24":{"type":"branch","line":267,"loc":{"start":{"line":267,"column":4},"end":{"line":272,"column":6}},"locations":[{"start":{"line":267,"column":4},"end":{"line":272,"column":6}}]},"25":{"type":"branch","line":269,"loc":{"start":{"line":269,"column":69},"end":{"line":269,"column":121}},"locations":[{"start":{"line":269,"column":69},"end":{"line":269,"column":121}}]},"26":{"type":"branch","line":274,"loc":{"start":{"line":274,"column":4},"end":{"line":279,"column":6}},"locations":[{"start":{"line":274,"column":4},"end":{"line":279,"column":6}}]},"27":{"type":"branch","line":278,"loc":{"start":{"line":278,"column":40},"end":{"line":278,"column":73}},"locations":[{"start":{"line":278,"column":40},"end":{"line":278,"column":73}}]},"28":{"type":"branch","line":281,"loc":{"start":{"line":281,"column":4},"end":{"line":337,"column":6}},"locations":[{"start":{"line":281,"column":4},"end":{"line":337,"column":6}}]},"29":{"type":"branch","line":283,"loc":{"start":{"line":283,"column":20},"end":{"line":337,"column":6}},"locations":[{"start":{"line":283,"column":20},"end":{"line":337,"column":6}}]},"30":{"type":"branch","line":286,"loc":{"start":{"line":286,"column":45},"end":{"line":290,"column":9}},"locations":[{"start":{"line":286,"column":45},"end":{"line":290,"column":9}}]},"31":{"type":"branch","line":330,"loc":{"start":{"line":330,"column":45},"end":{"line":332,"column":9}},"locations":[{"start":{"line":330,"column":45},"end":{"line":332,"column":9}}]},"32":{"type":"branch","line":288,"loc":{"start":{"line":288,"column":66},"end":{"line":288,"column":93}},"locations":[{"start":{"line":288,"column":66},"end":{"line":288,"column":93}}]},"33":{"type":"branch","line":296,"loc":{"start":{"line":296,"column":61},"end":{"line":299,"column":11}},"locations":[{"start":{"line":296,"column":61},"end":{"line":299,"column":11}}]},"34":{"type":"branch","line":298,"loc":{"start":{"line":298,"column":19},"end":{"line":298,"column":41}},"locations":[{"start":{"line":298,"column":19},"end":{"line":298,"column":41}}]},"35":{"type":"branch","line":298,"loc":{"start":{"line":298,"column":41},"end":{"line":298,"column":60}},"locations":[{"start":{"line":298,"column":41},"end":{"line":298,"column":60}}]},"36":{"type":"branch","line":297,"loc":{"start":{"line":297,"column":46},"end":{"line":297,"column":64}},"locations":[{"start":{"line":297,"column":46},"end":{"line":297,"column":64}}]},"37":{"type":"branch","line":303,"loc":{"start":{"line":303,"column":35},"end":{"line":307,"column":11}},"locations":[{"start":{"line":303,"column":35},"end":{"line":307,"column":11}}]},"38":{"type":"branch","line":304,"loc":{"start":{"line":304,"column":64},"end":{"line":304,"column":84}},"locations":[{"start":{"line":304,"column":64},"end":{"line":304,"column":84}}]},"39":{"type":"branch","line":304,"loc":{"start":{"line":304,"column":76},"end":{"line":304,"column":107}},"locations":[{"start":{"line":304,"column":76},"end":{"line":304,"column":107}}]},"40":{"type":"branch","line":304,"loc":{"start":{"line":304,"column":50},"end":{"line":304,"column":76}},"locations":[{"start":{"line":304,"column":50},"end":{"line":304,"column":76}}]},"41":{"type":"branch","line":305,"loc":{"start":{"line":305,"column":66},"end":{"line":305,"column":100}},"locations":[{"start":{"line":305,"column":66},"end":{"line":305,"column":100}}]},"42":{"type":"branch","line":310,"loc":{"start":{"line":310,"column":63},"end":{"line":313,"column":50}},"locations":[{"start":{"line":310,"column":63},"end":{"line":313,"column":50}}]},"43":{"type":"branch","line":311,"loc":{"start":{"line":311,"column":52},"end":{"line":312,"column":50}},"locations":[{"start":{"line":311,"column":52},"end":{"line":312,"column":50}}]},"44":{"type":"branch","line":312,"loc":{"start":{"line":312,"column":50},"end":{"line":313,"column":50}},"locations":[{"start":{"line":312,"column":50},"end":{"line":313,"column":50}}]},"45":{"type":"branch","line":316,"loc":{"start":{"line":316,"column":63},"end":{"line":316,"column":79}},"locations":[{"start":{"line":316,"column":63},"end":{"line":316,"column":79}}]},"46":{"type":"branch","line":321,"loc":{"start":{"line":321,"column":92},"end":{"line":326,"column":13}},"locations":[{"start":{"line":321,"column":92},"end":{"line":326,"column":13}}]},"47":{"type":"branch","line":356,"loc":{"start":{"line":356,"column":4},"end":{"line":365,"column":6}},"locations":[{"start":{"line":356,"column":4},"end":{"line":365,"column":6}}]},"48":{"type":"branch","line":361,"loc":{"start":{"line":361,"column":23},"end":{"line":365,"column":6}},"locations":[{"start":{"line":361,"column":23},"end":{"line":365,"column":6}}]},"49":{"type":"branch","line":361,"loc":{"start":{"line":361,"column":23},"end":{"line":363,"column":9}},"locations":[{"start":{"line":361,"column":23},"end":{"line":363,"column":9}}]},"50":{"type":"branch","line":360,"loc":{"start":{"line":360,"column":48},"end":{"line":360,"column":74}},"locations":[{"start":{"line":360,"column":48},"end":{"line":360,"column":74}}]},"51":{"type":"branch","line":367,"loc":{"start":{"line":367,"column":4},"end":{"line":376,"column":6}},"locations":[{"start":{"line":367,"column":4},"end":{"line":376,"column":6}}]},"52":{"type":"branch","line":385,"loc":{"start":{"line":385,"column":4},"end":{"line":405,"column":6}},"locations":[{"start":{"line":385,"column":4},"end":{"line":405,"column":6}}]},"53":{"type":"branch","line":396,"loc":{"start":{"line":396,"column":53},"end":{"line":398,"column":9}},"locations":[{"start":{"line":396,"column":53},"end":{"line":398,"column":9}}]},"54":{"type":"branch","line":407,"loc":{"start":{"line":407,"column":4},"end":{"line":413,"column":6}},"locations":[{"start":{"line":407,"column":4},"end":{"line":413,"column":6}}]},"55":{"type":"branch","line":455,"loc":{"start":{"line":455,"column":4},"end":{"line":460,"column":6}},"locations":[{"start":{"line":455,"column":4},"end":{"line":460,"column":6}}]},"56":{"type":"branch","line":457,"loc":{"start":{"line":457,"column":20},"end":{"line":460,"column":6}},"locations":[{"start":{"line":457,"column":20},"end":{"line":460,"column":6}}]},"57":{"type":"branch","line":462,"loc":{"start":{"line":462,"column":4},"end":{"line":470,"column":6}},"locations":[{"start":{"line":462,"column":4},"end":{"line":470,"column":6}}]},"58":{"type":"branch","line":466,"loc":{"start":{"line":466,"column":60},"end":{"line":470,"column":6}},"locations":[{"start":{"line":466,"column":60},"end":{"line":470,"column":6}}]},"59":{"type":"branch","line":472,"loc":{"start":{"line":472,"column":4},"end":{"line":477,"column":6}},"locations":[{"start":{"line":472,"column":4},"end":{"line":477,"column":6}}]},"60":{"type":"branch","line":479,"loc":{"start":{"line":479,"column":4},"end":{"line":488,"column":6}},"locations":[{"start":{"line":479,"column":4},"end":{"line":488,"column":6}}]},"61":{"type":"branch","line":484,"loc":{"start":{"line":484,"column":36},"end":{"line":486,"column":9}},"locations":[{"start":{"line":484,"column":36},"end":{"line":486,"column":9}}]},"62":{"type":"branch","line":490,"loc":{"start":{"line":490,"column":4},"end":{"line":500,"column":6}},"locations":[{"start":{"line":490,"column":4},"end":{"line":500,"column":6}}]},"63":{"type":"branch","line":492,"loc":{"start":{"line":492,"column":20},"end":{"line":496,"column":40}},"locations":[{"start":{"line":492,"column":20},"end":{"line":496,"column":40}}]},"64":{"type":"branch","line":496,"loc":{"start":{"line":496,"column":40},"end":{"line":498,"column":9}},"locations":[{"start":{"line":496,"column":40},"end":{"line":498,"column":9}}]},"65":{"type":"branch","line":498,"loc":{"start":{"line":498,"column":8},"end":{"line":500,"column":6}},"locations":[{"start":{"line":498,"column":8},"end":{"line":500,"column":6}}]},"66":{"type":"branch","line":503,"loc":{"start":{"line":503,"column":4},"end":{"line":523,"column":5}},"locations":[{"start":{"line":503,"column":4},"end":{"line":523,"column":5}}]},"67":{"type":"branch","line":504,"loc":{"start":{"line":504,"column":49},"end":{"line":504,"column":76}},"locations":[{"start":{"line":504,"column":49},"end":{"line":504,"column":76}}]},"68":{"type":"branch","line":507,"loc":{"start":{"line":507,"column":62},"end":{"line":507,"column":98}},"locations":[{"start":{"line":507,"column":62},"end":{"line":507,"column":98}}]},"69":{"type":"branch","line":510,"loc":{"start":{"line":510,"column":57},"end":{"line":510,"column":73}},"locations":[{"start":{"line":510,"column":57},"end":{"line":510,"column":73}}]},"70":{"type":"branch","line":519,"loc":{"start":{"line":519,"column":20},"end":{"line":521,"column":15}},"locations":[{"start":{"line":519,"column":20},"end":{"line":521,"column":15}}]},"71":{"type":"branch","line":527,"loc":{"start":{"line":527,"column":0},"end":{"line":529,"column":1}},"locations":[{"start":{"line":527,"column":0},"end":{"line":529,"column":1}}]},"72":{"type":"branch","line":528,"loc":{"start":{"line":528,"column":23},"end":{"line":528,"column":59}},"locations":[{"start":{"line":528,"column":23},"end":{"line":528,"column":59}}]},"73":{"type":"branch","line":540,"loc":{"start":{"line":540,"column":28},"end":{"line":545,"column":2}},"locations":[{"start":{"line":540,"column":28},"end":{"line":545,"column":2}}]},"74":{"type":"branch","line":541,"loc":{"start":{"line":541,"column":73},"end":{"line":541,"column":109}},"locations":[{"start":{"line":541,"column":73},"end":{"line":541,"column":109}}]}},"b":{"0":[0],"1":[0],"2":[500],"3":[80],"4":[2530],"5":[680],"6":[80],"7":[80],"8":[80],"9":[400],"10":[80],"11":[40],"12":[0],"13":[46880],"14":[80],"15":[0],"16":[0],"17":[46880],"18":[80],"19":[50],"20":[207],"21":[0],"22":[2930],"23":[1460],"24":[5],"25":[80],"26":[175],"27":[102550],"28":[13],"29":[12],"30":[5],"31":[5],"32":[2930],"33":[14],"34":[13],"35":[1],"36":[92],"37":[14],"38":[13],"39":[1],"40":[92],"41":[8204],"42":[7032],"43":[381],"44":[358],"45":[358],"46":[55],"47":[198],"48":[197],"49":[1],"50":[6003],"51":[207],"52":[1],"53":[10],"54":[207],"55":[3],"56":[2],"57":[2],"58":[0],"59":[3],"60":[3],"61":[12],"62":[3],"63":[2],"64":[39],"65":[2],"66":[5],"67":[65],"68":[2930],"69":[100],"70":[4],"71":[613],"72":[613],"73":[5],"74":[2930]},"fnMap":{"0":{"name":"createMockImageBase64","decl":{"start":{"line":188,"column":30},"end":{"line":219,"column":2}},"loc":{"start":{"line":188,"column":30},"end":{"line":219,"column":2}},"line":188},"1":{"name":"createMockThumbnailBase64","decl":{"start":{"line":221,"column":34},"end":{"line":250,"column":2}},"loc":{"start":{"line":221,"column":34},"end":{"line":250,"column":2}},"line":221},"2":{"name":"getKeywords","decl":{"start":{"line":267,"column":4},"end":{"line":272,"column":6}},"loc":{"start":{"line":267,"column":4},"end":{"line":272,"column":6}},"line":267},"3":{"name":"getFrameKeywords","decl":{"start":{"line":274,"column":4},"end":{"line":279,"column":6}},"loc":{"start":{"line":274,"column":4},"end":{"line":279,"column":6}},"line":274},"4":{"name":"getFramesForKeywords","decl":{"start":{"line":281,"column":4},"end":{"line":337,"column":6}},"loc":{"start":{"line":281,"column":4},"end":{"line":337,"column":6}},"line":281},"5":{"name":"getFrameIds","decl":{"start":{"line":339,"column":4},"end":{"line":345,"column":6}},"loc":{"start":{"line":339,"column":4},"end":{"line":345,"column":6}},"line":339},"6":{"name":"getFrame","decl":{"start":{"line":347,"column":4},"end":{"line":354,"column":6}},"loc":{"start":{"line":347,"column":4},"end":{"line":354,"column":6}},"line":347},"7":{"name":"getFrameMetadata","decl":{"start":{"line":356,"column":4},"end":{"line":365,"column":6}},"loc":{"start":{"line":356,"column":4},"end":{"line":365,"column":6}},"line":356},"8":{"name":"getFrameThumbnail","decl":{"start":{"line":367,"column":4},"end":{"line":376,"column":6}},"loc":{"start":{"line":367,"column":4},"end":{"line":376,"column":6}},"line":367},"9":{"name":"getBoundingBoxes","decl":{"start":{"line":378,"column":4},"end":{"line":383,"column":6}},"loc":{"start":{"line":378,"column":4},"end":{"line":383,"column":6}},"line":378},"10":{"name":"getFramesFromCluster","decl":{"start":{"line":385,"column":4},"end":{"line":405,"column":6}},"loc":{"start":{"line":385,"column":4},"end":{"line":405,"column":6}},"line":385},"11":{"name":"base64ToDataUrl","decl":{"start":{"line":407,"column":4},"end":{"line":413,"column":6}},"loc":{"start":{"line":407,"column":4},"end":{"line":413,"column":6}},"line":407},"12":{"name":"renameKeywordForFrame","decl":{"start":{"line":416,"column":4},"end":{"line":432,"column":6}},"loc":{"start":{"line":416,"column":4},"end":{"line":432,"column":6}},"line":416},"13":{"name":"deleteKeywordFromFrame","decl":{"start":{"line":434,"column":4},"end":{"line":452,"column":6}},"loc":{"start":{"line":434,"column":4},"end":{"line":452,"column":6}},"line":434},"14":{"name":"getConfigIds","decl":{"start":{"line":455,"column":4},"end":{"line":460,"column":6}},"loc":{"start":{"line":455,"column":4},"end":{"line":460,"column":6}},"line":455},"15":{"name":"getAlbumIdsForConfig","decl":{"start":{"line":462,"column":4},"end":{"line":470,"column":6}},"loc":{"start":{"line":462,"column":4},"end":{"line":470,"column":6}},"line":462},"16":{"name":"getFramesCountForGroupConfig","decl":{"start":{"line":472,"column":4},"end":{"line":477,"column":6}},"loc":{"start":{"line":472,"column":4},"end":{"line":477,"column":6}},"line":472},"17":{"name":"getFrameIdsForAlbumThumbnail","decl":{"start":{"line":479,"column":4},"end":{"line":488,"column":6}},"loc":{"start":{"line":479,"column":4},"end":{"line":488,"column":6}},"line":479},"18":{"name":"getFrameIdsForGroup","decl":{"start":{"line":490,"column":4},"end":{"line":500,"column":6}},"loc":{"start":{"line":490,"column":4},"end":{"line":500,"column":6}},"line":490},"19":{"name":"debugQualityKeyword","decl":{"start":{"line":503,"column":4},"end":{"line":523,"column":5}},"loc":{"start":{"line":503,"column":4},"end":{"line":523,"column":5}},"line":503},"20":{"name":"delay","decl":{"start":{"line":527,"column":0},"end":{"line":529,"column":1}},"loc":{"start":{"line":527,"column":0},"end":{"line":529,"column":1}},"line":527},"21":{"name":"testMockData","decl":{"start":{"line":540,"column":28},"end":{"line":545,"column":2}},"loc":{"start":{"line":540,"column":28},"end":{"line":545,"column":2}},"line":540}},"f":{"0":0,"1":207,"2":5,"3":175,"4":13,"5":0,"6":0,"7":198,"8":207,"9":0,"10":1,"11":207,"12":0,"13":0,"14":3,"15":2,"16":3,"17":3,"18":3,"19":5,"20":613,"21":5}}
,"C:\\Users\\Administrator\\Repos\\LovableGUI\\keyword-lens\\src\\test\\test-providers.tsx": {"path":"C:\\Users\\Administrator\\Repos\\LovableGUI\\keyword-lens\\src\\test\\test-providers.tsx","all":false,"statementMap":{"0":{"start":{"line":1,"column":0},"end":{"line":1,"column":48}},"3":{"start":{"line":4,"column":0},"end":{"line":4,"column":76}},"4":{"start":{"line":5,"column":0},"end":{"line":5,"column":12}},"5":{"start":{"line":6,"column":0},"end":{"line":6,"column":23}},"6":{"start":{"line":7,"column":0},"end":{"line":7,"column":22}},"7":{"start":{"line":8,"column":0},"end":{"line":8,"column":23}},"10":{"start":{"line":11,"column":0},"end":{"line":11,"column":1}}},"s":{"0":1,"3":1,"4":37,"5":37,"6":37,"7":37,"10":37},"branchMap":{"0":{"type":"branch","line":4,"loc":{"start":{"line":4,"column":7},"end":{"line":11,"column":1}},"locations":[{"start":{"line":4,"column":7},"end":{"line":11,"column":1}}]}},"b":{"0":[37]},"fnMap":{"0":{"name":"TestProviders","decl":{"start":{"line":4,"column":7},"end":{"line":11,"column":1}},"loc":{"start":{"line":4,"column":7},"end":{"line":11,"column":1}},"line":4}},"f":{"0":37}}
,"C:\\Users\\Administrator\\Repos\\LovableGUI\\keyword-lens\\src\\test\\utils.tsx": {"path":"C:\\Users\\Administrator\\Repos\\LovableGUI\\keyword-lens\\src\\test\\utils.tsx","all":false,"statementMap":{"0":{"start":{"line":1,"column":0},"end":{"line":1,"column":75}},"4":{"start":{"line":5,"column":0},"end":{"line":5,"column":49}},"5":{"start":{"line":6,"column":0},"end":{"line":6,"column":23}},"6":{"start":{"line":7,"column":0},"end":{"line":7,"column":21}},"7":{"start":{"line":8,"column":0},"end":{"line":8,"column":44}},"8":{"start":{"line":9,"column":0},"end":{"line":9,"column":58}},"10":{"start":{"line":11,"column":0},"end":{"line":11,"column":39}}},"s":{"0":1,"4":1,"5":1,"6":36,"7":36,"8":36,"10":1},"branchMap":{"0":{"type":"branch","line":6,"loc":{"start":{"line":6,"column":22},"end":{"line":9,"column":58}},"locations":[{"start":{"line":6,"column":22},"end":{"line":9,"column":58}}]}},"b":{"0":[36]},"fnMap":{"0":{"name":"render","decl":{"start":{"line":6,"column":22},"end":{"line":9,"column":58}},"loc":{"start":{"line":6,"column":22},"end":{"line":9,"column":58}},"line":6}},"f":{"0":36}}
,"C:\\Users\\Administrator\\Repos\\LovableGUI\\keyword-lens\\src\\types\\keyword.ts": {"path":"C:\\Users\\Administrator\\Repos\\LovableGUI\\keyword-lens\\src\\types\\keyword.ts","all":true,"statementMap":{"49":{"start":{"line":50,"column":0},"end":{"line":50,"column":1}}},"s":{"49":0},"branchMap":{"0":{"type":"branch","line":1,"loc":{"start":{"line":1,"column":1033},"end":{"line":50,"column":1}},"locations":[{"start":{"line":1,"column":1033},"end":{"line":50,"column":1}}]}},"b":{"0":[1]},"fnMap":{"0":{"name":"(empty-report)","decl":{"start":{"line":1,"column":1033},"end":{"line":50,"column":1}},"loc":{"start":{"line":1,"column":1033},"end":{"line":50,"column":1}},"line":1}},"f":{"0":1}}
}
